2023-01-04 09:58:54,004 | INFO  | Refreshing org.apache.activemq.xbean.XBeanBrokerFactory$1@1a968a59: startup date [Wed Jan 04 09:58:53 UTC 2023]; root of context hierarchy | org.apache.activemq.xbean.XBeanBrokerFactory$1 | main
2023-01-04 09:58:57,371 | INFO  | Using Persistence Adapter: KahaDBPersistenceAdapter[/activemq/activemq-5.15.3/mq1/data/kahadb] | org.apache.activemq.broker.BrokerService | main
2023-01-04 09:58:57,584 | INFO  | PListStore:[/activemq/activemq-5.15.3/mq1/data/brokerB/tmp_storage] started | org.apache.activemq.store.kahadb.plist.PListStoreImpl | main
2023-01-04 09:58:57,824 | INFO  | Apache ActiveMQ 5.15.9 (brokerB, ID:server2-45343-1672826337694-0:1) is starting | org.apache.activemq.broker.BrokerService | main
2023-01-04 09:58:57,863 | INFO  | Listening for connections at: tcp://server2:61616?maximumConnections=1000&wireFormat.maxFrameSize=104857600 | org.apache.activemq.transport.TransportServerThreadSupport | main
2023-01-04 09:58:57,877 | INFO  | Connector openwire started | org.apache.activemq.broker.TransportConnector | main
2023-01-04 09:58:57,888 | INFO  | Listening for connections at: amqp://server2:5672?maximumConnections=1000&wireFormat.maxFrameSize=104857600 | org.apache.activemq.transport.TransportServerThreadSupport | main
2023-01-04 09:58:57,889 | INFO  | Connector amqp started | org.apache.activemq.broker.TransportConnector | main
2023-01-04 09:58:57,896 | INFO  | Listening for connections at: stomp://server2:61613?maximumConnections=1000&wireFormat.maxFrameSize=104857600 | org.apache.activemq.transport.TransportServerThreadSupport | main
2023-01-04 09:58:57,906 | INFO  | Connector stomp started | org.apache.activemq.broker.TransportConnector | main
2023-01-04 09:58:57,910 | INFO  | Listening for connections at: mqtt://server2:1883?maximumConnections=1000&wireFormat.maxFrameSize=104857600 | org.apache.activemq.transport.TransportServerThreadSupport | main
2023-01-04 09:58:57,918 | INFO  | Connector mqtt started | org.apache.activemq.broker.TransportConnector | main
2023-01-04 09:58:57,927 | INFO  | Starting Jetty server | org.apache.activemq.transport.WebTransportServerSupport | main
2023-01-04 09:58:58,007 | INFO  | Creating Jetty connector | org.apache.activemq.transport.WebTransportServerSupport | main
2023-01-04 09:58:58,213 | WARN  | ServletContext@o.e.j.s.ServletContextHandler@1e44b638{/,null,STARTING} has uncovered http methods for path: / | org.eclipse.jetty.security.SecurityHandler | main
2023-01-04 09:58:58,266 | INFO  | Listening for connections at ws://server2:61610?maximumConnections=1000&wireFormat.maxFrameSize=104857600 | org.apache.activemq.transport.ws.WSTransportServer | main
2023-01-04 09:58:58,267 | INFO  | Connector ws started | org.apache.activemq.broker.TransportConnector | main
2023-01-04 09:58:58,268 | INFO  | Apache ActiveMQ 5.15.9 (brokerB, ID:server2-45343-1672826337694-0:1) started | org.apache.activemq.broker.BrokerService | main
2023-01-04 09:58:58,272 | INFO  | For help or more information please see: http://activemq.apache.org | org.apache.activemq.broker.BrokerService | main
2023-01-04 09:58:58,273 | WARN  | Store limit is 102400 mb (current store usage is 0 mb). The data directory: /activemq/activemq-5.15.3/mq1/data/kahadb only has 71437 mb of usable space. - resetting to maximum available disk space: 71437 mb | org.apache.activemq.broker.BrokerService | main
2023-01-04 09:58:59,291 | INFO  | No Spring WebApplicationInitializer types detected on classpath | /admin | main
2023-01-04 09:58:59,457 | INFO  | ActiveMQ WebConsole available at http://0.0.0.0:8161/ | org.apache.activemq.web.WebConsoleStarter | main
2023-01-04 09:58:59,457 | INFO  | ActiveMQ Jolokia REST API available at http://0.0.0.0:8161/api/jolokia/ | org.apache.activemq.web.WebConsoleStarter | main
2023-01-04 09:58:59,521 | INFO  | Initializing Spring FrameworkServlet 'dispatcher' | /admin | main
2023-01-04 09:58:59,873 | INFO  | No Spring WebApplicationInitializer types detected on classpath | /api | main
2023-01-04 09:59:00,053 | INFO  | jolokia-agent: Using policy access restrictor classpath:/jolokia-access.xml | /api | main
2023-01-04 09:59:04,584 | WARN  | Failed to add Connection id=ID:server2-45343-1672826337694-3:1, clientId=ID:server2-45343-1672826337694-3:1 due to {} | org.apache.activemq.broker.TransportConnection | ActiveMQ Transport: tcp:///10.2.0.1:59454@61613
java.lang.SecurityException: User name [admin] or password is invalid.
	at org.apache.activemq.security.SimpleAuthenticationBroker.authenticate(SimpleAuthenticationBroker.java:103)[activemq-broker-5.15.9.jar:5.15.9]
	at org.apache.activemq.security.SimpleAuthenticationBroker.addConnection(SimpleAuthenticationBroker.java:71)[activemq-broker-5.15.9.jar:5.15.9]
	at org.apache.activemq.broker.BrokerFilter.addConnection(BrokerFilter.java:99)[activemq-broker-5.15.9.jar:5.15.9]
	at org.apache.activemq.broker.TransportConnection.processAddConnection(TransportConnection.java:849)[activemq-broker-5.15.9.jar:5.15.9]
	at org.apache.activemq.broker.jmx.ManagedTransportConnection.processAddConnection(ManagedTransportConnection.java:77)[activemq-broker-5.15.9.jar:5.15.9]
	at org.apache.activemq.command.ConnectionInfo.visit(ConnectionInfo.java:139)[activemq-client-5.15.9.jar:5.15.9]
	at org.apache.activemq.broker.TransportConnection.service(TransportConnection.java:336)[activemq-broker-5.15.9.jar:5.15.9]
	at org.apache.activemq.broker.TransportConnection$1.onCommand(TransportConnection.java:200)[activemq-broker-5.15.9.jar:5.15.9]
	at org.apache.activemq.transport.MutexTransport.onCommand(MutexTransport.java:45)[activemq-client-5.15.9.jar:5.15.9]
	at org.apache.activemq.transport.AbstractInactivityMonitor.onCommand(AbstractInactivityMonitor.java:301)[activemq-client-5.15.9.jar:5.15.9]
	at org.apache.activemq.transport.stomp.StompTransportFilter.sendToActiveMQ(StompTransportFilter.java:97)[activemq-stomp-5.15.9.jar:5.15.9]
	at org.apache.activemq.transport.stomp.ProtocolConverter.sendToActiveMQ(ProtocolConverter.java:203)[activemq-stomp-5.15.9.jar:5.15.9]
	at org.apache.activemq.transport.stomp.ProtocolConverter.onStompConnect(ProtocolConverter.java:776)[activemq-stomp-5.15.9.jar:5.15.9]
	at org.apache.activemq.transport.stomp.ProtocolConverter.onStompCommand(ProtocolConverter.java:266)[activemq-stomp-5.15.9.jar:5.15.9]
	at org.apache.activemq.transport.stomp.StompTransportFilter.onCommand(StompTransportFilter.java:85)[activemq-stomp-5.15.9.jar:5.15.9]
	at org.apache.activemq.transport.TransportSupport.doConsume(TransportSupport.java:83)[activemq-client-5.15.9.jar:5.15.9]
	at org.apache.activemq.transport.tcp.TcpTransport.doRun(TcpTransport.java:233)[activemq-client-5.15.9.jar:5.15.9]
	at org.apache.activemq.transport.tcp.TcpTransport.run(TcpTransport.java:215)[activemq-client-5.15.9.jar:5.15.9]
	at java.lang.Thread.run(Thread.java:748)[:1.8.0_242]
2023-01-04 09:59:04,585 | WARN  | Security Error occurred on connection to: tcp://10.2.0.1:59454, User name [admin] or password is invalid. | org.apache.activemq.broker.TransportConnection.Service | ActiveMQ Transport: tcp:///10.2.0.1:59454@61613
2023-01-04 09:59:04,585 | WARN  | Exception occurred processing: CONNECT -> java.lang.SecurityException: User name [admin] or password is invalid. | org.apache.activemq.transport.stomp.ProtocolConverter | ActiveMQ Transport: tcp:///10.2.0.1:59454@61613
2023-01-04 09:59:04,592 | WARN  | Transport Connection to: tcp://10.2.0.1:59454 failed: java.io.IOException: User name [admin] or password is invalid. | org.apache.activemq.broker.TransportConnection.Transport | ActiveMQ Transport: tcp:///10.2.0.1:59454@61613
2023-01-04 09:59:06,585 | INFO  | Stopping tcp://10.2.0.1:59454 because Failed with SecurityException: User name [admin] or password is invalid. | org.apache.activemq.broker.TransportConnection | ActiveMQ BrokerService[brokerB] Task-1
