INFO  [main] 2022-11-14 08:39:41,240 YamlConfigurationLoader.java:89 - Configuration location: file:/cassandra/apache-cassandra-3.11.6/conf/cassandra.yaml
INFO  [main] 2022-11-14 08:39:41,758 Config.java:516 - Node configuration:[allocate_tokens_for_keyspace=null; authenticator=AllowAllAuthenticator; authorizer=AllowAllAuthorizer; auto_bootstrap=true; auto_snapshot=true; back_pressure_enabled=false; back_pressure_strategy=null; batch_size_fail_threshold_in_kb=50; batch_size_warn_threshold_in_kb=5; batchlog_replay_throttle_in_kb=1024; broadcast_address=null; broadcast_rpc_address=null; buffer_pool_use_heap_if_exhausted=true; cas_contention_timeout_in_ms=1000; cdc_enabled=false; cdc_free_space_check_interval_ms=250; cdc_raw_directory=null; cdc_total_space_in_mb=0; client_encryption_options=<REDACTED>; cluster_name=Test Cluster; column_index_cache_size_in_kb=2; column_index_size_in_kb=64; commit_failure_policy=stop; commitlog_compression=null; commitlog_directory=/opt/cassandra/commitlog_directory; commitlog_max_compression_buffers_in_pool=3; commitlog_periodic_queue_size=-1; commitlog_segment_size_in_mb=32; commitlog_sync=periodic; commitlog_sync_batch_window_in_ms=NaN; commitlog_sync_period_in_ms=10000; commitlog_total_space_in_mb=null; compaction_large_partition_warning_threshold_mb=100; compaction_throughput_mb_per_sec=16; concurrent_compactors=null; concurrent_counter_writes=32; concurrent_materialized_view_writes=32; concurrent_reads=32; concurrent_replicates=null; concurrent_writes=32; counter_cache_keys_to_save=2147483647; counter_cache_save_period=7200; counter_cache_size_in_mb=null; counter_write_request_timeout_in_ms=5000; credentials_cache_max_entries=1000; credentials_update_interval_in_ms=-1; credentials_validity_in_ms=2000; cross_node_timeout=false; data_file_directories=[Ljava.lang.String;@3c87521; disk_access_mode=auto; disk_failure_policy=stop; disk_optimization_estimate_percentile=0.95; disk_optimization_page_cross_chance=0.1; disk_optimization_strategy=ssd; dynamic_snitch=true; dynamic_snitch_badness_threshold=0.1; dynamic_snitch_reset_interval_in_ms=600000; dynamic_snitch_update_interval_in_ms=100; enable_materialized_views=true; enable_sasi_indexes=true; enable_scripted_user_defined_functions=false; enable_user_defined_functions=true; enable_user_defined_functions_threads=true; encryption_options=null; endpoint_snitch=SimpleSnitch; file_cache_round_up=null; file_cache_size_in_mb=null; gc_log_threshold_in_ms=200; gc_warn_threshold_in_ms=1000; hinted_handoff_disabled_datacenters=[]; hinted_handoff_enabled=true; hinted_handoff_throttle_in_kb=1024; hints_compression=null; hints_directory=/opt/cassandra/hints_directory; hints_flush_period_in_ms=10000; incremental_backups=false; index_interval=null; index_summary_capacity_in_mb=null; index_summary_resize_interval_in_minutes=60; initial_token=null; inter_dc_stream_throughput_outbound_megabits_per_sec=200; inter_dc_tcp_nodelay=false; internode_authenticator=null; internode_compression=dc; internode_recv_buff_size_in_bytes=0; internode_send_buff_size_in_bytes=0; key_cache_keys_to_save=2147483647; key_cache_save_period=14400; key_cache_size_in_mb=null; listen_address=10.21.0.2; listen_interface=null; listen_interface_prefer_ipv6=false; listen_on_broadcast_address=false; max_hint_window_in_ms=10800000; max_hints_delivery_threads=2; max_hints_file_size_in_mb=128; max_mutation_size_in_kb=null; max_streaming_retries=3; max_value_size_in_mb=256; memtable_allocation_type=heap_buffers; memtable_cleanup_threshold=null; memtable_flush_writers=0; memtable_heap_space_in_mb=null; memtable_offheap_space_in_mb=null; min_free_space_per_drive_in_mb=50; native_transport_flush_in_batches_legacy=true; native_transport_max_concurrent_connections=-1; native_transport_max_concurrent_connections_per_ip=-1; native_transport_max_concurrent_requests_in_bytes=-1; native_transport_max_concurrent_requests_in_bytes_per_ip=-1; native_transport_max_frame_size_in_mb=256; native_transport_max_negotiable_protocol_version=-2147483648; native_transport_max_threads=128; native_transport_port=9042; native_transport_port_ssl=null; num_tokens=256; otc_backlog_expiration_interval_ms=200; otc_coalescing_enough_coalesced_messages=8; otc_coalescing_strategy=DISABLED; otc_coalescing_window_us=200; partitioner=org.apache.cassandra.dht.Murmur3Partitioner; permissions_cache_max_entries=1000; permissions_update_interval_in_ms=-1; permissions_validity_in_ms=2000; phi_convict_threshold=8.0; prepared_statements_cache_size_mb=null; range_request_timeout_in_ms=10000; read_request_timeout_in_ms=5000; repair_session_max_tree_depth=18; request_scheduler=org.apache.cassandra.scheduler.NoScheduler; request_scheduler_id=null; request_scheduler_options=null; request_timeout_in_ms=10000; role_manager=CassandraRoleManager; roles_cache_max_entries=1000; roles_update_interval_in_ms=-1; roles_validity_in_ms=2000; row_cache_class_name=org.apache.cassandra.cache.OHCProvider; row_cache_keys_to_save=2147483647; row_cache_save_period=0; row_cache_size_in_mb=0; rpc_address=10.21.0.2; rpc_interface=null; rpc_interface_prefer_ipv6=false; rpc_keepalive=true; rpc_listen_backlog=50; rpc_max_threads=2147483647; rpc_min_threads=16; rpc_port=9160; rpc_recv_buff_size_in_bytes=null; rpc_send_buff_size_in_bytes=null; rpc_server_type=sync; saved_caches_directory=/opt/cassandra/saved_caches_directory; seed_provider=org.apache.cassandra.locator.SimpleSeedProvider{seeds=10.21.0.3}; server_encryption_options=<REDACTED>; slow_query_log_timeout_in_ms=500; snapshot_before_compaction=false; ssl_storage_port=7001; sstable_preemptive_open_interval_in_mb=50; start_native_transport=true; start_rpc=true; storage_port=7000; stream_throughput_outbound_megabits_per_sec=200; streaming_keep_alive_period_in_secs=300; streaming_socket_timeout_in_ms=86400000; thrift_framed_transport_size_in_mb=15; thrift_max_message_length_in_mb=16; thrift_prepared_statements_cache_size_mb=null; tombstone_failure_threshold=100000; tombstone_warn_threshold=1000; tracetype_query_ttl=86400; tracetype_repair_ttl=604800; transparent_data_encryption_options=org.apache.cassandra.config.TransparentDataEncryptionOptions@2aece37d; trickle_fsync=false; trickle_fsync_interval_in_kb=10240; truncate_request_timeout_in_ms=60000; unlogged_batch_across_partitions_warn_threshold=10; user_defined_function_fail_timeout=1500; user_defined_function_warn_timeout=500; user_function_timeout_policy=die; windows_timer_interval=1; write_request_timeout_in_ms=2000]
INFO  [main] 2022-11-14 08:39:41,761 DatabaseDescriptor.java:381 - DiskAccessMode 'auto' determined to be mmap, indexAccessMode is mmap
INFO  [main] 2022-11-14 08:39:41,762 DatabaseDescriptor.java:439 - Global memtable on-heap threshold is enabled at 489MB
INFO  [main] 2022-11-14 08:39:41,762 DatabaseDescriptor.java:443 - Global memtable off-heap threshold is enabled at 489MB
WARN  [main] 2022-11-14 08:39:41,949 DatabaseDescriptor.java:579 - Only 45.292GiB free across all data volumes. Consider adding more capacity to your cluster or removing obsolete snapshots
INFO  [main] 2022-11-14 08:39:42,037 RateBasedBackPressure.java:123 - Initialized back-pressure with high ratio: 0.9, factor: 5, flow: FAST, window size: 2000.
INFO  [main] 2022-11-14 08:39:42,038 DatabaseDescriptor.java:773 - Back-pressure is disabled with strategy null.
INFO  [main] 2022-11-14 08:39:42,246 JMXServerUtils.java:246 - Configured JMX server at: service:jmx:rmi://127.0.0.1/jndi/rmi://127.0.0.1:7199/jmxrmi
INFO  [main] 2022-11-14 08:39:42,279 CassandraDaemon.java:489 - Hostname: server2
INFO  [main] 2022-11-14 08:39:42,285 CassandraDaemon.java:496 - JVM vendor/version: OpenJDK 64-Bit Server VM/1.8.0_242
INFO  [main] 2022-11-14 08:39:42,288 CassandraDaemon.java:497 - Heap size: 1.912GiB/1.912GiB
INFO  [main] 2022-11-14 08:39:42,292 CassandraDaemon.java:502 - Code Cache Non-heap memory: init = 2555904(2496K) used = 4571584(4464K) committed = 4587520(4480K) max = 251658240(245760K)
INFO  [main] 2022-11-14 08:39:42,293 CassandraDaemon.java:502 - Metaspace Non-heap memory: init = 0(0K) used = 17513480(17103K) committed = 18087936(17664K) max = -1(-1K)
INFO  [main] 2022-11-14 08:39:42,296 CassandraDaemon.java:502 - Compressed Class Space Non-heap memory: init = 0(0K) used = 2104744(2055K) committed = 2359296(2304K) max = 1073741824(1048576K)
INFO  [main] 2022-11-14 08:39:42,309 CassandraDaemon.java:502 - Par Eden Space Heap memory: init = 167772160(163840K) used = 83902912(81936K) committed = 167772160(163840K) max = 167772160(163840K)
INFO  [main] 2022-11-14 08:39:42,309 CassandraDaemon.java:502 - Par Survivor Space Heap memory: init = 20971520(20480K) used = 0(0K) committed = 20971520(20480K) max = 20971520(20480K)
INFO  [main] 2022-11-14 08:39:42,310 CassandraDaemon.java:502 - CMS Old Gen Heap memory: init = 1864368128(1820672K) used = 0(0K) committed = 1864368128(1820672K) max = 1864368128(1820672K)
INFO  [main] 2022-11-14 08:39:42,311 CassandraDaemon.java:504 - Classpath: bin/../conf:bin/../build/classes/main:bin/../build/classes/thrift:bin/../lib/HdrHistogram-2.1.9.jar:bin/../lib/ST4-4.0.8.jar:bin/../lib/airline-0.6.jar:bin/../lib/antlr-runtime-3.5.2.jar:bin/../lib/apache-cassandra-3.11.6.jar:bin/../lib/apache-cassandra-thrift-3.11.6.jar:bin/../lib/asm-5.0.4.jar:bin/../lib/caffeine-2.2.6.jar:bin/../lib/cassandra-driver-core-3.0.1-shaded.jar:bin/../lib/commons-cli-1.1.jar:bin/../lib/commons-codec-1.9.jar:bin/../lib/commons-lang3-3.1.jar:bin/../lib/commons-math3-3.2.jar:bin/../lib/compress-lzf-0.8.4.jar:bin/../lib/concurrent-trees-2.4.0.jar:bin/../lib/concurrentlinkedhashmap-lru-1.4.jar:bin/../lib/disruptor-3.0.1.jar:bin/../lib/ecj-4.4.2.jar:bin/../lib/guava-18.0.jar:bin/../lib/high-scale-lib-1.0.6.jar:bin/../lib/hppc-0.5.4.jar:bin/../lib/jackson-core-asl-1.9.13.jar:bin/../lib/jackson-mapper-asl-1.9.13.jar:bin/../lib/jamm-0.3.0.jar:bin/../lib/javax.inject.jar:bin/../lib/jbcrypt-0.3m.jar:bin/../lib/jcl-over-slf4j-1.7.7.jar:bin/../lib/jctools-core-1.2.1.jar:bin/../lib/jflex-1.6.0.jar:bin/../lib/jna-4.2.2.jar:bin/../lib/joda-time-2.4.jar:bin/../lib/json-simple-1.1.jar:bin/../lib/jstackjunit-0.0.1.jar:bin/../lib/libthrift-0.9.2.jar:bin/../lib/log4j-over-slf4j-1.7.7.jar:bin/../lib/logback-classic-1.1.3.jar:bin/../lib/logback-core-1.1.3.jar:bin/../lib/lz4-1.3.0.jar:bin/../lib/metrics-core-3.1.5.jar:bin/../lib/metrics-jvm-3.1.5.jar:bin/../lib/metrics-logback-3.1.5.jar:bin/../lib/netty-all-4.0.44.Final.jar:bin/../lib/ohc-core-0.4.4.jar:bin/../lib/ohc-core-j8-0.4.4.jar:bin/../lib/reporter-config-base-3.0.3.jar:bin/../lib/reporter-config3-3.0.3.jar:bin/../lib/sigar-1.6.4.jar:bin/../lib/slf4j-api-1.7.7.jar:bin/../lib/snakeyaml-1.11.jar:bin/../lib/snappy-java-1.1.1.7.jar:bin/../lib/snowball-stemmer-1.3.0.581.1.jar:bin/../lib/stream-2.5.2.jar:bin/../lib/thrift-server-0.3.7.jar:bin/../lib/jsr223/*/*.jar:bin/../lib/jamm-0.3.0.jar
INFO  [main] 2022-11-14 08:39:42,313 CassandraDaemon.java:506 - JVM Arguments: [-Xloggc:bin/../logs/gc.log, -ea, -XX:+UseThreadPriorities, -XX:ThreadPriorityPolicy=42, -XX:+HeapDumpOnOutOfMemoryError, -Xss256k, -XX:StringTableSize=1000003, -XX:+AlwaysPreTouch, -XX:-UseBiasedLocking, -XX:+UseTLAB, -XX:+ResizeTLAB, -XX:+UseNUMA, -XX:+PerfDisableSharedMem, -Djava.net.preferIPv4Stack=true, -XX:+UseParNewGC, -XX:+UseConcMarkSweepGC, -XX:+CMSParallelRemarkEnabled, -XX:SurvivorRatio=8, -XX:MaxTenuringThreshold=1, -XX:CMSInitiatingOccupancyFraction=75, -XX:+UseCMSInitiatingOccupancyOnly, -XX:CMSWaitDuration=10000, -XX:+CMSParallelInitialMarkEnabled, -XX:+CMSEdenChunksRecordAlways, -XX:+CMSClassUnloadingEnabled, -XX:+PrintGCDetails, -XX:+PrintGCDateStamps, -XX:+PrintHeapAtGC, -XX:+PrintTenuringDistribution, -XX:+PrintGCApplicationStoppedTime, -XX:+PrintPromotionFailure, -XX:+UseGCLogFileRotation, -XX:NumberOfGCLogFiles=10, -XX:GCLogFileSize=10M, -Xms1978M, -Xmx1978M, -Xmn200M, -XX:+UseCondCardMark, -XX:CompileCommandFile=bin/../conf/hotspot_compiler, -javaagent:bin/../lib/jamm-0.3.0.jar, -Dcassandra.jmx.local.port=7199, -Dcom.sun.management.jmxremote.authenticate=false, -Dcom.sun.management.jmxremote.password.file=/etc/cassandra/jmxremote.password, -Djava.library.path=bin/../lib/sigar-bin, -Dcassandra.libjemalloc=/usr/lib/x86_64-linux-gnu/libjemalloc.so.1, -XX:OnOutOfMemoryError=kill -9 %p, -Dlogback.configurationFile=logback.xml, -Dcassandra.logdir=bin/../logs, -Dcassandra.storagedir=bin/../data]
WARN  [main] 2022-11-14 08:39:42,441 NativeLibrary.java:189 - Unable to lock JVM memory (ENOMEM). This can result in part of the JVM being swapped out, especially with mmapped I/O enabled. Increase RLIMIT_MEMLOCK or run Cassandra as root.
INFO  [main] 2022-11-14 08:39:42,443 StartupChecks.java:140 - jemalloc seems to be preloaded from /usr/lib/x86_64-linux-gnu/libjemalloc.so.1
WARN  [main] 2022-11-14 08:39:42,443 StartupChecks.java:169 - JMX is not enabled to receive remote connections. Please see cassandra-env.sh for more info.
INFO  [main] 2022-11-14 08:39:42,451 SigarLibrary.java:44 - Initializing SIGAR library
WARN  [main] 2022-11-14 08:39:42,490 SigarLibrary.java:174 - Cassandra server running in degraded mode. Is swap disabled? : false,  Address space adequate? : true,  nofile limit adequate? : true, nproc limit adequate? : true 
WARN  [main] 2022-11-14 08:39:42,496 StartupChecks.java:311 - Maximum number of memory map areas per process (vm.max_map_count) 65530 is too low, recommended value: 1048575, you can change it with sysctl.
WARN  [main] 2022-11-14 08:39:42,512 StartupChecks.java:332 - Directory /opt/cassandra/hints_directory doesn't exist
INFO  [main] 2022-11-14 08:39:42,568 QueryProcessor.java:116 - Initialized prepared statement caches with 10 MB (native) and 10 MB (Thrift)
INFO  [main] 2022-11-14 08:39:43,279 ColumnFamilyStore.java:427 - Initializing system.IndexInfo
INFO  [main] 2022-11-14 08:39:44,935 ColumnFamilyStore.java:427 - Initializing system.batches
INFO  [main] 2022-11-14 08:39:44,952 ColumnFamilyStore.java:427 - Initializing system.paxos
INFO  [main] 2022-11-14 08:39:44,964 ColumnFamilyStore.java:427 - Initializing system.local
INFO  [main] 2022-11-14 08:39:44,973 ColumnFamilyStore.java:427 - Initializing system.peers
INFO  [main] 2022-11-14 08:39:44,981 ColumnFamilyStore.java:427 - Initializing system.peer_events
INFO  [main] 2022-11-14 08:39:44,995 ColumnFamilyStore.java:427 - Initializing system.range_xfers
INFO  [main] 2022-11-14 08:39:45,000 ColumnFamilyStore.java:427 - Initializing system.compaction_history
INFO  [main] 2022-11-14 08:39:45,012 ColumnFamilyStore.java:427 - Initializing system.sstable_activity
INFO  [main] 2022-11-14 08:39:45,019 ColumnFamilyStore.java:427 - Initializing system.size_estimates
INFO  [main] 2022-11-14 08:39:45,024 ColumnFamilyStore.java:427 - Initializing system.available_ranges
INFO  [main] 2022-11-14 08:39:45,031 ColumnFamilyStore.java:427 - Initializing system.transferred_ranges
INFO  [main] 2022-11-14 08:39:45,037 ColumnFamilyStore.java:427 - Initializing system.views_builds_in_progress
INFO  [main] 2022-11-14 08:39:45,042 ColumnFamilyStore.java:427 - Initializing system.built_views
INFO  [main] 2022-11-14 08:39:45,046 ColumnFamilyStore.java:427 - Initializing system.hints
INFO  [main] 2022-11-14 08:39:45,051 ColumnFamilyStore.java:427 - Initializing system.batchlog
INFO  [main] 2022-11-14 08:39:45,056 ColumnFamilyStore.java:427 - Initializing system.prepared_statements
INFO  [main] 2022-11-14 08:39:45,060 ColumnFamilyStore.java:427 - Initializing system.schema_keyspaces
INFO  [main] 2022-11-14 08:39:45,065 ColumnFamilyStore.java:427 - Initializing system.schema_columnfamilies
INFO  [main] 2022-11-14 08:39:45,070 ColumnFamilyStore.java:427 - Initializing system.schema_columns
INFO  [main] 2022-11-14 08:39:45,075 ColumnFamilyStore.java:427 - Initializing system.schema_triggers
INFO  [main] 2022-11-14 08:39:45,079 ColumnFamilyStore.java:427 - Initializing system.schema_usertypes
INFO  [main] 2022-11-14 08:39:45,086 ColumnFamilyStore.java:427 - Initializing system.schema_functions
INFO  [main] 2022-11-14 08:39:45,091 ColumnFamilyStore.java:427 - Initializing system.schema_aggregates
INFO  [main] 2022-11-14 08:39:45,093 ViewManager.java:137 - Not submitting build tasks for views in keyspace system as storage service is not initialized
INFO  [main] 2022-11-14 08:39:45,157 ApproximateTime.java:44 - Scheduling approximate time-check task with a precision of 10 milliseconds
INFO  [main] 2022-11-14 08:39:45,193 ColumnFamilyStore.java:427 - Initializing system_schema.keyspaces
INFO  [main] 2022-11-14 08:39:45,198 ColumnFamilyStore.java:427 - Initializing system_schema.tables
INFO  [main] 2022-11-14 08:39:45,202 ColumnFamilyStore.java:427 - Initializing system_schema.columns
INFO  [main] 2022-11-14 08:39:45,205 ColumnFamilyStore.java:427 - Initializing system_schema.triggers
INFO  [main] 2022-11-14 08:39:45,210 ColumnFamilyStore.java:427 - Initializing system_schema.dropped_columns
INFO  [main] 2022-11-14 08:39:45,217 ColumnFamilyStore.java:427 - Initializing system_schema.views
INFO  [main] 2022-11-14 08:39:45,223 ColumnFamilyStore.java:427 - Initializing system_schema.types
INFO  [main] 2022-11-14 08:39:45,230 ColumnFamilyStore.java:427 - Initializing system_schema.functions
INFO  [main] 2022-11-14 08:39:45,235 ColumnFamilyStore.java:427 - Initializing system_schema.aggregates
INFO  [main] 2022-11-14 08:39:45,240 ColumnFamilyStore.java:427 - Initializing system_schema.indexes
INFO  [main] 2022-11-14 08:39:45,242 ViewManager.java:137 - Not submitting build tasks for views in keyspace system_schema as storage service is not initialized
INFO  [MemtableFlushWriter:1] 2022-11-14 08:39:45,585 CacheService.java:100 - Initializing key cache with capacity of 97 MBs.
INFO  [MemtableFlushWriter:1] 2022-11-14 08:39:45,590 CacheService.java:122 - Initializing row cache with capacity of 0 MBs
INFO  [MemtableFlushWriter:1] 2022-11-14 08:39:45,593 CacheService.java:151 - Initializing counter cache with capacity of 48 MBs
INFO  [MemtableFlushWriter:1] 2022-11-14 08:39:45,593 CacheService.java:162 - Scheduling counter cache save to every 7200 seconds (going to save all keys).
INFO  [main] 2022-11-14 08:39:45,742 StorageService.java:639 - Populating token metadata from system tables
INFO  [CompactionExecutor:2] 2022-11-14 08:39:45,757 BufferPool.java:234 - Global buffer pool is enabled, when pool is exhausted (max is 489.000MiB) it will allocate on heap
INFO  [main] 2022-11-14 08:39:45,805 StorageService.java:646 - Token metadata: 
INFO  [main] 2022-11-14 08:39:45,861 AutoSavingCache.java:174 - Completed loading (12 ms; 4 keys) KeyCache cache
INFO  [main] 2022-11-14 08:39:45,878 CommitLog.java:142 - No commitlog files found; skipping replay
INFO  [main] 2022-11-14 08:39:45,878 StorageService.java:639 - Populating token metadata from system tables
INFO  [main] 2022-11-14 08:39:45,898 StorageService.java:646 - Token metadata: 
INFO  [main] 2022-11-14 08:39:46,034 QueryProcessor.java:163 - Preloaded 0 prepared statements
INFO  [main] 2022-11-14 08:39:46,034 StorageService.java:657 - Cassandra version: 3.11.6
INFO  [main] 2022-11-14 08:39:46,035 StorageService.java:658 - Thrift API version: 20.1.0
INFO  [main] 2022-11-14 08:39:46,035 StorageService.java:659 - CQL supported versions: 3.4.4 (default: 3.4.4)
INFO  [main] 2022-11-14 08:39:46,035 StorageService.java:661 - Native protocol supported versions: 3/v3, 4/v4, 5/v5-beta (default: 4/v4)
INFO  [main] 2022-11-14 08:39:46,065 IndexSummaryManager.java:87 - Initializing index summary manager with a memory pool size of 97 MB and a resize interval of 60 minutes
INFO  [main] 2022-11-14 08:39:46,082 MessagingService.java:750 - Starting Messaging Service on /10.21.0.2:7000 (eth0)
WARN  [main] 2022-11-14 08:39:46,087 SystemKeyspace.java:1130 - No host ID found, created aa32174c-7669-4c5e-8599-70200fa1f3b2 (Note: This should happen exactly once per node).
INFO  [main] 2022-11-14 08:39:46,102 OutboundTcpConnection.java:108 - OutboundTcpConnection using coalescing strategy DISABLED
INFO  [HANDSHAKE-/10.21.0.3] 2022-11-14 08:39:46,124 OutboundTcpConnection.java:561 - Handshaking version with /10.21.0.3
INFO  [main] 2022-11-14 08:39:47,128 StorageService.java:743 - Loading persisted ring state
INFO  [main] 2022-11-14 08:39:47,129 StorageService.java:871 - Starting up server gossip
INFO  [main] 2022-11-14 08:39:47,228 StorageService.java:1478 - JOINING: waiting for ring information
INFO  [HANDSHAKE-/10.21.0.3] 2022-11-14 08:39:48,163 OutboundTcpConnection.java:561 - Handshaking version with /10.21.0.3
INFO  [GossipStage:1] 2022-11-14 08:39:48,995 Gossiper.java:1127 - Node /10.21.0.3 is now part of the cluster
INFO  [GossipStage:1] 2022-11-14 08:39:49,059 TokenMetadata.java:497 - Updating topology for /10.21.0.3
INFO  [GossipStage:1] 2022-11-14 08:39:49,060 TokenMetadata.java:497 - Updating topology for /10.21.0.3
WARN  [MigrationStage:1] 2022-11-14 08:39:49,062 MigrationTask.java:67 - Can't send schema pull request: node /10.21.0.3 is down.
WARN  [MigrationStage:1] 2022-11-14 08:39:49,062 MigrationTask.java:67 - Can't send schema pull request: node /10.21.0.3 is down.
INFO  [GossipStage:1] 2022-11-14 08:39:49,063 Gossiper.java:1089 - InetAddress /10.21.0.3 is now UP
INFO  [InternalResponseStage:1] 2022-11-14 08:39:49,320 ViewManager.java:137 - Not submitting build tasks for views in keyspace system_traces as storage service is not initialized
INFO  [InternalResponseStage:1] 2022-11-14 08:39:49,324 ColumnFamilyStore.java:427 - Initializing system_traces.events
INFO  [InternalResponseStage:1] 2022-11-14 08:39:49,366 ColumnFamilyStore.java:427 - Initializing system_traces.sessions
INFO  [InternalResponseStage:1] 2022-11-14 08:39:49,390 ViewManager.java:137 - Not submitting build tasks for views in keyspace system_distributed as storage service is not initialized
INFO  [InternalResponseStage:1] 2022-11-14 08:39:49,393 ColumnFamilyStore.java:427 - Initializing system_distributed.parent_repair_history
INFO  [InternalResponseStage:1] 2022-11-14 08:39:49,406 ColumnFamilyStore.java:427 - Initializing system_distributed.repair_history
INFO  [InternalResponseStage:1] 2022-11-14 08:39:49,418 ColumnFamilyStore.java:427 - Initializing system_distributed.view_build_status
INFO  [InternalResponseStage:1] 2022-11-14 08:39:49,427 ViewManager.java:137 - Not submitting build tasks for views in keyspace system_auth as storage service is not initialized
INFO  [InternalResponseStage:1] 2022-11-14 08:39:49,430 ColumnFamilyStore.java:427 - Initializing system_auth.resource_role_permissons_index
INFO  [InternalResponseStage:1] 2022-11-14 08:39:49,436 ColumnFamilyStore.java:427 - Initializing system_auth.role_members
INFO  [InternalResponseStage:1] 2022-11-14 08:39:49,440 ColumnFamilyStore.java:427 - Initializing system_auth.role_permissions
INFO  [InternalResponseStage:1] 2022-11-14 08:39:49,445 ColumnFamilyStore.java:427 - Initializing system_auth.roles
INFO  [main] 2022-11-14 08:39:50,230 StorageService.java:1478 - JOINING: waiting for schema information to complete
INFO  [main] 2022-11-14 08:39:50,231 StorageService.java:1478 - JOINING: schema complete, ready to bootstrap
INFO  [main] 2022-11-14 08:39:50,231 StorageService.java:1478 - JOINING: waiting for pending range calculation
INFO  [main] 2022-11-14 08:39:50,231 StorageService.java:1478 - JOINING: calculation complete, ready to bootstrap
INFO  [main] 2022-11-14 08:39:50,234 StorageService.java:1478 - JOINING: getting bootstrap token
INFO  [main] 2022-11-14 08:39:50,238 BootStrapper.java:228 - Generated random tokens. tokens are [-2367481983302598244, -8007294253072125633, 3820602415269354634, 996781694411497590, 8369309675041529581, 7118200350412034310, 5319130421443285811, -1979839790627383850, -3376806194256586134, -3648986868863899657, 8614024032179767900, -7528161929563222534, 2730222842788521187, -8567026097121945711, 1860138059075985445, -6905106568830984016, -8630364584277601488, 832605812941791585, 1863698003618886345, 6853890529504713400, 5287541922676632621, -5287352208193945155, 7112618088825558400, 5337419867333431991, -7252029820332148050, -5119857263415651492, -8323357927705104157, 3872020114295804805, 1671001742538526502, 7315546203729916031, -3810382507347979973, 7561086906446398030, 8043011391911716532, -5591605105938625373, -6057139540261330992, -8872327837927961, 4510564609868095479, -6149047864322901672, -7669131402837841326, -6090855028069834294, 5087987605966149182, 3361920920213978109, -4604809184852544426, -5170460719938996261, -1019414847399584793, -7644869594464456729, 7773819505470137235, -5588368562288102252, -3109820319440537571, -4421924868964633128, -8881394044982920882, -8482419319113625386, -976310128710682469, 1961359706316900054, -7089136670235452846, 4147329915089368638, 7238518463472071032, -6343885647492563072, -6423858261120869847, -5685790904690799873, 5331552653642386642, 2398492003503561613, 3789840979091781981, 5375033057021635383, 3101512937753757171, -5911595657479622475, -4252023837776883595, -8482708829426094209, 6174024677497555751, -4793195131188421640, 1876812761775071810, 982039763621330220, -310208310419445475, 4349105559894282901, 3721494858985063381, -5551295437942317467, 3354669544252478407, -3044340198035687099, 2708034772536999439, 43709724878298471, 3986731327975370778, 6509855799107795314, 3521363911062385764, -86030869543569376, 1603977601557442380, 5826699820158372270, 6668828662907778276, -3557162973782152574, 3423595955739549958, -3042800749912591732, 1441095919760053455, 3440440446082804984, 5724714063146990685, -753291437326351989, -1738507578060225642, -6075077839167944167, 1170874468798728588, -3140578158879266107, 6823678554513673275, -5649720703342558536, 7573539433517585681, -3737074612960044547, -2249171127305749727, 3431709846674157467, -204453320797284466, -2007612095072942593, 1791280083498291094, 6540695127840495757, 7692866649110775773, -585707133518813885, 404799472661085319, 7708851162708695280, -3706473557605341644, 2894350353497314053, -6993725668435502596, 4658983013430276668, 9017155403743779443, -2203950177731882798, -5865073396441434835, 3820354839018457148, -7483560906658560431, -4333928607678897486, 8198981807098395229, -8939780082468072443, 7995305234734875370, -3824745702924149496, 1916852493819287982, -5673007949783912498, 5040061349075602894, 658712043634639583, -2331237891266034701, 2172433223414338685, 3614721752979688285, -223061575404509257, -687587465320057296, -3412513358869432371, 8181313329524339158, 4615673248075782030, -2380954136742778913, 4842247563451798195, -373169355108686336, -2993778395949787099, -2840816031968900838, 2641503001565203488, 941157402630931508, 4142322841285094660, -820049285346804589, 6913172683446465274, 228136486404223118, 7310571800033485304, -8816617921691646194, -4898263752331681243, -1967407880460111440, 5762001578410375511, -9055796915943545142, -862731946504189738, 1817707597220910214, 4306079389395499289, -4527950600286515312, 3617710919292718491, -7707230298006725128, -6122396671427433196, -3705635407612411441, 1986432382204631752, -7522396254319705818, -817228573835359962, 2189128606815313189, 941832593697219744, -2337277990294520835, -1229235571726868854, 5321809804829379144, -3080991012215833564, -2591053984618483829, -5828830627800015053, 648915709344179103, -8509844463593521507, 5965629272082241923, 3665866727407731921, -6667502633013850703, 4242122308480438014, -7819543553996098328, 5615648331405279237, 1027644736974740732, 5292598702438753249, 3621188511453487885, 6209090064410848853, -2487749822896450415, -8614836782112979807, 4414764308836002728, -3420564511981981350, -4946315323754796345, -568691117306599140, -8279456825214730644, 5400169334439604442, -8481502881200964161, 3086174428790490648, 8102731581711348808, -8568439499786896892, -4635057390013222468, -88569383531649606, 8514761074755837340, -2159595620390996317, -416799652344679377, -1022854263899168641, 8553375858911298036, -3605724601643534904, 4657004018538442703, 594937229619313285, -5145597166444015795, -2517488323959984850, -7233365059612157973, 7935362528918436741, 613288674352321645, 2715844731664993405, 8145359881068856274, -5863284563396140179, -3155641862466346845, 1924394536123657471, -1253171433293699125, -1452365923836638376, -2062362429351651592, -7721305857589215212, 8617682224332346614, -5228408695797378214, -6902465550352813706, 3251266902159671698, 8882384140953828301, -5769513837545458187, 482162744259837065, 1840897927498066158, -5128473413633140260, -4295647819241211570, -7780994197535918923, 8264465831860375270, 7605415256393007134, 962289256391601173, 8848757261144819952, 8772693028104603146, 3941386442269476734, -6075779354663595723, -3972979621150003090, 8985069226249876826, -956395108797928451, -1213695601723665085, 9156164961189668839, -2238523310470747628, 1808685535196009129, 1927632206022679545, -4022167160916463152, -2205159810449177737, 49356860447286432, 2238811260606924166, 7100126826798471502, -6562202501553824714, 7088467325106989102, 8734733555845522175]
INFO  [main] 2022-11-14 08:39:50,287 StorageService.java:1478 - JOINING: sleeping 30000 ms for pending range setup
INFO  [MigrationStage:1] 2022-11-14 08:40:13,836 ViewManager.java:137 - Not submitting build tasks for views in keyspace test as storage service is not initialized
INFO  [MigrationStage:1] 2022-11-14 08:40:14,103 ColumnFamilyStore.java:427 - Initializing test.test
