INFO  [main] 2023-01-11 03:35:50,439 YamlConfigurationLoader.java:89 - Configuration location: file:/cassandra/apache-cassandra-3.11.6/conf/cassandra.yaml
INFO  [main] 2023-01-11 03:35:50,583 Config.java:516 - Node configuration:[allocate_tokens_for_keyspace=null; authenticator=AllowAllAuthenticator; authorizer=AllowAllAuthorizer; auto_bootstrap=true; auto_snapshot=true; back_pressure_enabled=false; back_pressure_strategy=null; batch_size_fail_threshold_in_kb=50; batch_size_warn_threshold_in_kb=5; batchlog_replay_throttle_in_kb=1024; broadcast_address=null; broadcast_rpc_address=null; buffer_pool_use_heap_if_exhausted=true; cas_contention_timeout_in_ms=1000; cdc_enabled=false; cdc_free_space_check_interval_ms=250; cdc_raw_directory=null; cdc_total_space_in_mb=0; client_encryption_options=<REDACTED>; cluster_name=Test Cluster; column_index_cache_size_in_kb=2; column_index_size_in_kb=64; commit_failure_policy=stop; commitlog_compression=null; commitlog_directory=/opt/cassandra/commitlog_directory; commitlog_max_compression_buffers_in_pool=3; commitlog_periodic_queue_size=-1; commitlog_segment_size_in_mb=32; commitlog_sync=periodic; commitlog_sync_batch_window_in_ms=NaN; commitlog_sync_period_in_ms=10000; commitlog_total_space_in_mb=null; compaction_large_partition_warning_threshold_mb=100; compaction_throughput_mb_per_sec=16; concurrent_compactors=null; concurrent_counter_writes=32; concurrent_materialized_view_writes=32; concurrent_reads=32; concurrent_replicates=null; concurrent_writes=32; counter_cache_keys_to_save=2147483647; counter_cache_save_period=7200; counter_cache_size_in_mb=null; counter_write_request_timeout_in_ms=5000; credentials_cache_max_entries=1000; credentials_update_interval_in_ms=-1; credentials_validity_in_ms=2000; cross_node_timeout=false; data_file_directories=[Ljava.lang.String;@3c87521; disk_access_mode=auto; disk_failure_policy=stop; disk_optimization_estimate_percentile=0.95; disk_optimization_page_cross_chance=0.1; disk_optimization_strategy=ssd; dynamic_snitch=true; dynamic_snitch_badness_threshold=0.1; dynamic_snitch_reset_interval_in_ms=600000; dynamic_snitch_update_interval_in_ms=100; enable_materialized_views=true; enable_sasi_indexes=true; enable_scripted_user_defined_functions=false; enable_user_defined_functions=true; enable_user_defined_functions_threads=true; encryption_options=null; endpoint_snitch=SimpleSnitch; file_cache_round_up=null; file_cache_size_in_mb=null; gc_log_threshold_in_ms=200; gc_warn_threshold_in_ms=1000; hinted_handoff_disabled_datacenters=[]; hinted_handoff_enabled=true; hinted_handoff_throttle_in_kb=1024; hints_compression=null; hints_directory=/opt/cassandra/hints_directory; hints_flush_period_in_ms=10000; incremental_backups=false; index_interval=null; index_summary_capacity_in_mb=null; index_summary_resize_interval_in_minutes=60; initial_token=null; inter_dc_stream_throughput_outbound_megabits_per_sec=200; inter_dc_tcp_nodelay=false; internode_authenticator=null; internode_compression=dc; internode_recv_buff_size_in_bytes=0; internode_send_buff_size_in_bytes=0; key_cache_keys_to_save=2147483647; key_cache_save_period=14400; key_cache_size_in_mb=null; listen_address=10.2.0.3; listen_interface=null; listen_interface_prefer_ipv6=false; listen_on_broadcast_address=false; max_hint_window_in_ms=10800000; max_hints_delivery_threads=2; max_hints_file_size_in_mb=128; max_mutation_size_in_kb=null; max_streaming_retries=3; max_value_size_in_mb=256; memtable_allocation_type=heap_buffers; memtable_cleanup_threshold=null; memtable_flush_writers=0; memtable_heap_space_in_mb=null; memtable_offheap_space_in_mb=null; min_free_space_per_drive_in_mb=50; native_transport_flush_in_batches_legacy=true; native_transport_max_concurrent_connections=-1; native_transport_max_concurrent_connections_per_ip=-1; native_transport_max_concurrent_requests_in_bytes=-1; native_transport_max_concurrent_requests_in_bytes_per_ip=-1; native_transport_max_frame_size_in_mb=256; native_transport_max_negotiable_protocol_version=-2147483648; native_transport_max_threads=128; native_transport_port=9042; native_transport_port_ssl=null; num_tokens=256; otc_backlog_expiration_interval_ms=200; otc_coalescing_enough_coalesced_messages=8; otc_coalescing_strategy=DISABLED; otc_coalescing_window_us=200; partitioner=org.apache.cassandra.dht.Murmur3Partitioner; permissions_cache_max_entries=1000; permissions_update_interval_in_ms=-1; permissions_validity_in_ms=2000; phi_convict_threshold=8.0; prepared_statements_cache_size_mb=null; range_request_timeout_in_ms=10000; read_request_timeout_in_ms=5000; repair_session_max_tree_depth=18; request_scheduler=org.apache.cassandra.scheduler.NoScheduler; request_scheduler_id=null; request_scheduler_options=null; request_timeout_in_ms=10000; role_manager=CassandraRoleManager; roles_cache_max_entries=1000; roles_update_interval_in_ms=-1; roles_validity_in_ms=2000; row_cache_class_name=org.apache.cassandra.cache.OHCProvider; row_cache_keys_to_save=2147483647; row_cache_save_period=0; row_cache_size_in_mb=0; rpc_address=10.2.0.3; rpc_interface=null; rpc_interface_prefer_ipv6=false; rpc_keepalive=true; rpc_listen_backlog=50; rpc_max_threads=2147483647; rpc_min_threads=16; rpc_port=9160; rpc_recv_buff_size_in_bytes=null; rpc_send_buff_size_in_bytes=null; rpc_server_type=sync; saved_caches_directory=/opt/cassandra/saved_caches_directory; seed_provider=org.apache.cassandra.locator.SimpleSeedProvider{seeds=10.2.0.3}; server_encryption_options=<REDACTED>; slow_query_log_timeout_in_ms=500; snapshot_before_compaction=false; ssl_storage_port=7001; sstable_preemptive_open_interval_in_mb=50; start_native_transport=true; start_rpc=true; storage_port=7000; stream_throughput_outbound_megabits_per_sec=200; streaming_keep_alive_period_in_secs=300; streaming_socket_timeout_in_ms=86400000; thrift_framed_transport_size_in_mb=15; thrift_max_message_length_in_mb=16; thrift_prepared_statements_cache_size_mb=null; tombstone_failure_threshold=100000; tombstone_warn_threshold=1000; tracetype_query_ttl=86400; tracetype_repair_ttl=604800; transparent_data_encryption_options=org.apache.cassandra.config.TransparentDataEncryptionOptions@2aece37d; trickle_fsync=false; trickle_fsync_interval_in_kb=10240; truncate_request_timeout_in_ms=60000; unlogged_batch_across_partitions_warn_threshold=10; user_defined_function_fail_timeout=1500; user_defined_function_warn_timeout=500; user_function_timeout_policy=die; windows_timer_interval=1; write_request_timeout_in_ms=2000]
INFO  [main] 2023-01-11 03:35:50,584 DatabaseDescriptor.java:381 - DiskAccessMode 'auto' determined to be mmap, indexAccessMode is mmap
INFO  [main] 2023-01-11 03:35:50,584 DatabaseDescriptor.java:439 - Global memtable on-heap threshold is enabled at 489MB
INFO  [main] 2023-01-11 03:35:50,584 DatabaseDescriptor.java:443 - Global memtable off-heap threshold is enabled at 489MB
WARN  [main] 2023-01-11 03:35:50,652 DatabaseDescriptor.java:579 - Only 58.930GiB free across all data volumes. Consider adding more capacity to your cluster or removing obsolete snapshots
INFO  [main] 2023-01-11 03:35:50,667 RateBasedBackPressure.java:123 - Initialized back-pressure with high ratio: 0.9, factor: 5, flow: FAST, window size: 2000.
INFO  [main] 2023-01-11 03:35:50,667 DatabaseDescriptor.java:773 - Back-pressure is disabled with strategy null.
INFO  [main] 2023-01-11 03:35:50,720 JMXServerUtils.java:246 - Configured JMX server at: service:jmx:rmi://127.0.0.1/jndi/rmi://127.0.0.1:7199/jmxrmi
INFO  [main] 2023-01-11 03:35:50,727 CassandraDaemon.java:489 - Hostname: server1
INFO  [main] 2023-01-11 03:35:50,727 CassandraDaemon.java:496 - JVM vendor/version: OpenJDK 64-Bit Server VM/1.8.0_242
INFO  [main] 2023-01-11 03:35:50,728 CassandraDaemon.java:497 - Heap size: 1.912GiB/1.912GiB
INFO  [main] 2023-01-11 03:35:50,728 CassandraDaemon.java:502 - Code Cache Non-heap memory: init = 2555904(2496K) used = 3997376(3903K) committed = 4063232(3968K) max = 251658240(245760K)
INFO  [main] 2023-01-11 03:35:50,728 CassandraDaemon.java:502 - Metaspace Non-heap memory: init = 0(0K) used = 16912936(16516K) committed = 17432576(17024K) max = -1(-1K)
INFO  [main] 2023-01-11 03:35:50,729 CassandraDaemon.java:502 - Compressed Class Space Non-heap memory: init = 0(0K) used = 2061440(2013K) committed = 2228224(2176K) max = 1073741824(1048576K)
INFO  [main] 2023-01-11 03:35:50,729 CassandraDaemon.java:502 - Par Eden Space Heap memory: init = 167772160(163840K) used = 80561704(78673K) committed = 167772160(163840K) max = 167772160(163840K)
INFO  [main] 2023-01-11 03:35:50,729 CassandraDaemon.java:502 - Par Survivor Space Heap memory: init = 20971520(20480K) used = 0(0K) committed = 20971520(20480K) max = 20971520(20480K)
INFO  [main] 2023-01-11 03:35:50,729 CassandraDaemon.java:502 - CMS Old Gen Heap memory: init = 1864368128(1820672K) used = 0(0K) committed = 1864368128(1820672K) max = 1864368128(1820672K)
INFO  [main] 2023-01-11 03:35:50,730 CassandraDaemon.java:504 - Classpath: bin/../conf:bin/../build/classes/main:bin/../build/classes/thrift:bin/../lib/HdrHistogram-2.1.9.jar:bin/../lib/ST4-4.0.8.jar:bin/../lib/airline-0.6.jar:bin/../lib/antlr-runtime-3.5.2.jar:bin/../lib/apache-cassandra-3.11.6.jar:bin/../lib/apache-cassandra-thrift-3.11.6.jar:bin/../lib/asm-5.0.4.jar:bin/../lib/caffeine-2.2.6.jar:bin/../lib/cassandra-driver-core-3.0.1-shaded.jar:bin/../lib/commons-cli-1.1.jar:bin/../lib/commons-codec-1.9.jar:bin/../lib/commons-lang3-3.1.jar:bin/../lib/commons-math3-3.2.jar:bin/../lib/compress-lzf-0.8.4.jar:bin/../lib/concurrent-trees-2.4.0.jar:bin/../lib/concurrentlinkedhashmap-lru-1.4.jar:bin/../lib/disruptor-3.0.1.jar:bin/../lib/ecj-4.4.2.jar:bin/../lib/guava-18.0.jar:bin/../lib/high-scale-lib-1.0.6.jar:bin/../lib/hppc-0.5.4.jar:bin/../lib/jackson-core-asl-1.9.13.jar:bin/../lib/jackson-mapper-asl-1.9.13.jar:bin/../lib/jamm-0.3.0.jar:bin/../lib/javax.inject.jar:bin/../lib/jbcrypt-0.3m.jar:bin/../lib/jcl-over-slf4j-1.7.7.jar:bin/../lib/jctools-core-1.2.1.jar:bin/../lib/jflex-1.6.0.jar:bin/../lib/jna-4.2.2.jar:bin/../lib/joda-time-2.4.jar:bin/../lib/json-simple-1.1.jar:bin/../lib/jstackjunit-0.0.1.jar:bin/../lib/libthrift-0.9.2.jar:bin/../lib/log4j-over-slf4j-1.7.7.jar:bin/../lib/logback-classic-1.1.3.jar:bin/../lib/logback-core-1.1.3.jar:bin/../lib/lz4-1.3.0.jar:bin/../lib/metrics-core-3.1.5.jar:bin/../lib/metrics-jvm-3.1.5.jar:bin/../lib/metrics-logback-3.1.5.jar:bin/../lib/netty-all-4.0.44.Final.jar:bin/../lib/ohc-core-0.4.4.jar:bin/../lib/ohc-core-j8-0.4.4.jar:bin/../lib/reporter-config-base-3.0.3.jar:bin/../lib/reporter-config3-3.0.3.jar:bin/../lib/sigar-1.6.4.jar:bin/../lib/slf4j-api-1.7.7.jar:bin/../lib/snakeyaml-1.11.jar:bin/../lib/snappy-java-1.1.1.7.jar:bin/../lib/snowball-stemmer-1.3.0.581.1.jar:bin/../lib/stream-2.5.2.jar:bin/../lib/thrift-server-0.3.7.jar:bin/../lib/jsr223/*/*.jar:bin/../lib/jamm-0.3.0.jar
INFO  [main] 2023-01-11 03:35:50,730 CassandraDaemon.java:506 - JVM Arguments: [-Xloggc:bin/../logs/gc.log, -ea, -XX:+UseThreadPriorities, -XX:ThreadPriorityPolicy=42, -XX:+HeapDumpOnOutOfMemoryError, -Xss256k, -XX:StringTableSize=1000003, -XX:+AlwaysPreTouch, -XX:-UseBiasedLocking, -XX:+UseTLAB, -XX:+ResizeTLAB, -XX:+UseNUMA, -XX:+PerfDisableSharedMem, -Djava.net.preferIPv4Stack=true, -XX:+UseParNewGC, -XX:+UseConcMarkSweepGC, -XX:+CMSParallelRemarkEnabled, -XX:SurvivorRatio=8, -XX:MaxTenuringThreshold=1, -XX:CMSInitiatingOccupancyFraction=75, -XX:+UseCMSInitiatingOccupancyOnly, -XX:CMSWaitDuration=10000, -XX:+CMSParallelInitialMarkEnabled, -XX:+CMSEdenChunksRecordAlways, -XX:+CMSClassUnloadingEnabled, -XX:+PrintGCDetails, -XX:+PrintGCDateStamps, -XX:+PrintHeapAtGC, -XX:+PrintTenuringDistribution, -XX:+PrintGCApplicationStoppedTime, -XX:+PrintPromotionFailure, -XX:+UseGCLogFileRotation, -XX:NumberOfGCLogFiles=10, -XX:GCLogFileSize=10M, -Xms1978M, -Xmx1978M, -Xmn200M, -XX:+UseCondCardMark, -XX:CompileCommandFile=bin/../conf/hotspot_compiler, -javaagent:bin/../lib/jamm-0.3.0.jar, -Dcassandra.jmx.local.port=7199, -Dcom.sun.management.jmxremote.authenticate=false, -Dcom.sun.management.jmxremote.password.file=/etc/cassandra/jmxremote.password, -Djava.library.path=bin/../lib/sigar-bin, -Dcassandra.libjemalloc=/usr/lib/x86_64-linux-gnu/libjemalloc.so.1, -XX:OnOutOfMemoryError=kill -9 %p, -Dlogback.configurationFile=logback.xml, -Dcassandra.logdir=bin/../logs, -Dcassandra.storagedir=bin/../data]
WARN  [main] 2023-01-11 03:35:50,755 NativeLibrary.java:189 - Unable to lock JVM memory (ENOMEM). This can result in part of the JVM being swapped out, especially with mmapped I/O enabled. Increase RLIMIT_MEMLOCK or run Cassandra as root.
INFO  [main] 2023-01-11 03:35:50,755 StartupChecks.java:140 - jemalloc seems to be preloaded from /usr/lib/x86_64-linux-gnu/libjemalloc.so.1
WARN  [main] 2023-01-11 03:35:50,756 StartupChecks.java:169 - JMX is not enabled to receive remote connections. Please see cassandra-env.sh for more info.
INFO  [main] 2023-01-11 03:35:50,757 SigarLibrary.java:44 - Initializing SIGAR library
WARN  [main] 2023-01-11 03:35:50,763 SigarLibrary.java:174 - Cassandra server running in degraded mode. Is swap disabled? : false,  Address space adequate? : true,  nofile limit adequate? : true, nproc limit adequate? : true
WARN  [main] 2023-01-11 03:35:50,764 StartupChecks.java:311 - Maximum number of memory map areas per process (vm.max_map_count) 65530 is too low, recommended value: 1048575, you can change it with sysctl.
WARN  [main] 2023-01-11 03:35:50,772 StartupChecks.java:332 - Directory /opt/cassandra/hints_directory doesn't exist
INFO  [main] 2023-01-11 03:35:50,821 QueryProcessor.java:116 - Initialized prepared statement caches with 10 MB (native) and 10 MB (Thrift)
INFO  [main] 2023-01-11 03:35:51,151 ColumnFamilyStore.java:427 - Initializing system.IndexInfo
INFO  [main] 2023-01-11 03:35:51,822 ColumnFamilyStore.java:427 - Initializing system.batches
INFO  [main] 2023-01-11 03:35:51,833 ColumnFamilyStore.java:427 - Initializing system.paxos
INFO  [main] 2023-01-11 03:35:51,838 ColumnFamilyStore.java:427 - Initializing system.local
INFO  [main] 2023-01-11 03:35:51,842 ColumnFamilyStore.java:427 - Initializing system.peers
INFO  [main] 2023-01-11 03:35:51,845 ColumnFamilyStore.java:427 - Initializing system.peer_events
INFO  [main] 2023-01-11 03:35:51,850 ColumnFamilyStore.java:427 - Initializing system.range_xfers
INFO  [main] 2023-01-11 03:35:51,853 ColumnFamilyStore.java:427 - Initializing system.compaction_history
INFO  [main] 2023-01-11 03:35:51,857 ColumnFamilyStore.java:427 - Initializing system.sstable_activity
INFO  [main] 2023-01-11 03:35:51,861 ColumnFamilyStore.java:427 - Initializing system.size_estimates
INFO  [main] 2023-01-11 03:35:51,864 ColumnFamilyStore.java:427 - Initializing system.available_ranges
INFO  [main] 2023-01-11 03:35:51,868 ColumnFamilyStore.java:427 - Initializing system.transferred_ranges
INFO  [main] 2023-01-11 03:35:51,871 ColumnFamilyStore.java:427 - Initializing system.views_builds_in_progress
INFO  [main] 2023-01-11 03:35:51,881 ColumnFamilyStore.java:427 - Initializing system.built_views
INFO  [main] 2023-01-11 03:35:51,884 ColumnFamilyStore.java:427 - Initializing system.hints
INFO  [main] 2023-01-11 03:35:51,888 ColumnFamilyStore.java:427 - Initializing system.batchlog
INFO  [main] 2023-01-11 03:35:51,890 ColumnFamilyStore.java:427 - Initializing system.prepared_statements
INFO  [main] 2023-01-11 03:35:51,893 ColumnFamilyStore.java:427 - Initializing system.schema_keyspaces
INFO  [main] 2023-01-11 03:35:51,896 ColumnFamilyStore.java:427 - Initializing system.schema_columnfamilies
INFO  [main] 2023-01-11 03:35:51,899 ColumnFamilyStore.java:427 - Initializing system.schema_columns
INFO  [main] 2023-01-11 03:35:51,901 ColumnFamilyStore.java:427 - Initializing system.schema_triggers
INFO  [main] 2023-01-11 03:35:51,904 ColumnFamilyStore.java:427 - Initializing system.schema_usertypes
INFO  [main] 2023-01-11 03:35:51,907 ColumnFamilyStore.java:427 - Initializing system.schema_functions
INFO  [main] 2023-01-11 03:35:51,913 ColumnFamilyStore.java:427 - Initializing system.schema_aggregates
INFO  [main] 2023-01-11 03:35:51,917 ViewManager.java:137 - Not submitting build tasks for views in keyspace system as storage service is not initialized
INFO  [main] 2023-01-11 03:35:51,966 ApproximateTime.java:44 - Scheduling approximate time-check task with a precision of 10 milliseconds
INFO  [main] 2023-01-11 03:35:51,983 ColumnFamilyStore.java:427 - Initializing system_schema.keyspaces
INFO  [main] 2023-01-11 03:35:51,987 ColumnFamilyStore.java:427 - Initializing system_schema.tables
INFO  [main] 2023-01-11 03:35:51,990 ColumnFamilyStore.java:427 - Initializing system_schema.columns
INFO  [main] 2023-01-11 03:35:51,993 ColumnFamilyStore.java:427 - Initializing system_schema.triggers
INFO  [main] 2023-01-11 03:35:51,997 ColumnFamilyStore.java:427 - Initializing system_schema.dropped_columns
INFO  [main] 2023-01-11 03:35:52,001 ColumnFamilyStore.java:427 - Initializing system_schema.views
INFO  [main] 2023-01-11 03:35:52,005 ColumnFamilyStore.java:427 - Initializing system_schema.types
INFO  [main] 2023-01-11 03:35:52,011 ColumnFamilyStore.java:427 - Initializing system_schema.functions
INFO  [main] 2023-01-11 03:35:52,019 ColumnFamilyStore.java:427 - Initializing system_schema.aggregates
INFO  [main] 2023-01-11 03:35:52,024 ColumnFamilyStore.java:427 - Initializing system_schema.indexes
INFO  [main] 2023-01-11 03:35:52,026 ViewManager.java:137 - Not submitting build tasks for views in keyspace system_schema as storage service is not initialized
INFO  [MemtableFlushWriter:1] 2023-01-11 03:35:52,298 CacheService.java:100 - Initializing key cache with capacity of 97 MBs.
INFO  [MemtableFlushWriter:1] 2023-01-11 03:35:52,303 CacheService.java:122 - Initializing row cache with capacity of 0 MBs
INFO  [MemtableFlushWriter:1] 2023-01-11 03:35:52,304 CacheService.java:151 - Initializing counter cache with capacity of 48 MBs
INFO  [MemtableFlushWriter:1] 2023-01-11 03:35:52,305 CacheService.java:162 - Scheduling counter cache save to every 7200 seconds (going to save all keys).
INFO  [main] 2023-01-11 03:35:52,410 StorageService.java:639 - Populating token metadata from system tables
INFO  [CompactionExecutor:2] 2023-01-11 03:35:52,422 BufferPool.java:234 - Global buffer pool is enabled, when pool is exhausted (max is 489.000MiB) it will allocate on heap
INFO  [main] 2023-01-11 03:35:52,448 StorageService.java:646 - Token metadata:
INFO  [pool-3-thread-1] 2023-01-11 03:35:52,472 AutoSavingCache.java:174 - Completed loading (0 ms; 8 keys) KeyCache cache
INFO  [main] 2023-01-11 03:35:52,500 CommitLog.java:142 - No commitlog files found; skipping replay
INFO  [main] 2023-01-11 03:35:52,500 StorageService.java:639 - Populating token metadata from system tables
INFO  [main] 2023-01-11 03:35:52,507 StorageService.java:646 - Token metadata:
INFO  [main] 2023-01-11 03:35:52,558 QueryProcessor.java:163 - Preloaded 0 prepared statements
INFO  [main] 2023-01-11 03:35:52,558 StorageService.java:657 - Cassandra version: 3.11.6-SNAPSHOT
INFO  [main] 2023-01-11 03:35:52,558 StorageService.java:658 - Thrift API version: 20.1.0
INFO  [main] 2023-01-11 03:35:52,559 StorageService.java:659 - CQL supported versions: 3.4.4 (default: 3.4.4)
INFO  [main] 2023-01-11 03:35:52,559 StorageService.java:661 - Native protocol supported versions: 3/v3, 4/v4, 5/v5-beta (default: 4/v4)
INFO  [main] 2023-01-11 03:35:52,576 IndexSummaryManager.java:87 - Initializing index summary manager with a memory pool size of 97 MB and a resize interval of 60 minutes
INFO  [main] 2023-01-11 03:35:52,580 MessagingService.java:750 - Starting Messaging Service on /10.2.0.3:7000 (eth0)
WARN  [main] 2023-01-11 03:35:52,583 SystemKeyspace.java:1130 - No host ID found, created 0873d493-8882-4c4c-bb8f-1e0ff526a7a2 (Note: This should happen exactly once per node).
INFO  [main] 2023-01-11 03:35:52,589 StorageService.java:589 - Unable to gossip with any peers but continuing anyway since node is in its own seed list
INFO  [main] 2023-01-11 03:35:52,598 StorageService.java:743 - Loading persisted ring state
INFO  [main] 2023-01-11 03:35:52,598 StorageService.java:871 - Starting up server gossip
INFO  [main] 2023-01-11 03:35:52,638 StorageService.java:933 - This node will not auto bootstrap because it is configured to be a seed node.
INFO  [main] 2023-01-11 03:35:52,647 BootStrapper.java:228 - Generated random tokens. tokens are [-3763418983231904230, 8919684565325140655, 669627505592869715, -1015203858866962636, 1926118152247160034, -1498988954980172700, -457442436666644381, 2332396566300926896, -6212558374012120464, 7735749499478614442, -6749198118960317207, 5316684262967453412, 2733264573894561406, 9060288219280752999, 130505184406592502, -4124131298857999155, -7899645846535845274, -1707565906073496480, 6507764385494347297, -2073512536702842162, 1148991285253776701, -415808460283136949, -6942617522485916301, -7579317613502084764, 2890963981056517894, -4483707987736292132, 450758810146517246, 7858309018365717409, 9032262174330090695, 8164930616821000977, 5473198411105780254, 24698620458593243, -6353955594517212451, 8307211894175112312, 3034352146742640919, 3632824355411195762, 6075897265392309060, -2414405937198048406, -1314466140597454948, -7912008937352731501, -1788713959830311247, 646504684705378597, 6268247149792703206, 2308917399078053853, -7027967333504609830, 3502788644055041342, -8233753948743147813, -1053996862192855413, 7851165935366839597, -990325722204671372, -671025378925017454, -880022891924319103, -648757203857704811, 6045737102030828023, 4886055502799815457, -8693696915431213697, -4029681160091125590, 8421340675234708429, 1228333739202349696, -3779167468260831900, 2099521256484646717, -1941570501908400652, -2565249754029214153, -4770548501417501754, 7676314052159733630, -2209720706889565047, -7399758346289718149, 2714779454110230921, 3327930206037068935, 1587392875885707045, 3888090644037084181, 8408054110262553089, -8287630682561068782, 1128165203632261613, -4831747050738373858, 5337127470592895717, 7925097829634862693, -315865197702885472, 4905443305061660379, 614150916265350527, -272093193476193511, 4559936558020796102, -1059442933408683035, -3444258639927907523, 1739477090748157798, -2920047116305739175, -7008842128600731914, 4397234084401181303, 954875729622302073, -270670260381289781, -1718930477775641101, 7341129941279064146, -3762428809869939521, -7548918666947370085, -7759896527613000645, 5596147897136845962, -5048146174163460575, -6377232503357390781, -6254883720328486009, -1101226845373223309, 2729565478098126633, 1551820435623595480, -280731527748905531, 1117308580307179192, -4058761631925645875, -3936104984626209737, -7266229931712343538, 6642477486205712682, 8674684833652451603, -5181862368332416027, -6520725973948847088, -4601439186592099838, 6347178680513470025, -4202084825764402912, -498536704159323819, 3415911084261974387, -6372527113624089616, -8373165661344327888, -4163647901863092934, -7012755614532025712, -6194587402994782952, 3105907604360887910, -8309783125999887819, 211384334502529535, 3466676162808156703, -6043682925139777710, -2277169473724211794, 1604175296922092600, 4149941815355799993, -5644681536356087296, -6357091084575885453, 1032889241071759755, 430332285047061113, -197574636021444083, 6107069257029762273, -6228843736433472879, 2146590093169582813, 7363240771587724933, -1982325044789458774, -7526742916439017906, 3256662246058817278, -8315613250823104133, -3789745613059722650, -2646427708480561654, 5691542117973087588, -4960395828968254, -2132675999192038854, -1349210200442285720, 4767425047463012274, 629953722089141251, 7710930222038631010, 3907099335677245965, -1394798578244429552, 7906509715980399105, -6190594180206909314, -6518211591048150778, -4273487389581475928, -658161770996400215, -3690091104878367055, -3718934155017685153, -7749736054921743347, -5909183140365616583, -44481346353101012, -5847069087040300560, -4716962945603398059, 3189586962582197650, -3192107937562897274, 6182032495332564332, -1218722126884429361, -4380323537356076018, -3505648879298408243, 8104469348300881988, 2737805692669206779, 5549228824665616352, 5350052168351709462, -2324339054753792829, -5436028260515468233, -3027355321426446974, -2995362453357181780, 5422697269263122598, -3662187853570061577, 5702544105167361439, 5796812075387520481, 6805373562722443203, -599365007803161747, 4099785133039832338, 4837168325125194087, -1340795460277805052, 3045696414646271809, -1448094185188199418, 7266562147175557312, 3358624012032369156, 4866608102464838362, 7880838215245430965, -7375441221856641300, -1640941109595711563, 2526969853365190703, -1218144356322249719, 2820898115507418075, 1173465437145805544, -7429199355953125425, -5849044702790369969, -9162051505078882280, -5475122496619873885, 2576213198377787132, -4819337749558607965, 3327018119406129797, 1394764652465201834, 8177992178805492194, 35111761464372610, -232123990830741101, -3323300396230487726, -8399432807340236001, -5328226263966221184, 8624695497576532997, 8359018247200327219, 3000527025027348701, -7559755752973281336, 8195087991097140590, -8690785983312697524, 7466572649908192540, -4625231116205029334, -6779385685860977638, -370799603147799212, -4856816911696737576, 8073258380443083848, -1370115105398847005, 8101013928264017980, 1599606586225542681, 1671098947691730155, -7579441838236529921, 7514228884026425231, 5720286714533923830, 1384981951532830247, -2454202117139856677, 2986452443791845065, -6500767096779904460, 3258901020886203332, -8669237296174875359, 5558177459196033991, 3947957673423431956, -2029888032735881903, 7292796466653968206, -4967123581031493957, -3492492498972324103, -4149594154606564034, 2861285968769924960, 2494830319147568688, 5053985645679989333, 8135946953913364177, -715397664977290337, -1755926788006184710, 6632826433117857093, 4474735525388335924, -5825054563913838130, 477614964058938173]
INFO  [MigrationStage:1] 2023-01-11 03:35:52,799 ViewManager.java:137 - Not submitting build tasks for views in keyspace system_traces as storage service is not initialized
INFO  [MigrationStage:1] 2023-01-11 03:35:52,810 ColumnFamilyStore.java:427 - Initializing system_traces.events
INFO  [MigrationStage:1] 2023-01-11 03:35:52,816 ColumnFamilyStore.java:427 - Initializing system_traces.sessions
INFO  [MigrationStage:1] 2023-01-11 03:35:52,820 ViewManager.java:137 - Not submitting build tasks for views in keyspace system_distributed as storage service is not initialized
INFO  [MigrationStage:1] 2023-01-11 03:35:52,823 ColumnFamilyStore.java:427 - Initializing system_distributed.parent_repair_history
INFO  [MigrationStage:1] 2023-01-11 03:35:52,830 ColumnFamilyStore.java:427 - Initializing system_distributed.repair_history
INFO  [MigrationStage:1] 2023-01-11 03:35:52,834 ColumnFamilyStore.java:427 - Initializing system_distributed.view_build_status
INFO  [MigrationStage:1] 2023-01-11 03:35:52,838 ViewManager.java:137 - Not submitting build tasks for views in keyspace system_auth as storage service is not initialized
INFO  [MigrationStage:1] 2023-01-11 03:35:52,840 ColumnFamilyStore.java:427 - Initializing system_auth.resource_role_permissons_index
INFO  [MigrationStage:1] 2023-01-11 03:35:52,844 ColumnFamilyStore.java:427 - Initializing system_auth.role_members
INFO  [MigrationStage:1] 2023-01-11 03:35:52,848 ColumnFamilyStore.java:427 - Initializing system_auth.role_permissions
INFO  [MigrationStage:1] 2023-01-11 03:35:52,852 ColumnFamilyStore.java:427 - Initializing system_auth.roles
INFO  [main] 2023-01-11 03:35:52,881 StorageService.java:1478 - JOINING: Finish joining ring
INFO  [main] 2023-01-11 03:35:52,943 Gossiper.java:1780 - Waiting for gossip to settle...
INFO  [GossipStage:1] 2023-01-11 03:35:58,132 OutboundTcpConnection.java:108 - OutboundTcpConnection using coalescing strategy DISABLED
INFO  [HANDSHAKE-/10.2.0.2] 2023-01-11 03:35:58,139 OutboundTcpConnection.java:561 - Handshaking version with /10.2.0.2
INFO  [GossipStage:1] 2023-01-11 03:36:00,138 Gossiper.java:1127 - Node /10.2.0.2 is now part of the cluster
INFO  [GossipStage:1] 2023-01-11 03:36:00,144 Gossiper.java:1089 - InetAddress /10.2.0.2 is now UP
WARN  [GossipTasks:1] 2023-01-11 03:36:00,617 FailureDetector.java:278 - Not marking nodes down due to local pause of 8156769710 > 5000000000
INFO  [HANDSHAKE-/10.2.0.2] 2023-01-11 03:36:00,621 OutboundTcpConnection.java:561 - Handshaking version with /10.2.0.2
INFO  [main] 2023-01-11 03:36:00,947 Gossiper.java:1797 - Gossip not settled after 3 polls.
INFO  [OptionalTasks:1] 2023-01-11 03:36:03,037 CassandraRoleManager.java:372 - Created default superuser role 'cassandra'
INFO  [main] 2023-01-11 03:36:03,950 Gossiper.java:1809 - Gossip settled after 3 extra polls; proceeding
INFO  [main] 2023-01-11 03:36:04,099 NativeTransportService.java:68 - Netty using native Epoll event loop
INFO  [main] 2023-01-11 03:36:04,138 Server.java:158 - Using Netty Version: [netty-buffer=netty-buffer-4.0.44.Final.452812a, netty-codec=netty-codec-4.0.44.Final.452812a, netty-codec-haproxy=netty-codec-haproxy-4.0.44.Final.452812a, netty-codec-http=netty-codec-http-4.0.44.Final.452812a, netty-codec-socks=netty-codec-socks-4.0.44.Final.452812a, netty-common=netty-common-4.0.44.Final.452812a, netty-handler=netty-handler-4.0.44.Final.452812a, netty-tcnative=netty-tcnative-1.1.33.Fork26.142ecbb, netty-transport=netty-transport-4.0.44.Final.452812a, netty-transport-native-epoll=netty-transport-native-epoll-4.0.44.Final.452812a, netty-transport-rxtx=netty-transport-rxtx-4.0.44.Final.452812a, netty-transport-sctp=netty-transport-sctp-4.0.44.Final.452812a, netty-transport-udt=netty-transport-udt-4.0.44.Final.452812a]
INFO  [main] 2023-01-11 03:36:04,138 Server.java:159 - Starting listening for CQL clients on /10.2.0.3:9042 (unencrypted)...
INFO  [main] 2023-01-11 03:36:04,193 ThriftServer.java:116 - Binding thrift service to /10.2.0.3:9160
INFO  [Thread-2] 2023-01-11 03:36:04,231 ThriftServer.java:133 - Listening for thrift clients...
INFO  [Native-Transport-Requests-2] 2023-01-11 03:36:07,711 MigrationManager.java:338 - Create new Keyspace: KeyspaceMetadata{name=test, params=KeyspaceParams{durable_writes=true, replication=ReplicationParams{class=org.apache.cassandra.locator.SimpleStrategy, replication_factor=3}}, tables=[], views=[], functions=[], types=[]}
INFO  [Native-Transport-Requests-2] 2023-01-11 03:36:07,797 MigrationManager.java:368 - Create new table: org.apache.cassandra.config.CFMetaData@2e466077[cfId=15900a50-9161-11ed-b641-03a06fbc9fc9,ksName=test,cfName=test,flags=[COMPOUND],params=TableParams{comment=, read_repair_chance=0.0, dclocal_read_repair_chance=0.1, bloom_filter_fp_chance=0.01, crc_check_chance=1.0, gc_grace_seconds=864000, default_time_to_live=0, memtable_flush_period_in_ms=0, min_index_interval=128, max_index_interval=2048, speculative_retry=99PERCENTILE, caching={'keys' : 'ALL', 'rows_per_partition' : 'NONE'}, compaction=CompactionParams{class=org.apache.cassandra.db.compaction.SizeTieredCompactionStrategy, options={min_threshold=4, max_threshold=32}}, compression=org.apache.cassandra.schema.CompressionParams@391005f3, extensions={}, cdc=false},comparator=comparator(),partitionColumns=[[] | [value1 value2 value3]],partitionKeyColumns=[id],clusteringColumns=[],keyValidator=org.apache.cassandra.db.marshal.UTF8Type,columnMetadata=[value1, value3, id, value2],droppedColumns={},triggers=[],indexes=[]]
INFO  [MigrationStage:1] 2023-01-11 03:36:07,914 ColumnFamilyStore.java:427 - Initializing test.test
