18:18:47.962 [main] INFO  io.redit.execution.RuntimeEngine - Waiting for event E1 ...
18:18:48.058 [main] INFO  com.datastax.driver.core - DataStax Java driver 3.11.2 for Apache Cassandra
18:18:48.068 [main] INFO  c.d.driver.core.GuavaCompatibility - Detected Guava >= 19 in the classpath, using modern compatibility layer
18:18:48.068 [main] DEBUG c.d.driver.core.SystemProperties - com.datastax.driver.NEW_NODE_DELAY_SECONDS is undefined, using default value 1
18:18:48.068 [main] DEBUG c.d.driver.core.SystemProperties - com.datastax.driver.NOTIF_LOCK_TIMEOUT_SECONDS is undefined, using default value 60
18:18:48.078 [main] DEBUG c.d.driver.core.SystemProperties - com.datastax.driver.USE_NATIVE_CLOCK is undefined, using default value true
18:18:48.157 [main] INFO  c.datastax.driver.core.ClockFactory - Using native clock to generate timestamps.
18:18:48.175 [main] DEBUG c.d.driver.core.SystemProperties - com.datastax.driver.NON_BLOCKING_EXECUTOR_SIZE is undefined, using default value 2
18:18:48.210 [main] DEBUG com.datastax.driver.core.Cluster - Starting new cluster with contact points [/10.2.0.3:9042]
18:18:48.245 [main] DEBUG c.d.driver.core.SystemProperties - com.datastax.driver.FORCE_NIO is undefined, using default value false
18:18:48.249 [main] WARN  com.datastax.driver.core.NettyUtil - Found Netty's native epoll transport in the classpath, but epoll is not available. Using NIO instead.
java.lang.UnsatisfiedLinkError: could not load a native library: netty_transport_native_epoll_x86_64
	at io.netty.util.internal.NativeLibraryLoader.load(NativeLibraryLoader.java:224)
	at io.netty.channel.epoll.Native.loadNativeLibrary(Native.java:219)
	at io.netty.channel.epoll.Native.<clinit>(Native.java:57)
	at io.netty.channel.epoll.Epoll.<clinit>(Epoll.java:39)
	at java.lang.Class.forName0(Native Method)
	at java.lang.Class.forName(Class.java:264)
	at com.datastax.driver.core.NettyUtil.<clinit>(NettyUtil.java:57)
	at com.datastax.driver.core.NettyOptions.eventLoopGroup(NettyOptions.java:95)
	at com.datastax.driver.core.Connection$Factory.<init>(Connection.java:993)
	at com.datastax.driver.core.Cluster$Manager.init(Cluster.java:1665)
	at com.datastax.driver.core.Cluster.init(Cluster.java:214)
	at com.datastax.driver.core.Cluster.connectAsync(Cluster.java:387)
	at com.datastax.driver.core.Cluster.connectAsync(Cluster.java:366)
	at com.datastax.driver.core.Cluster.connect(Cluster.java:311)
	at io.redit.samples.cassandra14365.SampleTest.createTableAndInsert(SampleTest.java:75)
	at io.redit.samples.cassandra14365.SampleTest.lambda$TestReplayCommitLog$0(SampleTest.java:50)
	at io.redit.execution.RuntimeEngine.enforceOrder(RuntimeEngine.java:317)
	at io.redit.execution.RuntimeEngine.enforceOrder(RuntimeEngine.java:300)
	at io.redit.samples.cassandra14365.SampleTest.TestReplayCommitLog(SampleTest.java:49)
	at sun.reflect.NativeMethodAccessorImpl.invoke0(Native Method)
	at sun.reflect.NativeMethodAccessorImpl.invoke(NativeMethodAccessorImpl.java:62)
	at sun.reflect.DelegatingMethodAccessorImpl.invoke(DelegatingMethodAccessorImpl.java:43)
	at java.lang.reflect.Method.invoke(Method.java:498)
	at org.junit.runners.model.FrameworkMethod$1.runReflectiveCall(FrameworkMethod.java:50)
	at org.junit.internal.runners.model.ReflectiveCallable.run(ReflectiveCallable.java:12)
	at org.junit.runners.model.FrameworkMethod.invokeExplosively(FrameworkMethod.java:47)
	at org.junit.internal.runners.statements.InvokeMethod.evaluate(InvokeMethod.java:17)
	at org.junit.runners.ParentRunner.runLeaf(ParentRunner.java:325)
	at org.junit.runners.BlockJUnit4ClassRunner.runChild(BlockJUnit4ClassRunner.java:78)
	at org.junit.runners.BlockJUnit4ClassRunner.runChild(BlockJUnit4ClassRunner.java:57)
	at org.junit.runners.ParentRunner$3.run(ParentRunner.java:290)
	at org.junit.runners.ParentRunner$1.schedule(ParentRunner.java:71)
	at org.junit.runners.ParentRunner.runChildren(ParentRunner.java:288)
	at org.junit.runners.ParentRunner.access$000(ParentRunner.java:58)
	at org.junit.runners.ParentRunner$2.evaluate(ParentRunner.java:268)
	at org.junit.internal.runners.statements.RunBefores.evaluate(RunBefores.java:26)
	at org.junit.internal.runners.statements.RunAfters.evaluate(RunAfters.java:27)
	at org.junit.runners.ParentRunner.run(ParentRunner.java:363)
	at org.junit.runner.JUnitCore.run(JUnitCore.java:137)
	at com.intellij.junit4.JUnit4IdeaTestRunner.startRunnerWithArgs(JUnit4IdeaTestRunner.java:69)
	at com.intellij.rt.junit.IdeaTestRunner$Repeater.startRunnerWithArgs(IdeaTestRunner.java:33)
	at com.intellij.rt.junit.JUnitStarter.prepareStreamsAndStart(JUnitStarter.java:220)
	at com.intellij.rt.junit.JUnitStarter.main(JUnitStarter.java:53)
	Suppressed: java.lang.UnsatisfiedLinkError: could not load a native library: netty_transport_native_epoll
		at io.netty.util.internal.NativeLibraryLoader.load(NativeLibraryLoader.java:224)
		at io.netty.channel.epoll.Native.loadNativeLibrary(Native.java:222)
		... 41 common frames omitted
	Caused by: java.io.FileNotFoundException: META-INF/native/libnetty_transport_native_epoll.so
		at io.netty.util.internal.NativeLibraryLoader.load(NativeLibraryLoader.java:171)
		... 42 common frames omitted
		Suppressed: java.lang.UnsatisfiedLinkError: no netty_transport_native_epoll in java.library.path
			at java.lang.ClassLoader.loadLibrary(ClassLoader.java:1860)
			at java.lang.Runtime.loadLibrary0(Runtime.java:843)
			at java.lang.System.loadLibrary(System.java:1136)
			at io.netty.util.internal.NativeLibraryUtil.loadLibrary(NativeLibraryUtil.java:38)
			at io.netty.util.internal.NativeLibraryLoader.loadLibrary(NativeLibraryLoader.java:376)
			at io.netty.util.internal.NativeLibraryLoader.load(NativeLibraryLoader.java:146)
			... 42 common frames omitted
			Suppressed: java.lang.UnsatisfiedLinkError: no netty_transport_native_epoll in java.library.path
				at java.lang.ClassLoader.loadLibrary(ClassLoader.java:1860)
				at java.lang.Runtime.loadLibrary0(Runtime.java:843)
				at java.lang.System.loadLibrary(System.java:1136)
				at io.netty.util.internal.NativeLibraryUtil.loadLibrary(NativeLibraryUtil.java:38)
				at sun.reflect.NativeMethodAccessorImpl.invoke0(Native Method)
				at sun.reflect.NativeMethodAccessorImpl.invoke(NativeMethodAccessorImpl.java:62)
				at sun.reflect.DelegatingMethodAccessorImpl.invoke(DelegatingMethodAccessorImpl.java:43)
				at java.lang.reflect.Method.invoke(Method.java:498)
				at io.netty.util.internal.NativeLibraryLoader$1.run(NativeLibraryLoader.java:410)
				at java.security.AccessController.doPrivileged(Native Method)
				at io.netty.util.internal.NativeLibraryLoader.loadLibraryByHelper(NativeLibraryLoader.java:402)
				at io.netty.util.internal.NativeLibraryLoader.loadLibrary(NativeLibraryLoader.java:368)
				... 43 common frames omitted
Caused by: java.io.FileNotFoundException: META-INF/native/libnetty_transport_native_epoll_x86_64.so
	at io.netty.util.internal.NativeLibraryLoader.load(NativeLibraryLoader.java:171)
	... 42 common frames omitted
	Suppressed: java.lang.UnsatisfiedLinkError: no netty_transport_native_epoll_x86_64 in java.library.path
		at java.lang.ClassLoader.loadLibrary(ClassLoader.java:1860)
		at java.lang.Runtime.loadLibrary0(Runtime.java:843)
		at java.lang.System.loadLibrary(System.java:1136)
		at io.netty.util.internal.NativeLibraryUtil.loadLibrary(NativeLibraryUtil.java:38)
		at io.netty.util.internal.NativeLibraryLoader.loadLibrary(NativeLibraryLoader.java:376)
		at io.netty.util.internal.NativeLibraryLoader.load(NativeLibraryLoader.java:146)
		... 42 common frames omitted
		Suppressed: java.lang.UnsatisfiedLinkError: no netty_transport_native_epoll_x86_64 in java.library.path
			at java.lang.ClassLoader.loadLibrary(ClassLoader.java:1860)
			at java.lang.Runtime.loadLibrary0(Runtime.java:843)
			at java.lang.System.loadLibrary(System.java:1136)
			at io.netty.util.internal.NativeLibraryUtil.loadLibrary(NativeLibraryUtil.java:38)
			at sun.reflect.NativeMethodAccessorImpl.invoke0(Native Method)
			at sun.reflect.NativeMethodAccessorImpl.invoke(NativeMethodAccessorImpl.java:62)
			at sun.reflect.DelegatingMethodAccessorImpl.invoke(DelegatingMethodAccessorImpl.java:43)
			at java.lang.reflect.Method.invoke(Method.java:498)
			at io.netty.util.internal.NativeLibraryLoader$1.run(NativeLibraryLoader.java:410)
			at java.security.AccessController.doPrivileged(Native Method)
			at io.netty.util.internal.NativeLibraryLoader.loadLibraryByHelper(NativeLibraryLoader.java:402)
			at io.netty.util.internal.NativeLibraryLoader.loadLibrary(NativeLibraryLoader.java:368)
			... 43 common frames omitted
18:18:48.274 [main] DEBUG c.d.driver.core.SystemProperties - com.datastax.driver.EXTENDED_PEER_CHECK is undefined, using default value true
18:18:48.331 [main] DEBUG com.datastax.driver.core.Host.STATES - [/10.2.0.3:9042] preparing to open 1 new connections, total = 1
18:18:48.333 [main] DEBUG c.d.driver.core.SystemProperties - com.datastax.driver.DISABLE_COALESCING is undefined, using default value false
18:18:48.333 [main] DEBUG c.d.driver.core.SystemProperties - com.datastax.driver.FLUSHER_SCHEDULE_PERIOD_NS is undefined, using default value 10000
18:18:48.420 [cluster1-nio-worker-0] DEBUG com.datastax.driver.core.Connection - Connection[/10.2.0.3:9042-1, inFlight=0, closed=false] Connection established, initializing transport
18:18:48.483 [cluster1-nio-worker-0] DEBUG c.d.driver.core.SystemProperties - com.datastax.driver.NATIVE_TRANSPORT_MAX_FRAME_SIZE_IN_MB is undefined, using default value 256
18:18:48.496 [cluster1-nio-worker-0] DEBUG com.datastax.driver.core.Connection - [/10.2.0.3:9042] Host does not support protocol version V5 but V4
18:18:48.497 [cluster1-nio-worker-0] DEBUG com.datastax.driver.core.Connection - Connection[/10.2.0.3:9042-1, inFlight=0, closed=true] closing connection
18:18:48.498 [cluster1-nio-worker-0] DEBUG com.datastax.driver.core.Host.STATES - [/10.2.0.3:9042] Connection[/10.2.0.3:9042-1, inFlight=0, closed=true] closed, remaining = 0
18:18:48.500 [main] INFO  com.datastax.driver.core.Cluster - Cannot connect with protocol version V5, trying with V4
18:18:48.500 [main] DEBUG com.datastax.driver.core.Host.STATES - [/10.2.0.3:9042] preparing to open 1 new connections, total = 1
18:18:48.502 [cluster1-nio-worker-0] DEBUG com.datastax.driver.core.Connection - Connection[/10.2.0.3:9042-1, inFlight=0, closed=true] has already terminated
18:18:48.510 [cluster1-nio-worker-1] DEBUG com.datastax.driver.core.Connection - Connection[/10.2.0.3:9042-2, inFlight=0, closed=false] Connection established, initializing transport
18:18:48.523 [cluster1-nio-worker-1] DEBUG com.datastax.driver.core.Host.STATES - [/10.2.0.3:9042] Connection[/10.2.0.3:9042-2, inFlight=0, closed=false] Transport initialized, connection ready
18:18:48.550 [main] DEBUG c.d.driver.core.ControlConnection - [Control connection] Refreshing node list and token map
18:18:48.599 [main] DEBUG c.d.driver.core.ControlConnection - [Control connection] Refreshing schema
18:18:48.684 [main] DEBUG com.datastax.driver.core.Host.STATES - [Control connection] established to /10.2.0.3:9042
18:18:48.684 [main] INFO  c.d.d.c.p.DCAwareRoundRobinPolicy - Using data-center name 'datacenter1' for DCAwareRoundRobinPolicy (if this is incorrect, please provide the correct datacenter name with DCAwareRoundRobinPolicy constructor)
18:18:48.685 [main] INFO  com.datastax.driver.core.Cluster - New Cassandra host /10.2.0.3:9042 added
18:18:48.695 [main] DEBUG c.d.driver.core.SystemProperties - com.datastax.driver.CHECK_IO_DEADLOCKS is undefined, using default value true
18:18:48.697 [main] DEBUG com.datastax.driver.core.Host.STATES - [/10.2.0.3:9042] preparing to open 1 new connections, total = 2
18:18:48.704 [cluster1-nio-worker-2] DEBUG com.datastax.driver.core.Connection - Connection[/10.2.0.3:9042-3, inFlight=0, closed=false] Connection established, initializing transport
18:18:48.717 [cluster1-nio-worker-2] DEBUG com.datastax.driver.core.Host.STATES - [/10.2.0.3:9042] Connection[/10.2.0.3:9042-3, inFlight=0, closed=false] Transport initialized, connection ready
18:18:48.718 [cluster1-nio-worker-2] DEBUG c.d.driver.core.HostConnectionPool - Created connection pool to host /10.2.0.3:9042 (1 connections needed, 1 successfully opened)
18:18:48.719 [cluster1-nio-worker-2] DEBUG com.datastax.driver.core.Session - Added connection pool for /10.2.0.3:9042
18:18:48.773 [cluster1-nio-worker-1] DEBUG com.datastax.driver.core.Cluster - Received event EVENT CREATED KEYSPACE test, scheduling delivery
18:18:48.809 [cluster1-nio-worker-2] DEBUG com.datastax.driver.core.Cluster - Refreshing schema for test
18:18:48.820 [cluster1-worker-0] DEBUG c.d.driver.core.ControlConnection - Checking for schema agreement: versions are [2e8df65e-3c2e-3ebd-8df5-608b096297f3]
18:18:48.823 [cluster1-worker-1] DEBUG c.d.driver.core.ControlConnection - [Control connection] Refreshing schema for test
18:18:48.848 [main] DEBUG com.datastax.driver.core.Connection - Connection[/10.2.0.3:9042-3, inFlight=1, closed=false] Setting keyspace test
18:18:48.850 [cluster1-nio-worker-2] DEBUG com.datastax.driver.core.Connection - Connection[/10.2.0.3:9042-3, inFlight=1, closed=false] Keyspace set to test
18:18:48.920 [cluster1-nio-worker-1] DEBUG com.datastax.driver.core.Cluster - Received event EVENT UPDATED KEYSPACE test, scheduling delivery
18:18:48.938 [cluster1-nio-worker-1] DEBUG com.datastax.driver.core.Cluster - Received event EVENT CREATED TABLE test.x, scheduling delivery
18:18:48.971 [cluster1-nio-worker-2] DEBUG com.datastax.driver.core.Cluster - Refreshing schema for test.x (TABLE)
18:18:48.973 [cluster1-worker-0] DEBUG c.d.driver.core.ControlConnection - Checking for schema agreement: versions are [dda04645-188a-3e3d-b779-e61f4d07927a]
18:18:48.974 [cluster1-worker-1] DEBUG c.d.driver.core.ControlConnection - [Control connection] Refreshing schema for test
18:18:49.013 [main] DEBUG com.datastax.driver.core.Connection - Connection[/10.2.0.3:9042-3, inFlight=0, closed=true] closing connection
18:18:49.013 [main] DEBUG com.datastax.driver.core.Host.STATES - [/10.2.0.3:9042] Connection[/10.2.0.3:9042-3, inFlight=0, closed=true] closed, remaining = 1
18:18:49.014 [main] DEBUG com.datastax.driver.core.Cluster - Shutting down
18:18:49.015 [main] DEBUG com.datastax.driver.core.Connection - Connection[/10.2.0.3:9042-2, inFlight=0, closed=true] closing connection
18:18:49.015 [main] DEBUG com.datastax.driver.core.Host.STATES - [/10.2.0.3:9042] Connection[/10.2.0.3:9042-2, inFlight=0, closed=true] closed, remaining = 0
18:18:51.040 [main] INFO  io.redit.execution.RuntimeEngine - Sending test case event E1 ...
18:18:51.361 [qtp211968962-17] INFO  io.redit.execution.EventService - Event E1 received!
18:18:51.361 [main] INFO  io.redit.execution.RuntimeEngine - Waiting for event X1 ...
18:18:51.365 [main] INFO  i.r.e.s.SingleNodeRuntimeEngine - Restarting node server1 ...
18:19:01.996 [main] INFO  i.r.e.s.SingleNodeRuntimeEngine - Node server1 is restarted!
18:19:02.762 [main] INFO  i.r.s.cassandra14365.SampleTest - server1: cd /cassandra/apache-cassandra-2.2.16 && bin/nodetool status
18:19:02.762 [main] INFO  i.r.s.cassandra14365.SampleTest -
18:19:02.763 [main] INFO  i.r.s.cassandra14365.SampleTest - server1 startServer...
18:19:02.763 [main] INFO  io.redit.execution.RuntimeEngine - Sending test case event X1 ...
18:19:02.775 [qtp211968962-17] INFO  io.redit.execution.EventService - Event X1 received!
18:19:07.775 [main] INFO  io.redit.execution.RuntimeEngine - Waiting for event E2 ...
18:19:08.426 [main] INFO  i.r.s.cassandra14365.SampleTest - server1: cd /cassandra/apache-cassandra-2.2.16 && bin/nodetool status
18:19:08.426 [main] INFO  i.r.s.cassandra14365.SampleTest -
18:19:08.426 [main] INFO  io.redit.execution.RuntimeEngine - Sending test case event E2 ...
18:19:08.431 [qtp211968962-15] INFO  io.redit.execution.EventService - Event E2 received!
18:19:08.432 [main] INFO  io.redit.execution.RuntimeEngine - The run sequence is completed!
18:19:08.432 [main] INFO  i.r.s.cassandra14365.SampleTest - completed !!!
