[2023-01-31 09:17:08,849] INFO Registered kafka:type=kafka.Log4jController MBean (kafka.utils.Log4jControllerRegistration$)
[2023-01-31 09:17:09,325] INFO Setting -D jdk.tls.rejectClientInitiatedRenegotiation=true to disable client-initiated TLS renegotiation (org.apache.zookeeper.common.X509Util)
[2023-01-31 09:17:09,761] INFO [Log partition=@metadata-0, dir=/kafka/kafka_2.12-2.8.0/logs] Loading producer state till offset 0 with message format version 2 (kafka.log.Log)
[2023-01-31 09:17:09,876] INFO [raft-expiration-reaper]: Starting (kafka.raft.TimingWheelExpirationService$ExpiredOperationReaper)
[2023-01-31 09:17:10,132] INFO [RaftManager nodeId=1] Completed transition to Unattached(epoch=0, voters=[1, 2, 3], electionTimeoutMs=1794) (org.apache.kafka.raft.QuorumState)
[2023-01-31 09:17:10,189] INFO Registered signal handlers for TERM, INT, HUP (org.apache.kafka.common.utils.LoggingSignalHandler)
[2023-01-31 09:17:10,208] INFO [kafka-raft-outbound-request-thread]: Starting (kafka.raft.RaftSendThread)
[2023-01-31 09:17:10,216] INFO Starting controller (kafka.server.ControllerServer)
[2023-01-31 09:17:10,219] INFO [kafka-raft-io-thread]: Starting (kafka.raft.KafkaRaftManager$RaftIoThread)
[2023-01-31 09:17:11,132] INFO Updated connection-accept-rate max connection creation rate to 2147483647 (kafka.network.ConnectionQuotas)
[2023-01-31 09:17:11,140] INFO Awaiting socket connections on 0.0.0.0:19091. (kafka.network.Acceptor)
[2023-01-31 09:17:11,220] INFO [SocketServer listenerType=CONTROLLER, nodeId=1] Created data-plane acceptor and processors for endpoint : ListenerName(CONTROLLER) (kafka.network.SocketServer)
[2023-01-31 09:17:11,250] INFO [ThrottledChannelReaper-Fetch]: Starting (kafka.server.ClientQuotaManager$ThrottledChannelReaper)
[2023-01-31 09:17:11,251] INFO [ThrottledChannelReaper-Produce]: Starting (kafka.server.ClientQuotaManager$ThrottledChannelReaper)
[2023-01-31 09:17:11,252] INFO [ThrottledChannelReaper-Request]: Starting (kafka.server.ClientQuotaManager$ThrottledChannelReaper)
[2023-01-31 09:17:11,264] INFO [ThrottledChannelReaper-ControllerMutation]: Starting (kafka.server.ClientQuotaManager$ThrottledChannelReaper)
[2023-01-31 09:17:11,271] INFO [SocketServer listenerType=CONTROLLER, nodeId=1] Starting socket server acceptors and processors (kafka.network.SocketServer)
[2023-01-31 09:17:11,278] INFO [SocketServer listenerType=CONTROLLER, nodeId=1] Started data-plane acceptor and processor(s) for endpoint : ListenerName(CONTROLLER) (kafka.network.SocketServer)
[2023-01-31 09:17:11,278] INFO [SocketServer listenerType=CONTROLLER, nodeId=1] Started socket server acceptors and processors (kafka.network.SocketServer)
[2023-01-31 09:17:11,279] INFO [BrokerServer id=1] Starting broker (kafka.server.BrokerServer)
[2023-01-31 09:17:11,295] INFO [ThrottledChannelReaper-Fetch]: Starting (kafka.server.ClientQuotaManager$ThrottledChannelReaper)
[2023-01-31 09:17:11,296] INFO [ThrottledChannelReaper-Produce]: Starting (kafka.server.ClientQuotaManager$ThrottledChannelReaper)
[2023-01-31 09:17:11,296] INFO [ThrottledChannelReaper-Request]: Starting (kafka.server.ClientQuotaManager$ThrottledChannelReaper)
[2023-01-31 09:17:11,317] INFO [ThrottledChannelReaper-ControllerMutation]: Starting (kafka.server.ClientQuotaManager$ThrottledChannelReaper)
[2023-01-31 09:17:11,377] INFO [broker-1-to-controller-send-thread]: Starting (kafka.server.BrokerToControllerRequestThread)
[2023-01-31 09:17:11,518] INFO Updated connection-accept-rate max connection creation rate to 2147483647 (kafka.network.ConnectionQuotas)
[2023-01-31 09:17:11,519] INFO Awaiting socket connections on 0.0.0.0:9092. (kafka.network.Acceptor)
[2023-01-31 09:17:11,548] INFO [SocketServer listenerType=BROKER, nodeId=1] Created data-plane acceptor and processors for endpoint : ListenerName(PLAINTEXT) (kafka.network.SocketServer)
[2023-01-31 09:17:11,565] INFO [broker-1-to-controller-send-thread]: Starting (kafka.server.BrokerToControllerRequestThread)
[2023-01-31 09:17:11,575] INFO [ExpirationReaper-1-Produce]: Starting (kafka.server.DelayedOperationPurgatory$ExpiredOperationReaper)
[2023-01-31 09:17:11,578] INFO [ExpirationReaper-1-Fetch]: Starting (kafka.server.DelayedOperationPurgatory$ExpiredOperationReaper)
[2023-01-31 09:17:11,579] INFO [ExpirationReaper-1-DeleteRecords]: Starting (kafka.server.DelayedOperationPurgatory$ExpiredOperationReaper)
[2023-01-31 09:17:11,586] INFO [ExpirationReaper-1-ElectLeader]: Starting (kafka.server.DelayedOperationPurgatory$ExpiredOperationReaper)
[2023-01-31 09:17:11,594] INFO [ExpirationReaper-1-Heartbeat]: Starting (kafka.server.DelayedOperationPurgatory$ExpiredOperationReaper)
[2023-01-31 09:17:11,606] INFO [ExpirationReaper-1-Rebalance]: Starting (kafka.server.DelayedOperationPurgatory$ExpiredOperationReaper)
[2023-01-31 09:17:11,654] INFO [broker-1-to-controller-send-thread]: Starting (kafka.server.BrokerToControllerRequestThread)
[2023-01-31 09:17:11,704] INFO [RaftManager nodeId=1] Completed transition to Candidate(localId=1, epoch=1, retries=1, electionTimeoutMs=1882) (org.apache.kafka.raft.QuorumState)
[2023-01-31 09:17:11,749] INFO [BrokerLifecycleManager id=1] Incarnation hHpUHA1aRyWKH-wjaWw9_w of broker 1 in cluster EyyC4WeOQEeWWBFbRQextA is now STARTING. (kafka.server.BrokerLifecycleManager)
[2023-01-31 09:17:11,794] INFO [broker-1-to-controller-send-thread]: Starting (kafka.server.BrokerToControllerRequestThread)
[2023-01-31 09:17:11,847] INFO [ExpirationReaper-1-AlterAcls]: Starting (kafka.server.DelayedOperationPurgatory$ExpiredOperationReaper)
[2023-01-31 09:17:11,898] INFO [RaftManager nodeId=1] Vote request VoteRequestData(clusterId=null, topics=[TopicData(topicName='@metadata', partitions=[PartitionData(partitionIndex=0, candidateEpoch=1, candidateId=3, lastOffsetEpoch=0, lastOffset=0)])]) is rejected (org.apache.kafka.raft.KafkaRaftClient)
[2023-01-31 09:17:11,919] INFO [RaftManager nodeId=1] Vote request VoteRequestData(clusterId=null, topics=[TopicData(topicName='@metadata', partitions=[PartitionData(partitionIndex=0, candidateEpoch=1, candidateId=2, lastOffsetEpoch=0, lastOffset=0)])]) is rejected (org.apache.kafka.raft.KafkaRaftClient)
[2023-01-31 09:17:11,938] INFO [RaftManager nodeId=1] Completed transition to Unattached(epoch=2, voters=[1, 2, 3], electionTimeoutMs=1643) (org.apache.kafka.raft.QuorumState)
[2023-01-31 09:17:11,947] INFO [RaftManager nodeId=1] Completed transition to Voted(epoch=2, votedId=3, voters=[1, 2, 3], electionTimeoutMs=1770) (org.apache.kafka.raft.QuorumState)
[2023-01-31 09:17:11,947] INFO [RaftManager nodeId=1] Vote request VoteRequestData(clusterId=null, topics=[TopicData(topicName='@metadata', partitions=[PartitionData(partitionIndex=0, candidateEpoch=2, candidateId=3, lastOffsetEpoch=0, lastOffset=0)])]) is granted (org.apache.kafka.raft.KafkaRaftClient)
[2023-01-31 09:17:12,127] INFO [RaftManager nodeId=1] Completed transition to FollowerState(fetchTimeoutMs=2000, epoch=2, leaderId=3, voters=[1, 2, 3]) (org.apache.kafka.raft.QuorumState)
[2023-01-31 09:17:12,196] INFO [broker-1-to-controller-send-thread]: Recorded new controller, from now on will use broker redit_sample-kafka_server3_1675156616.redit_sample-kafka_1675156615:19091 (id: 3 rack: null) (kafka.server.BrokerToControllerRequestThread)
[2023-01-31 09:17:12,200] INFO [broker-1-to-controller-send-thread]: Recorded new controller, from now on will use broker redit_sample-kafka_server3_1675156616.redit_sample-kafka_1675156615:19091 (id: 3 rack: null) (kafka.server.BrokerToControllerRequestThread)
[2023-01-31 09:17:12,201] INFO [broker-1-to-controller-send-thread]: Recorded new controller, from now on will use broker redit_sample-kafka_server3_1675156616.redit_sample-kafka_1675156615:19091 (id: 3 rack: null) (kafka.server.BrokerToControllerRequestThread)
[2023-01-31 09:17:12,214] INFO [broker-1-to-controller-send-thread]: Recorded new controller, from now on will use broker redit_sample-kafka_server3_1675156616.redit_sample-kafka_1675156615:19091 (id: 3 rack: null) (kafka.server.BrokerToControllerRequestThread)
[2023-01-31 09:17:12,273] INFO [Controller 1] Registered new broker: RegisterBrokerRecord(brokerId=3, incarnationId=X4agnZIZR8W-VdCD8t6NyQ, brokerEpoch=0, endPoints=[BrokerEndpoint(name='PLAINTEXT', host='server3', port=9092, securityProtocol=0)], features=[], rack=null) (org.apache.kafka.controller.ClusterControlManager)
[2023-01-31 09:17:12,274] INFO [Controller 1] Registered new broker: RegisterBrokerRecord(brokerId=2, incarnationId=vZ-ZysZMS_aTNIB1kPTblw, brokerEpoch=2, endPoints=[BrokerEndpoint(name='PLAINTEXT', host='server2', port=9092, securityProtocol=0)], features=[], rack=null) (org.apache.kafka.controller.ClusterControlManager)
[2023-01-31 09:17:12,282] INFO [BrokerLifecycleManager id=1] Successfully registered broker 1 with broker epoch 3 (kafka.server.BrokerLifecycleManager)
[2023-01-31 09:17:12,730] INFO [Controller 1] Registered new broker: RegisterBrokerRecord(brokerId=1, incarnationId=hHpUHA1aRyWKH-wjaWw9_w, brokerEpoch=3, endPoints=[BrokerEndpoint(name='PLAINTEXT', host='server1', port=9092, securityProtocol=0)], features=[], rack=null) (org.apache.kafka.controller.ClusterControlManager)
[2023-01-31 09:17:13,240] INFO [Controller 1] Unfenced broker: UnfenceBrokerRecord(id=3, epoch=0) (org.apache.kafka.controller.ClusterControlManager)
[2023-01-31 09:17:13,260] INFO [BrokerLifecycleManager id=1] The broker has caught up. Transitioning from STARTING to RECOVERY. (kafka.server.BrokerLifecycleManager)
[2023-01-31 09:17:13,261] INFO Loading logs from log dirs ArraySeq(/kafka/kafka_2.12-2.8.0/logs) (kafka.log.LogManager)
[2023-01-31 09:17:13,267] INFO Attempting recovery for all logs in /kafka/kafka_2.12-2.8.0/logs since no clean shutdown file was found (kafka.log.LogManager)
[2023-01-31 09:17:13,281] INFO Loaded 0 logs in 21ms. (kafka.log.LogManager)
[2023-01-31 09:17:13,282] INFO Starting log cleanup with a period of 300000 ms. (kafka.log.LogManager)
[2023-01-31 09:17:13,285] INFO Starting log flusher with a default period of 9223372036854775807 ms. (kafka.log.LogManager)
[2023-01-31 09:17:13,385] INFO [broker-1-to-controller-send-thread]: Recorded new controller, from now on will use broker redit_sample-kafka_server3_1675156616.redit_sample-kafka_1675156615:19091 (id: 3 rack: null) (kafka.server.BrokerToControllerRequestThread)
[2023-01-31 09:17:13,416] INFO [GroupCoordinator 1]: Starting up. (kafka.coordinator.group.GroupCoordinator)
[2023-01-31 09:17:13,418] INFO [GroupCoordinator 1]: Startup complete. (kafka.coordinator.group.GroupCoordinator)
[2023-01-31 09:17:13,418] INFO [TransactionCoordinator id=1] Starting up. (kafka.coordinator.transaction.TransactionCoordinator)
[2023-01-31 09:17:13,427] INFO [TransactionCoordinator id=1] Startup complete. (kafka.coordinator.transaction.TransactionCoordinator)
[2023-01-31 09:17:13,427] INFO [LogDirFailureHandler]: Starting (kafka.server.ReplicaManager$LogDirFailureHandler)
[2023-01-31 09:17:13,440] INFO [broker-1-to-controller-send-thread]: Recorded new controller, from now on will use broker redit_sample-kafka_server3_1675156616.redit_sample-kafka_1675156615:19091 (id: 3 rack: null) (kafka.server.BrokerToControllerRequestThread)
[2023-01-31 09:17:13,445] INFO [SocketServer listenerType=BROKER, nodeId=1] Starting socket server acceptors and processors (kafka.network.SocketServer)
[2023-01-31 09:17:13,486] INFO [SocketServer listenerType=BROKER, nodeId=1] Started data-plane acceptor and processor(s) for endpoint : ListenerName(PLAINTEXT) (kafka.network.SocketServer)
[2023-01-31 09:17:13,487] INFO [SocketServer listenerType=BROKER, nodeId=1] Started socket server acceptors and processors (kafka.network.SocketServer)
[2023-01-31 09:17:13,487] INFO Kafka version: 2.8.0 (org.apache.kafka.common.utils.AppInfoParser)
[2023-01-31 09:17:13,487] INFO Kafka commitId: unknown (org.apache.kafka.common.utils.AppInfoParser)
[2023-01-31 09:17:13,488] INFO Kafka startTimeMs: 1675156633487 (org.apache.kafka.common.utils.AppInfoParser)
[2023-01-31 09:17:13,501] INFO [Transaction Marker Channel Manager 1]: Starting (kafka.coordinator.transaction.TransactionMarkerChannelManager)
[2023-01-31 09:17:13,503] INFO Kafka Server started (kafka.server.KafkaRaftServer)
