17:43:15.787 [main] INFO  io.redit.execution.RuntimeEngine - Waiting for event X1 ...
17:43:15.836 [main] INFO  i.r.samples.zookeeper3479.io.redit.samples.activemq7337.SampleTest - leader: server3
17:43:15.836 [main] INFO  i.r.e.s.SingleNodeRuntimeEngine - Restarting node server3 ...
17:43:26.508 [main] INFO  i.r.e.s.SingleNodeRuntimeEngine - Node server3 is restarted!
17:43:26.509 [main] INFO  io.redit.execution.RuntimeEngine - Sending test case event X1 ...
17:43:26.509 [Thread-26] INFO  i.r.samples.zookeeper3479.io.redit.samples.activemq7337.SampleTest - server3 startServer...
17:43:26.658 [qtp1906808037-23] INFO  io.redit.execution.EventService - Event X1 received!
17:43:31.660 [main] INFO  io.redit.execution.RuntimeEngine - Waiting for event E1 ...
17:43:31.665 [main] INFO  i.r.samples.zookeeper3479.io.redit.samples.activemq7337.SampleTest - server1 checkStatus...
17:43:31.823 [main] INFO  i.r.samples.zookeeper3479.io.redit.samples.activemq7337.SampleTest - server1: cd /zookeeper/apache-zookeeper-3.5.5-bin && bin/zkServer.sh status
17:43:31.824 [main] INFO  i.r.samples.zookeeper3479.io.redit.samples.activemq7337.SampleTest - Client port found: 2181. Client address: localhost.
Mode: follower

17:43:31.824 [main] INFO  i.r.samples.zookeeper3479.io.redit.samples.activemq7337.SampleTest - server2 checkStatus...
17:43:31.997 [main] INFO  i.r.samples.zookeeper3479.io.redit.samples.activemq7337.SampleTest - server2: cd /zookeeper/apache-zookeeper-3.5.5-bin && bin/zkServer.sh status
17:43:31.997 [main] INFO  i.r.samples.zookeeper3479.io.redit.samples.activemq7337.SampleTest - Client port found: 2181. Client address: localhost.
Mode: leader

17:43:31.997 [main] INFO  i.r.samples.zookeeper3479.io.redit.samples.activemq7337.SampleTest - server3 checkStatus...
17:43:32.169 [main] INFO  i.r.samples.zookeeper3479.io.redit.samples.activemq7337.SampleTest - server3: cd /zookeeper/apache-zookeeper-3.5.5-bin && bin/zkServer.sh status
17:43:32.169 [main] INFO  i.r.samples.zookeeper3479.io.redit.samples.activemq7337.SampleTest - Client port found: 2181. Client address: localhost.
Mode: follower

17:43:32.169 [main] INFO  i.r.samples.zookeeper3479.io.redit.samples.activemq7337.SampleTest - leader: server2
17:43:32.169 [main] INFO  io.redit.execution.RuntimeEngine - Sending test case event E1 ...
17:43:32.174 [qtp1906808037-61] INFO  io.redit.execution.EventService - Event E1 received!
17:43:32.174 [main] INFO  io.redit.execution.RuntimeEngine - The run sequence is completed!
17:43:32.174 [main] INFO  i.r.samples.zookeeper3479.io.redit.samples.activemq7337.SampleTest - completed !!!
