[2022-12-12 09:31:57,512] INFO Registered kafka:type=kafka.Log4jController MBean (kafka.utils.Log4jControllerRegistration$)
[2022-12-12 09:31:57,689] INFO Setting -D jdk.tls.rejectClientInitiatedRenegotiation=true to disable client-initiated TLS renegotiation (org.apache.zookeeper.common.X509Util)
[2022-12-12 09:31:57,807] INFO [Log partition=@metadata-0, dir=/kafka/kafka_2.12-2.8.0/logs] Loading producer state till offset 0 with message format version 2 (kafka.log.Log)
[2022-12-12 09:31:57,834] INFO [raft-expiration-reaper]: Starting (kafka.raft.TimingWheelExpirationService$ExpiredOperationReaper)
[2022-12-12 09:31:57,927] INFO [RaftManager nodeId=1] Completed transition to Unattached(epoch=0, voters=[1, 2, 3], electionTimeoutMs=1746) (org.apache.kafka.raft.QuorumState)
[2022-12-12 09:31:57,941] INFO Registered signal handlers for TERM, INT, HUP (org.apache.kafka.common.utils.LoggingSignalHandler)
[2022-12-12 09:31:57,944] INFO [kafka-raft-outbound-request-thread]: Starting (kafka.raft.RaftSendThread)
[2022-12-12 09:31:57,944] INFO [kafka-raft-io-thread]: Starting (kafka.raft.KafkaRaftManager$RaftIoThread)
[2022-12-12 09:31:57,945] INFO Starting controller (kafka.server.ControllerServer)
[2022-12-12 09:31:58,157] INFO Updated connection-accept-rate max connection creation rate to 2147483647 (kafka.network.ConnectionQuotas)
[2022-12-12 09:31:58,160] INFO Awaiting socket connections on 0.0.0.0:19091. (kafka.network.Acceptor)
[2022-12-12 09:31:58,178] INFO [SocketServer listenerType=CONTROLLER, nodeId=1] Created data-plane acceptor and processors for endpoint : ListenerName(CONTROLLER) (kafka.network.SocketServer)
[2022-12-12 09:31:58,191] INFO [ThrottledChannelReaper-Fetch]: Starting (kafka.server.ClientQuotaManager$ThrottledChannelReaper)
[2022-12-12 09:31:58,192] INFO [ThrottledChannelReaper-Produce]: Starting (kafka.server.ClientQuotaManager$ThrottledChannelReaper)
[2022-12-12 09:31:58,192] INFO [ThrottledChannelReaper-Request]: Starting (kafka.server.ClientQuotaManager$ThrottledChannelReaper)
[2022-12-12 09:31:58,193] INFO [ThrottledChannelReaper-ControllerMutation]: Starting (kafka.server.ClientQuotaManager$ThrottledChannelReaper)
[2022-12-12 09:31:58,199] INFO [SocketServer listenerType=CONTROLLER, nodeId=1] Starting socket server acceptors and processors (kafka.network.SocketServer)
[2022-12-12 09:31:58,203] INFO [SocketServer listenerType=CONTROLLER, nodeId=1] Started data-plane acceptor and processor(s) for endpoint : ListenerName(CONTROLLER) (kafka.network.SocketServer)
[2022-12-12 09:31:58,203] INFO [SocketServer listenerType=CONTROLLER, nodeId=1] Started socket server acceptors and processors (kafka.network.SocketServer)
[2022-12-12 09:31:58,204] INFO [BrokerServer id=1] Starting broker (kafka.server.BrokerServer)
[2022-12-12 09:31:58,205] INFO [ThrottledChannelReaper-Fetch]: Starting (kafka.server.ClientQuotaManager$ThrottledChannelReaper)
[2022-12-12 09:31:58,205] INFO [ThrottledChannelReaper-Produce]: Starting (kafka.server.ClientQuotaManager$ThrottledChannelReaper)
[2022-12-12 09:31:58,205] INFO [ThrottledChannelReaper-Request]: Starting (kafka.server.ClientQuotaManager$ThrottledChannelReaper)
[2022-12-12 09:31:58,205] INFO [ThrottledChannelReaper-ControllerMutation]: Starting (kafka.server.ClientQuotaManager$ThrottledChannelReaper)
[2022-12-12 09:31:58,225] INFO [broker-1-to-controller-send-thread]: Starting (kafka.server.BrokerToControllerRequestThread)
[2022-12-12 09:31:58,246] INFO Updated connection-accept-rate max connection creation rate to 2147483647 (kafka.network.ConnectionQuotas)
[2022-12-12 09:31:58,246] INFO Awaiting socket connections on 0.0.0.0:9092. (kafka.network.Acceptor)
[2022-12-12 09:31:58,254] INFO [SocketServer listenerType=BROKER, nodeId=1] Created data-plane acceptor and processors for endpoint : ListenerName(PLAINTEXT) (kafka.network.SocketServer)
[2022-12-12 09:31:58,257] INFO [broker-1-to-controller-send-thread]: Starting (kafka.server.BrokerToControllerRequestThread)
[2022-12-12 09:31:58,267] INFO [ExpirationReaper-1-Produce]: Starting (kafka.server.DelayedOperationPurgatory$ExpiredOperationReaper)
[2022-12-12 09:31:58,267] INFO [ExpirationReaper-1-Fetch]: Starting (kafka.server.DelayedOperationPurgatory$ExpiredOperationReaper)
[2022-12-12 09:31:58,267] INFO [ExpirationReaper-1-DeleteRecords]: Starting (kafka.server.DelayedOperationPurgatory$ExpiredOperationReaper)
[2022-12-12 09:31:58,267] INFO [ExpirationReaper-1-ElectLeader]: Starting (kafka.server.DelayedOperationPurgatory$ExpiredOperationReaper)
[2022-12-12 09:31:58,277] INFO [ExpirationReaper-1-Heartbeat]: Starting (kafka.server.DelayedOperationPurgatory$ExpiredOperationReaper)
[2022-12-12 09:31:58,277] INFO [ExpirationReaper-1-Rebalance]: Starting (kafka.server.DelayedOperationPurgatory$ExpiredOperationReaper)
[2022-12-12 09:31:58,294] INFO [broker-1-to-controller-send-thread]: Starting (kafka.server.BrokerToControllerRequestThread)
[2022-12-12 09:31:58,302] INFO [broker-1-to-controller-send-thread]: Starting (kafka.server.BrokerToControllerRequestThread)
[2022-12-12 09:31:58,304] INFO [BrokerLifecycleManager id=1] Incarnation 7m4trFY1QxOh8kflPuQ_nA of broker 1 in cluster t9lNSbh7SyOZcD7OvCWwcA is now STARTING. (kafka.server.BrokerLifecycleManager)
[2022-12-12 09:31:58,315] INFO [ExpirationReaper-1-AlterAcls]: Starting (kafka.server.DelayedOperationPurgatory$ExpiredOperationReaper)
[2022-12-12 09:31:59,226] INFO [RaftManager nodeId=1] Completed transition to Unattached(epoch=1, voters=[1, 2, 3], electionTimeoutMs=369) (org.apache.kafka.raft.QuorumState)
[2022-12-12 09:31:59,236] INFO [RaftManager nodeId=1] Completed transition to Voted(epoch=1, votedId=3, voters=[1, 2, 3], electionTimeoutMs=1757) (org.apache.kafka.raft.QuorumState)
[2022-12-12 09:31:59,236] INFO [RaftManager nodeId=1] Vote request VoteRequestData(clusterId=null, topics=[TopicData(topicName='@metadata', partitions=[PartitionData(partitionIndex=0, candidateEpoch=1, candidateId=3, lastOffsetEpoch=0, lastOffset=0)])]) is granted (org.apache.kafka.raft.KafkaRaftClient)
[2022-12-12 09:31:59,288] INFO [RaftManager nodeId=1] Completed transition to FollowerState(fetchTimeoutMs=2000, epoch=1, leaderId=3, voters=[1, 2, 3]) (org.apache.kafka.raft.QuorumState)
[2022-12-12 09:31:59,305] INFO [broker-1-to-controller-send-thread]: Recorded new controller, from now on will use broker redit_sample-kafka_server3_1670837508.redit_sample-kafka_1670837508:19091 (id: 3 rack: null) (kafka.server.BrokerToControllerRequestThread)
[2022-12-12 09:31:59,309] INFO [broker-1-to-controller-send-thread]: Recorded new controller, from now on will use broker redit_sample-kafka_server3_1670837508.redit_sample-kafka_1670837508:19091 (id: 3 rack: null) (kafka.server.BrokerToControllerRequestThread)
[2022-12-12 09:31:59,313] ERROR [broker-1-to-controller-send-thread]: unhandled exception caught in InterBrokerSendThread (kafka.server.BrokerToControllerRequestThread)
java.lang.NullPointerException
	at org.apache.kafka.common.message.BrokerRegistrationRequestData$Listener.addSize(BrokerRegistrationRequestData.java:515)
	at org.apache.kafka.common.message.BrokerRegistrationRequestData.addSize(BrokerRegistrationRequestData.java:216)
	at org.apache.kafka.common.protocol.SendBuilder.buildSend(SendBuilder.java:218)
	at org.apache.kafka.common.protocol.SendBuilder.buildRequestSend(SendBuilder.java:187)
	at org.apache.kafka.common.requests.AbstractRequest.toSend(AbstractRequest.java:101)
	at org.apache.kafka.clients.NetworkClient.doSend(NetworkClient.java:525)
	at org.apache.kafka.clients.NetworkClient.doSend(NetworkClient.java:501)
	at org.apache.kafka.clients.NetworkClient.send(NetworkClient.java:461)
	at kafka.common.InterBrokerSendThread.$anonfun$sendRequests$1(InterBrokerSendThread.scala:104)
	at kafka.common.InterBrokerSendThread.$anonfun$sendRequests$1$adapted(InterBrokerSendThread.scala:99)
	at scala.collection.IterableOnceOps.foreach(IterableOnce.scala:563)
	at scala.collection.IterableOnceOps.foreach$(IterableOnce.scala:561)
	at scala.collection.AbstractIterable.foreach(Iterable.scala:919)
	at kafka.common.InterBrokerSendThread.sendRequests(InterBrokerSendThread.scala:99)
	at kafka.common.InterBrokerSendThread.pollOnce(InterBrokerSendThread.scala:73)
	at kafka.server.BrokerToControllerRequestThread.doWork(BrokerToControllerChannelManager.scala:368)
	at kafka.utils.ShutdownableThread.run(ShutdownableThread.scala:96)
[2022-12-12 09:31:59,315] INFO [broker-1-to-controller-send-thread]: Stopped (kafka.server.BrokerToControllerRequestThread)
[2022-12-12 09:31:59,316] INFO [kafka-raft-io-thread]: Shutting down (kafka.raft.KafkaRaftManager$RaftIoThread)
[2022-12-12 09:31:59,316] INFO [RaftManager nodeId=1] Beginning graceful shutdown (org.apache.kafka.raft.KafkaRaftClient)
[2022-12-12 09:31:59,317] INFO [RaftManager nodeId=1] Graceful shutdown completed (org.apache.kafka.raft.KafkaRaftClient)
[2022-12-12 09:31:59,317] INFO [kafka-raft-io-thread]: Completed graceful shutdown of RaftClient (kafka.raft.KafkaRaftManager$RaftIoThread)
[2022-12-12 09:31:59,317] INFO [kafka-raft-io-thread]: Stopped (kafka.raft.KafkaRaftManager$RaftIoThread)
[2022-12-12 09:31:59,317] INFO [kafka-raft-io-thread]: Shutdown completed (kafka.raft.KafkaRaftManager$RaftIoThread)
[2022-12-12 09:31:59,318] INFO [kafka-raft-outbound-request-thread]: Shutting down (kafka.raft.RaftSendThread)
[2022-12-12 09:31:59,319] INFO [kafka-raft-outbound-request-thread]: Stopped (kafka.raft.RaftSendThread)
[2022-12-12 09:31:59,319] INFO [kafka-raft-outbound-request-thread]: Shutdown completed (kafka.raft.RaftSendThread)
[2022-12-12 09:31:59,330] INFO [ControllerServer id=1] shutting down (kafka.server.ControllerServer)
[2022-12-12 09:31:59,330] INFO [SocketServer listenerType=CONTROLLER, nodeId=1] Stopping socket server request processors (kafka.network.SocketServer)
[2022-12-12 09:31:59,334] INFO [broker-1-to-controller-send-thread]: Recorded new controller, from now on will use broker redit_sample-kafka_server3_1670837508.redit_sample-kafka_1670837508:19091 (id: 3 rack: null) (kafka.server.BrokerToControllerRequestThread)
[2022-12-12 09:31:59,336] INFO [SocketServer listenerType=CONTROLLER, nodeId=1] Stopped socket server request processors (kafka.network.SocketServer)
[2022-12-12 09:31:59,336] INFO [Controller 1] QuorumController#beginShutdown: shutting down event queue. (org.apache.kafka.queue.KafkaEventQueue)
[2022-12-12 09:31:59,337] INFO [SocketServer listenerType=CONTROLLER, nodeId=1] Shutting down socket server (kafka.network.SocketServer)
[2022-12-12 09:31:59,345] INFO [SocketServer listenerType=CONTROLLER, nodeId=1] Shutdown completed (kafka.network.SocketServer)
[2022-12-12 09:31:59,345] INFO [data-plane Kafka Request Handler on Broker 1], shutting down (kafka.server.KafkaRequestHandlerPool)
[2022-12-12 09:31:59,346] INFO [data-plane Kafka Request Handler on Broker 1], shut down completely (kafka.server.KafkaRequestHandlerPool)
[2022-12-12 09:31:59,346] INFO [ThrottledChannelReaper-Fetch]: Shutting down (kafka.server.ClientQuotaManager$ThrottledChannelReaper)
[2022-12-12 09:31:59,361] INFO [broker-1-to-controller-send-thread]: Recorded new controller, from now on will use broker redit_sample-kafka_server3_1670837508.redit_sample-kafka_1670837508:19091 (id: 3 rack: null) (kafka.server.BrokerToControllerRequestThread)
[2022-12-12 09:32:00,192] INFO [ThrottledChannelReaper-Fetch]: Stopped (kafka.server.ClientQuotaManager$ThrottledChannelReaper)
[2022-12-12 09:32:00,192] INFO [ThrottledChannelReaper-Fetch]: Shutdown completed (kafka.server.ClientQuotaManager$ThrottledChannelReaper)
[2022-12-12 09:32:00,193] INFO [ThrottledChannelReaper-Produce]: Shutting down (kafka.server.ClientQuotaManager$ThrottledChannelReaper)
[2022-12-12 09:32:01,192] INFO [ThrottledChannelReaper-Produce]: Stopped (kafka.server.ClientQuotaManager$ThrottledChannelReaper)
[2022-12-12 09:32:01,192] INFO [ThrottledChannelReaper-Produce]: Shutdown completed (kafka.server.ClientQuotaManager$ThrottledChannelReaper)
[2022-12-12 09:32:01,193] INFO [ThrottledChannelReaper-Request]: Shutting down (kafka.server.ClientQuotaManager$ThrottledChannelReaper)
[2022-12-12 09:32:02,193] INFO [ThrottledChannelReaper-Request]: Stopped (kafka.server.ClientQuotaManager$ThrottledChannelReaper)
[2022-12-12 09:32:02,193] INFO [ThrottledChannelReaper-Request]: Shutdown completed (kafka.server.ClientQuotaManager$ThrottledChannelReaper)
[2022-12-12 09:32:02,193] INFO [ThrottledChannelReaper-ControllerMutation]: Shutting down (kafka.server.ClientQuotaManager$ThrottledChannelReaper)
[2022-12-12 09:32:02,193] INFO [ThrottledChannelReaper-ControllerMutation]: Stopped (kafka.server.ClientQuotaManager$ThrottledChannelReaper)
[2022-12-12 09:32:02,193] INFO [ThrottledChannelReaper-ControllerMutation]: Shutdown completed (kafka.server.ClientQuotaManager$ThrottledChannelReaper)
[2022-12-12 09:32:02,194] INFO [Controller 1] closed event queue. (org.apache.kafka.queue.KafkaEventQueue)
[2022-12-12 09:32:02,198] INFO App info kafka.server for 1 unregistered (org.apache.kafka.common.utils.AppInfoParser)
