INFO  [main] 2023-01-04 10:24:50,614 YamlConfigurationLoader.java:89 - Configuration location: file:/cassandra/apache-cassandra-3.11.6/conf/cassandra.yaml
INFO  [main] 2023-01-04 10:24:50,763 Config.java:516 - Node configuration:[allocate_tokens_for_keyspace=null; authenticator=AllowAllAuthenticator; authorizer=AllowAllAuthorizer; auto_bootstrap=true; auto_snapshot=true; back_pressure_enabled=false; back_pressure_strategy=org.apache.cassandra.net.RateBasedBackPressure{high_ratio=0.9, factor=5, flow=FAST}; batch_size_fail_threshold_in_kb=50; batch_size_warn_threshold_in_kb=5; batchlog_replay_throttle_in_kb=1024; broadcast_address=null; broadcast_rpc_address=null; buffer_pool_use_heap_if_exhausted=true; cas_contention_timeout_in_ms=1000; cdc_enabled=false; cdc_free_space_check_interval_ms=250; cdc_raw_directory=null; cdc_total_space_in_mb=0; client_encryption_options=<REDACTED>; cluster_name=Test Cluster; column_index_cache_size_in_kb=2; column_index_size_in_kb=64; commit_failure_policy=stop; commitlog_compression=null; commitlog_directory=/opt/cassandra/commitlog_directory; commitlog_max_compression_buffers_in_pool=3; commitlog_periodic_queue_size=-1; commitlog_segment_size_in_mb=32; commitlog_sync=periodic; commitlog_sync_batch_window_in_ms=NaN; commitlog_sync_period_in_ms=10000; commitlog_total_space_in_mb=null; compaction_large_partition_warning_threshold_mb=100; compaction_throughput_mb_per_sec=16; concurrent_compactors=null; concurrent_counter_writes=32; concurrent_materialized_view_writes=32; concurrent_reads=32; concurrent_replicates=null; concurrent_writes=32; counter_cache_keys_to_save=2147483647; counter_cache_save_period=7200; counter_cache_size_in_mb=null; counter_write_request_timeout_in_ms=5000; credentials_cache_max_entries=1000; credentials_update_interval_in_ms=-1; credentials_validity_in_ms=2000; cross_node_timeout=false; data_file_directories=[Ljava.lang.String;@4b168fa9; disk_access_mode=auto; disk_failure_policy=stop; disk_optimization_estimate_percentile=0.95; disk_optimization_page_cross_chance=0.1; disk_optimization_strategy=ssd; dynamic_snitch=true; dynamic_snitch_badness_threshold=0.1; dynamic_snitch_reset_interval_in_ms=600000; dynamic_snitch_update_interval_in_ms=100; enable_materialized_views=true; enable_sasi_indexes=true; enable_scripted_user_defined_functions=false; enable_user_defined_functions=true; enable_user_defined_functions_threads=true; encryption_options=null; endpoint_snitch=SimpleSnitch; file_cache_round_up=null; file_cache_size_in_mb=null; gc_log_threshold_in_ms=200; gc_warn_threshold_in_ms=1000; hinted_handoff_disabled_datacenters=[]; hinted_handoff_enabled=true; hinted_handoff_throttle_in_kb=1024; hints_compression=null; hints_directory=/opt/cassandra/hints_directory; hints_flush_period_in_ms=10000; incremental_backups=false; index_interval=null; index_summary_capacity_in_mb=null; index_summary_resize_interval_in_minutes=60; initial_token=null; inter_dc_stream_throughput_outbound_megabits_per_sec=200; inter_dc_tcp_nodelay=false; internode_authenticator=null; internode_compression=dc; internode_recv_buff_size_in_bytes=0; internode_send_buff_size_in_bytes=0; key_cache_keys_to_save=2147483647; key_cache_save_period=14400; key_cache_size_in_mb=null; listen_address=10.2.0.2; listen_interface=null; listen_interface_prefer_ipv6=false; listen_on_broadcast_address=false; max_hint_window_in_ms=10800000; max_hints_delivery_threads=2; max_hints_file_size_in_mb=128; max_mutation_size_in_kb=null; max_streaming_retries=3; max_value_size_in_mb=256; memtable_allocation_type=heap_buffers; memtable_cleanup_threshold=null; memtable_flush_writers=0; memtable_heap_space_in_mb=null; memtable_offheap_space_in_mb=null; min_free_space_per_drive_in_mb=50; native_transport_flush_in_batches_legacy=true; native_transport_max_concurrent_connections=-1; native_transport_max_concurrent_connections_per_ip=-1; native_transport_max_concurrent_requests_in_bytes=-1; native_transport_max_concurrent_requests_in_bytes_per_ip=-1; native_transport_max_frame_size_in_mb=256; native_transport_max_negotiable_protocol_version=-2147483648; native_transport_max_threads=128; native_transport_port=9042; native_transport_port_ssl=null; num_tokens=256; otc_backlog_expiration_interval_ms=200; otc_coalescing_enough_coalesced_messages=8; otc_coalescing_strategy=DISABLED; otc_coalescing_window_us=200; partitioner=org.apache.cassandra.dht.Murmur3Partitioner; permissions_cache_max_entries=1000; permissions_update_interval_in_ms=-1; permissions_validity_in_ms=2000; phi_convict_threshold=8.0; prepared_statements_cache_size_mb=null; range_request_timeout_in_ms=10000; read_request_timeout_in_ms=5000; repair_session_max_tree_depth=18; request_scheduler=org.apache.cassandra.scheduler.NoScheduler; request_scheduler_id=null; request_scheduler_options=null; request_timeout_in_ms=10000; role_manager=CassandraRoleManager; roles_cache_max_entries=1000; roles_update_interval_in_ms=-1; roles_validity_in_ms=2000; row_cache_class_name=org.apache.cassandra.cache.OHCProvider; row_cache_keys_to_save=2147483647; row_cache_save_period=0; row_cache_size_in_mb=0; rpc_address=10.2.0.2; rpc_interface=null; rpc_interface_prefer_ipv6=false; rpc_keepalive=true; rpc_listen_backlog=50; rpc_max_threads=2147483647; rpc_min_threads=16; rpc_port=9160; rpc_recv_buff_size_in_bytes=null; rpc_send_buff_size_in_bytes=null; rpc_server_type=sync; saved_caches_directory=/opt/cassandra/saved_caches_directory; seed_provider=org.apache.cassandra.locator.SimpleSeedProvider{seeds=10.2.0.3}; server_encryption_options=<REDACTED>; slow_query_log_timeout_in_ms=500; snapshot_before_compaction=false; ssl_storage_port=7001; sstable_preemptive_open_interval_in_mb=50; start_native_transport=true; start_rpc=true; storage_port=7000; stream_throughput_outbound_megabits_per_sec=200; streaming_keep_alive_period_in_secs=300; streaming_socket_timeout_in_ms=86400000; thrift_framed_transport_size_in_mb=15; thrift_max_message_length_in_mb=16; thrift_prepared_statements_cache_size_mb=null; tombstone_failure_threshold=100000; tombstone_warn_threshold=1000; tracetype_query_ttl=86400; tracetype_repair_ttl=604800; transparent_data_encryption_options=org.apache.cassandra.config.TransparentDataEncryptionOptions@1a84f40f; trickle_fsync=false; trickle_fsync_interval_in_kb=10240; truncate_request_timeout_in_ms=60000; unlogged_batch_across_partitions_warn_threshold=10; user_defined_function_fail_timeout=1500; user_defined_function_warn_timeout=500; user_function_timeout_policy=die; windows_timer_interval=1; write_request_timeout_in_ms=2000]
INFO  [main] 2023-01-04 10:24:50,764 DatabaseDescriptor.java:381 - DiskAccessMode 'auto' determined to be mmap, indexAccessMode is mmap
INFO  [main] 2023-01-04 10:24:50,764 DatabaseDescriptor.java:439 - Global memtable on-heap threshold is enabled at 489MB
INFO  [main] 2023-01-04 10:24:50,764 DatabaseDescriptor.java:443 - Global memtable off-heap threshold is enabled at 489MB
INFO  [main] 2023-01-04 10:24:50,846 RateBasedBackPressure.java:123 - Initialized back-pressure with high ratio: 0.9, factor: 5, flow: FAST, window size: 2000.
INFO  [main] 2023-01-04 10:24:50,846 DatabaseDescriptor.java:773 - Back-pressure is disabled with strategy org.apache.cassandra.net.RateBasedBackPressure{high_ratio=0.9, factor=5, flow=FAST}.
INFO  [main] 2023-01-04 10:24:50,899 JMXServerUtils.java:246 - Configured JMX server at: service:jmx:rmi://127.0.0.1/jndi/rmi://127.0.0.1:7199/jmxrmi
INFO  [main] 2023-01-04 10:24:50,907 CassandraDaemon.java:489 - Hostname: server2
INFO  [main] 2023-01-04 10:24:50,907 CassandraDaemon.java:496 - JVM vendor/version: OpenJDK 64-Bit Server VM/1.8.0_242
INFO  [main] 2023-01-04 10:24:50,908 CassandraDaemon.java:497 - Heap size: 1.912GiB/1.912GiB
INFO  [main] 2023-01-04 10:24:50,909 CassandraDaemon.java:502 - Code Cache Non-heap memory: init = 2555904(2496K) used = 4034176(3939K) committed = 4063232(3968K) max = 251658240(245760K)
INFO  [main] 2023-01-04 10:24:50,909 CassandraDaemon.java:502 - Metaspace Non-heap memory: init = 0(0K) used = 16893008(16497K) committed = 17432576(17024K) max = -1(-1K)
INFO  [main] 2023-01-04 10:24:50,910 CassandraDaemon.java:502 - Compressed Class Space Non-heap memory: init = 0(0K) used = 2047544(1999K) committed = 2228224(2176K) max = 1073741824(1048576K)
INFO  [main] 2023-01-04 10:24:50,910 CassandraDaemon.java:502 - Par Eden Space Heap memory: init = 167772160(163840K) used = 80547432(78659K) committed = 167772160(163840K) max = 167772160(163840K)
INFO  [main] 2023-01-04 10:24:50,910 CassandraDaemon.java:502 - Par Survivor Space Heap memory: init = 20971520(20480K) used = 0(0K) committed = 20971520(20480K) max = 20971520(20480K)
INFO  [main] 2023-01-04 10:24:50,911 CassandraDaemon.java:502 - CMS Old Gen Heap memory: init = 1864368128(1820672K) used = 0(0K) committed = 1864368128(1820672K) max = 1864368128(1820672K)
INFO  [main] 2023-01-04 10:24:50,911 CassandraDaemon.java:504 - Classpath: bin/../conf:bin/../build/classes/main:bin/../build/classes/thrift:bin/../lib/HdrHistogram-2.1.9.jar:bin/../lib/ST4-4.0.8.jar:bin/../lib/airline-0.6.jar:bin/../lib/antlr-runtime-3.5.2.jar:bin/../lib/apache-cassandra-3.11.6.jar:bin/../lib/apache-cassandra-thrift-3.11.6.jar:bin/../lib/asm-5.0.4.jar:bin/../lib/caffeine-2.2.6.jar:bin/../lib/cassandra-driver-core-3.0.1-shaded.jar:bin/../lib/commons-cli-1.1.jar:bin/../lib/commons-codec-1.9.jar:bin/../lib/commons-lang3-3.1.jar:bin/../lib/commons-math3-3.2.jar:bin/../lib/compress-lzf-0.8.4.jar:bin/../lib/concurrent-trees-2.4.0.jar:bin/../lib/concurrentlinkedhashmap-lru-1.4.jar:bin/../lib/disruptor-3.0.1.jar:bin/../lib/ecj-4.4.2.jar:bin/../lib/guava-18.0.jar:bin/../lib/high-scale-lib-1.0.6.jar:bin/../lib/hppc-0.5.4.jar:bin/../lib/jackson-core-asl-1.9.13.jar:bin/../lib/jackson-mapper-asl-1.9.13.jar:bin/../lib/jamm-0.3.0.jar:bin/../lib/javax.inject.jar:bin/../lib/jbcrypt-0.3m.jar:bin/../lib/jcl-over-slf4j-1.7.7.jar:bin/../lib/jctools-core-1.2.1.jar:bin/../lib/jflex-1.6.0.jar:bin/../lib/jna-4.2.2.jar:bin/../lib/joda-time-2.4.jar:bin/../lib/json-simple-1.1.jar:bin/../lib/jstackjunit-0.0.1.jar:bin/../lib/libthrift-0.9.2.jar:bin/../lib/log4j-over-slf4j-1.7.7.jar:bin/../lib/logback-classic-1.1.3.jar:bin/../lib/logback-core-1.1.3.jar:bin/../lib/lz4-1.3.0.jar:bin/../lib/metrics-core-3.1.5.jar:bin/../lib/metrics-jvm-3.1.5.jar:bin/../lib/metrics-logback-3.1.5.jar:bin/../lib/netty-all-4.0.44.Final.jar:bin/../lib/ohc-core-0.4.4.jar:bin/../lib/ohc-core-j8-0.4.4.jar:bin/../lib/reporter-config-base-3.0.3.jar:bin/../lib/reporter-config3-3.0.3.jar:bin/../lib/sigar-1.6.4.jar:bin/../lib/slf4j-api-1.7.7.jar:bin/../lib/snakeyaml-1.11.jar:bin/../lib/snappy-java-1.1.1.7.jar:bin/../lib/snowball-stemmer-1.3.0.581.1.jar:bin/../lib/stream-2.5.2.jar:bin/../lib/thrift-server-0.3.7.jar:bin/../lib/jsr223/*/*.jar:bin/../lib/jamm-0.3.0.jar
INFO  [main] 2023-01-04 10:24:50,912 CassandraDaemon.java:506 - JVM Arguments: [-Xloggc:bin/../logs/gc.log, -ea, -XX:+UseThreadPriorities, -XX:ThreadPriorityPolicy=42, -XX:+HeapDumpOnOutOfMemoryError, -Xss256k, -XX:StringTableSize=1000003, -XX:+AlwaysPreTouch, -XX:-UseBiasedLocking, -XX:+UseTLAB, -XX:+ResizeTLAB, -XX:+UseNUMA, -XX:+PerfDisableSharedMem, -Djava.net.preferIPv4Stack=true, -XX:+UseParNewGC, -XX:+UseConcMarkSweepGC, -XX:+CMSParallelRemarkEnabled, -XX:SurvivorRatio=8, -XX:MaxTenuringThreshold=1, -XX:CMSInitiatingOccupancyFraction=75, -XX:+UseCMSInitiatingOccupancyOnly, -XX:CMSWaitDuration=10000, -XX:+CMSParallelInitialMarkEnabled, -XX:+CMSEdenChunksRecordAlways, -XX:+CMSClassUnloadingEnabled, -XX:+PrintGCDetails, -XX:+PrintGCDateStamps, -XX:+PrintHeapAtGC, -XX:+PrintTenuringDistribution, -XX:+PrintGCApplicationStoppedTime, -XX:+PrintPromotionFailure, -XX:+UseGCLogFileRotation, -XX:NumberOfGCLogFiles=10, -XX:GCLogFileSize=10M, -Xms1978M, -Xmx1978M, -Xmn200M, -XX:+UseCondCardMark, -XX:CompileCommandFile=bin/../conf/hotspot_compiler, -javaagent:bin/../lib/jamm-0.3.0.jar, -Dcassandra.jmx.local.port=7199, -Dcom.sun.management.jmxremote.authenticate=false, -Dcom.sun.management.jmxremote.password.file=/etc/cassandra/jmxremote.password, -Djava.library.path=bin/../lib/sigar-bin, -Dcassandra.libjemalloc=/usr/lib/x86_64-linux-gnu/libjemalloc.so.1, -XX:OnOutOfMemoryError=kill -9 %p, -Dlogback.configurationFile=logback.xml, -Dcassandra.logdir=bin/../logs, -Dcassandra.storagedir=bin/../data]
WARN  [main] 2023-01-04 10:24:50,940 NativeLibrary.java:189 - Unable to lock JVM memory (ENOMEM). This can result in part of the JVM being swapped out, especially with mmapped I/O enabled. Increase RLIMIT_MEMLOCK or run Cassandra as root.
INFO  [main] 2023-01-04 10:24:50,941 StartupChecks.java:140 - jemalloc seems to be preloaded from /usr/lib/x86_64-linux-gnu/libjemalloc.so.1
WARN  [main] 2023-01-04 10:24:50,941 StartupChecks.java:169 - JMX is not enabled to receive remote connections. Please see cassandra-env.sh for more info.
INFO  [main] 2023-01-04 10:24:50,942 SigarLibrary.java:44 - Initializing SIGAR library
WARN  [main] 2023-01-04 10:24:50,949 SigarLibrary.java:174 - Cassandra server running in degraded mode. Is swap disabled? : false,  Address space adequate? : true,  nofile limit adequate? : true, nproc limit adequate? : true 
WARN  [main] 2023-01-04 10:24:50,951 StartupChecks.java:311 - Maximum number of memory map areas per process (vm.max_map_count) 65530 is too low, recommended value: 1048575, you can change it with sysctl.
WARN  [main] 2023-01-04 10:24:50,961 StartupChecks.java:332 - Directory /opt/cassandra/hints_directory doesn't exist
INFO  [main] 2023-01-04 10:24:51,013 QueryProcessor.java:116 - Initialized prepared statement caches with 10 MB (native) and 10 MB (Thrift)
INFO  [main] 2023-01-04 10:24:51,353 ColumnFamilyStore.java:427 - Initializing system.IndexInfo
INFO  [main] 2023-01-04 10:24:51,942 ColumnFamilyStore.java:427 - Initializing system.batches
INFO  [main] 2023-01-04 10:24:51,945 ColumnFamilyStore.java:427 - Initializing system.paxos
INFO  [main] 2023-01-04 10:24:51,950 ColumnFamilyStore.java:427 - Initializing system.local
INFO  [main] 2023-01-04 10:24:51,954 ColumnFamilyStore.java:427 - Initializing system.peers
INFO  [main] 2023-01-04 10:24:51,958 ColumnFamilyStore.java:427 - Initializing system.peer_events
INFO  [main] 2023-01-04 10:24:51,970 ColumnFamilyStore.java:427 - Initializing system.range_xfers
INFO  [main] 2023-01-04 10:24:51,973 ColumnFamilyStore.java:427 - Initializing system.compaction_history
INFO  [main] 2023-01-04 10:24:51,978 ColumnFamilyStore.java:427 - Initializing system.sstable_activity
INFO  [main] 2023-01-04 10:24:51,989 ColumnFamilyStore.java:427 - Initializing system.size_estimates
INFO  [main] 2023-01-04 10:24:51,992 ColumnFamilyStore.java:427 - Initializing system.available_ranges
INFO  [main] 2023-01-04 10:24:51,995 ColumnFamilyStore.java:427 - Initializing system.transferred_ranges
INFO  [main] 2023-01-04 10:24:52,005 ColumnFamilyStore.java:427 - Initializing system.views_builds_in_progress
INFO  [main] 2023-01-04 10:24:52,008 ColumnFamilyStore.java:427 - Initializing system.built_views
INFO  [main] 2023-01-04 10:24:52,013 ColumnFamilyStore.java:427 - Initializing system.hints
INFO  [main] 2023-01-04 10:24:52,018 ColumnFamilyStore.java:427 - Initializing system.batchlog
INFO  [main] 2023-01-04 10:24:52,023 ColumnFamilyStore.java:427 - Initializing system.prepared_statements
INFO  [main] 2023-01-04 10:24:52,027 ColumnFamilyStore.java:427 - Initializing system.schema_keyspaces
INFO  [main] 2023-01-04 10:24:52,032 ColumnFamilyStore.java:427 - Initializing system.schema_columnfamilies
INFO  [main] 2023-01-04 10:24:52,036 ColumnFamilyStore.java:427 - Initializing system.schema_columns
INFO  [main] 2023-01-04 10:24:52,044 ColumnFamilyStore.java:427 - Initializing system.schema_triggers
INFO  [main] 2023-01-04 10:24:52,050 ColumnFamilyStore.java:427 - Initializing system.schema_usertypes
INFO  [main] 2023-01-04 10:24:52,057 ColumnFamilyStore.java:427 - Initializing system.schema_functions
INFO  [main] 2023-01-04 10:24:52,062 ColumnFamilyStore.java:427 - Initializing system.schema_aggregates
INFO  [main] 2023-01-04 10:24:52,063 ViewManager.java:137 - Not submitting build tasks for views in keyspace system as storage service is not initialized
INFO  [main] 2023-01-04 10:24:52,119 ApproximateTime.java:44 - Scheduling approximate time-check task with a precision of 10 milliseconds
INFO  [main] 2023-01-04 10:24:52,150 ColumnFamilyStore.java:427 - Initializing system_schema.keyspaces
INFO  [main] 2023-01-04 10:24:52,154 ColumnFamilyStore.java:427 - Initializing system_schema.tables
INFO  [main] 2023-01-04 10:24:52,158 ColumnFamilyStore.java:427 - Initializing system_schema.columns
INFO  [main] 2023-01-04 10:24:52,163 ColumnFamilyStore.java:427 - Initializing system_schema.triggers
INFO  [main] 2023-01-04 10:24:52,166 ColumnFamilyStore.java:427 - Initializing system_schema.dropped_columns
INFO  [main] 2023-01-04 10:24:52,170 ColumnFamilyStore.java:427 - Initializing system_schema.views
INFO  [main] 2023-01-04 10:24:52,175 ColumnFamilyStore.java:427 - Initializing system_schema.types
INFO  [main] 2023-01-04 10:24:52,180 ColumnFamilyStore.java:427 - Initializing system_schema.functions
INFO  [main] 2023-01-04 10:24:52,184 ColumnFamilyStore.java:427 - Initializing system_schema.aggregates
INFO  [main] 2023-01-04 10:24:52,194 ColumnFamilyStore.java:427 - Initializing system_schema.indexes
INFO  [main] 2023-01-04 10:24:52,200 ViewManager.java:137 - Not submitting build tasks for views in keyspace system_schema as storage service is not initialized
INFO  [MemtableFlushWriter:1] 2023-01-04 10:24:52,451 CacheService.java:100 - Initializing key cache with capacity of 97 MBs.
INFO  [MemtableFlushWriter:1] 2023-01-04 10:24:52,455 CacheService.java:122 - Initializing row cache with capacity of 0 MBs
INFO  [MemtableFlushWriter:1] 2023-01-04 10:24:52,456 CacheService.java:151 - Initializing counter cache with capacity of 48 MBs
INFO  [MemtableFlushWriter:1] 2023-01-04 10:24:52,457 CacheService.java:162 - Scheduling counter cache save to every 7200 seconds (going to save all keys).
INFO  [main] 2023-01-04 10:24:52,584 StorageService.java:639 - Populating token metadata from system tables
INFO  [main] 2023-01-04 10:24:52,595 BufferPool.java:234 - Global buffer pool is enabled, when pool is exhausted (max is 489.000MiB) it will allocate on heap
INFO  [main] 2023-01-04 10:24:52,637 StorageService.java:646 - Token metadata: 
INFO  [pool-3-thread-1] 2023-01-04 10:24:52,680 AutoSavingCache.java:174 - Completed loading (2 ms; 5 keys) KeyCache cache
INFO  [main] 2023-01-04 10:24:52,700 CommitLog.java:142 - No commitlog files found; skipping replay
INFO  [main] 2023-01-04 10:24:52,703 StorageService.java:639 - Populating token metadata from system tables
INFO  [main] 2023-01-04 10:24:52,710 StorageService.java:646 - Token metadata: 
INFO  [main] 2023-01-04 10:24:52,786 QueryProcessor.java:163 - Preloaded 0 prepared statements
INFO  [main] 2023-01-04 10:24:52,786 StorageService.java:657 - Cassandra version: 3.11.6
INFO  [main] 2023-01-04 10:24:52,786 StorageService.java:658 - Thrift API version: 20.1.0
INFO  [main] 2023-01-04 10:24:52,786 StorageService.java:659 - CQL supported versions: 3.4.4 (default: 3.4.4)
INFO  [main] 2023-01-04 10:24:52,787 StorageService.java:661 - Native protocol supported versions: 3/v3, 4/v4, 5/v5-beta (default: 4/v4)
INFO  [main] 2023-01-04 10:24:52,807 IndexSummaryManager.java:87 - Initializing index summary manager with a memory pool size of 97 MB and a resize interval of 60 minutes
INFO  [main] 2023-01-04 10:24:52,812 MessagingService.java:750 - Starting Messaging Service on /10.2.0.2:7000 (eth0)
WARN  [main] 2023-01-04 10:24:52,816 SystemKeyspace.java:1130 - No host ID found, created b7246d7f-4d20-484e-8686-24e034e36815 (Note: This should happen exactly once per node).
INFO  [main] 2023-01-04 10:24:52,826 OutboundTcpConnection.java:108 - OutboundTcpConnection using coalescing strategy DISABLED
INFO  [HANDSHAKE-/10.2.0.3] 2023-01-04 10:24:52,843 OutboundTcpConnection.java:561 - Handshaking version with /10.2.0.3
INFO  [main] 2023-01-04 10:24:53,841 StorageService.java:743 - Loading persisted ring state
INFO  [main] 2023-01-04 10:24:53,842 StorageService.java:871 - Starting up server gossip
INFO  [main] 2023-01-04 10:24:53,883 StorageService.java:1478 - JOINING: waiting for ring information
INFO  [HANDSHAKE-/10.2.0.3] 2023-01-04 10:24:54,858 OutboundTcpConnection.java:561 - Handshaking version with /10.2.0.3
INFO  [GossipStage:1] 2023-01-04 10:24:55,789 Gossiper.java:1127 - Node /10.2.0.3 is now part of the cluster
INFO  [GossipStage:1] 2023-01-04 10:24:55,838 TokenMetadata.java:497 - Updating topology for /10.2.0.3
INFO  [GossipStage:1] 2023-01-04 10:24:55,839 TokenMetadata.java:497 - Updating topology for /10.2.0.3
WARN  [MigrationStage:1] 2023-01-04 10:24:55,839 MigrationTask.java:67 - Can't send schema pull request: node /10.2.0.3 is down.
WARN  [MigrationStage:1] 2023-01-04 10:24:55,839 MigrationTask.java:67 - Can't send schema pull request: node /10.2.0.3 is down.
INFO  [GossipStage:1] 2023-01-04 10:24:55,840 Gossiper.java:1089 - InetAddress /10.2.0.3 is now UP
INFO  [InternalResponseStage:1] 2023-01-04 10:24:56,021 ViewManager.java:137 - Not submitting build tasks for views in keyspace system_traces as storage service is not initialized
INFO  [InternalResponseStage:1] 2023-01-04 10:24:56,029 ColumnFamilyStore.java:427 - Initializing system_traces.events
INFO  [InternalResponseStage:1] 2023-01-04 10:24:56,057 ColumnFamilyStore.java:427 - Initializing system_traces.sessions
INFO  [InternalResponseStage:1] 2023-01-04 10:24:56,080 ViewManager.java:137 - Not submitting build tasks for views in keyspace system_distributed as storage service is not initialized
INFO  [InternalResponseStage:1] 2023-01-04 10:24:56,083 ColumnFamilyStore.java:427 - Initializing system_distributed.parent_repair_history
INFO  [InternalResponseStage:1] 2023-01-04 10:24:56,110 ColumnFamilyStore.java:427 - Initializing system_distributed.repair_history
INFO  [InternalResponseStage:1] 2023-01-04 10:24:56,127 ColumnFamilyStore.java:427 - Initializing system_distributed.view_build_status
INFO  [InternalResponseStage:1] 2023-01-04 10:24:56,143 ViewManager.java:137 - Not submitting build tasks for views in keyspace system_auth as storage service is not initialized
INFO  [InternalResponseStage:1] 2023-01-04 10:24:56,145 ColumnFamilyStore.java:427 - Initializing system_auth.resource_role_permissons_index
INFO  [InternalResponseStage:1] 2023-01-04 10:24:56,149 ColumnFamilyStore.java:427 - Initializing system_auth.role_members
INFO  [InternalResponseStage:1] 2023-01-04 10:24:56,153 ColumnFamilyStore.java:427 - Initializing system_auth.role_permissions
INFO  [InternalResponseStage:1] 2023-01-04 10:24:56,157 ColumnFamilyStore.java:427 - Initializing system_auth.roles
INFO  [main] 2023-01-04 10:24:56,884 StorageService.java:1478 - JOINING: waiting for schema information to complete
INFO  [main] 2023-01-04 10:24:56,885 StorageService.java:1478 - JOINING: schema complete, ready to bootstrap
INFO  [main] 2023-01-04 10:24:56,885 StorageService.java:1478 - JOINING: waiting for pending range calculation
INFO  [main] 2023-01-04 10:24:56,885 StorageService.java:1478 - JOINING: calculation complete, ready to bootstrap
INFO  [main] 2023-01-04 10:24:56,887 StorageService.java:1478 - JOINING: getting bootstrap token
INFO  [main] 2023-01-04 10:24:56,888 BootStrapper.java:228 - Generated random tokens. tokens are [4458916975810392734, 6699817331570848492, -4302716432401928949, 6923723389670220277, 7067560027818217132, 4497927135813332795, 3555194809124074157, -249400403457186248, -7562915151682337748, 2854294819620720694, 5524272256926721100, -3037633323499441228, -875172457765548759, -9193182405761095666, -7320365959425266919, 5181968339314801507, -5882261315021736922, 3391681845628514418, -6936757505352160226, 4054958311091586785, -3682481045520836699, 3455100002980472303, -3147923535836669933, 7236536266965100938, -5712301948133592950, -2941230349018699857, 6134721879261450031, 6517295668010344024, -4906905950369184465, 7152891914768107724, -8457371108083751379, -5565698040643798584, -6749659488963610850, -3653737408460112381, 4551285841372907893, 6504554896742495870, -1485123967614646203, 7472634895888912283, 9102773580164597977, -1331289586867642015, 3812380764784785708, 536680922424923010, -5734182329690533182, 7933906581704233434, 407649490899569419, -1339556791511039809, 124812712551757889, 3559424556222270120, 7090467559946852530, 4997612185168187617, -4850526474711023067, 5775777640297583862, 8633741330283768429, 568750471963325226, -5027463691531755214, 4924626274833356636, 7466225620264959377, 7816140161494219921, 6882739936453353270, 2810668553155882399, 8333504134056699463, 5681948907064586682, -1406387536653975490, 7282523907184977765, 494189152150875118, -3038190683586749949, -437612753935526784, 3037179964628285235, 8191484994831185114, -6731116091922813280, -3461302004509954141, -6006041321534668119, -8555310281701261637, -1454632388859247692, 2279499178784607779, -8463062646728324962, 5725906977575505030, -7754433444093472907, 3630386440748105157, 7005052372198862433, 6466223799875800715, -4150191943350743984, 2077132573059088365, 6631202834687430264, 6615475191092245413, -4546907828492564212, 1958869058373992204, 440129369669407701, 1360411228463058965, 290333923099896185, -3659511893513605280, 1742541740362853894, 4258588013131487643, -6197240040360926656, -2676083764427987998, 8064029359018062428, 8266577344271544242, 7195910756075948259, 3730103877860890010, -7432974342519959886, -4328229279699011505, -203134466638022704, 4532000876949914263, 1428409731682343557, -2536086807049010150, -4512845718131332699, -8545796598475900453, -6174891037902253330, -6116067158986825598, -6951234688712899221, -1893394512454884965, 3698693553943224415, 1675733602687494439, 1248025831179574458, -9046985883670937326, -3810506818327657288, -5008818030314974579, -3693789253690543898, 626684342671451491, -4132054370024922565, 864369006183908231, -2617893554082777057, -6685214743897734553, 8848439078120274354, 4678723287514703169, 2997379382049084962, -7964278031885659099, -9159465249339400296, 6760326058689940579, 2208252811332359209, -7858835881287990236, -7916755197646763345, -219158366732082656, -8828041653372737324, -1059598430901860081, 7284825735957056054, -3552705124604627435, 7379175217024831402, 2557830067634252191, -8984275887921842028, 7108223683034549505, -1607649373160115560, 2999073420536551344, -5652086695615362145, -2699408247180831169, 7866830797305410447, 2543797983679229759, -634706815546004650, -4241752125078204027, -65160494066544892, -100497261665114003, -5157609531316959754, 4877450774063235117, -1630704506409384145, 2341263839480590721, -3050756923925134530, 6249649366429196746, 1742262498530856328, -9037719000475874951, -7867937341110036682, -4537499512762019039, 4913468256026217891, 7957181259853860342, -3962544670464890214, -2709084346402169539, -5004413522474326402, 9083940695113495123, -4267531695807043929, 3973578587396842039, -711356628780999819, -8559028820623000406, 3665611545165672402, -7354631998257377408, -4863660150174763103, 970718927923032635, 1102180445561695096, 8052763363535605995, -6913880181938709986, 118860608143865834, 7693522693160830664, -808524472830844347, 8325486875010933244, 3591712345852717599, 407918776489124084, 7140000747922544457, -2705430452047845505, -7548182998516993529, -8634331898646074408, 302304720063805596, 3314732586625856510, 1388045118552715291, -5231904387848454193, 8937239475318768753, -1783009877447247755, 7235657583348123651, 5680487549169210699, 6352769978723105935, 9043819385733931190, 2810027282385951299, -957196595299125475, -2643534028734121811, 6836794534579564257, 3030576354363269171, -5377471860221840134, -7660760103646364185, 6355078525465343928, 6946822490198255622, -7909895918789373378, -1729050834602421715, 4873723164712078633, -537462132789245716, -799002085197455985, 8394589439249488613, -8655340952595796552, 4388091463948776998, 2778071257916013807, 1210607306558398471, -5536458152615703603, -2919806045226868652, -3271017391972559610, 3296801938342769233, 4458751734068796395, -3906611646572777534, -9080933779937771754, -2773076215144753475, -1067290120528718287, 2612624233691677875, -6347427297245827401, -7588915833924060508, 3984343423329704723, -8027790933663592958, -5785069004507907807, 4879169533270622525, -6835244262109909346, 1049786050018647571, 1970137821734192742, 2870961436253216695, -2687612045009417885, 8254856428843993178, 2604276046692745386, -3032121117582774944, -6301960271058333417, 1254590501958753341, -1726827955865073014, -4964593471401481596, 4778142362707226622, -7931805557999086786, 4805726539904947494, -5140553391641699590, -7816611363219946784, -2760676041150597439, 7832791435350217925, -7589832948113669806, -7719759979791393967, -3450857768590292479, -8093335239961244706]
INFO  [main] 2023-01-04 10:24:56,915 StorageService.java:1478 - JOINING: sleeping 30000 ms for pending range setup
INFO  [MigrationStage:1] 2023-01-04 10:25:02,522 ViewManager.java:137 - Not submitting build tasks for views in keyspace test as storage service is not initialized
INFO  [MigrationStage:1] 2023-01-04 10:25:02,685 ColumnFamilyStore.java:427 - Initializing test.t
INFO  [MigrationStage:1] 2023-01-04 10:25:03,819 ColumnFamilyStore.java:427 - Initializing test.mv
INFO  [MigrationStage:1] 2023-01-04 10:25:03,821 ViewManager.java:137 - Not submitting build tasks for views in keyspace test as storage service is not initialized
