15:42:28.301 [main] INFO  io.redit.execution.RuntimeEngine - Waiting for event X1 ...
runCmd: sudo iptables --flush
result:
runCmd: sudo iptables -I INPUT -s 10.2.0.3 -j DROP
result:
runCmd: sudo iptables --list
result: Chain INPUT (policy ACCEPT)
target     prot opt source               destination
DROP       all  --  10.2.0.3             anywhere

Chain FORWARD (policy ACCEPT)
target     prot opt source               destination

Chain OUTPUT (policy ACCEPT)
target     prot opt source               destination

Chain DOCKER (0 references)
target     prot opt source               destination

Chain DOCKER-ISOLATION-STAGE-1 (0 references)
target     prot opt source               destination

Chain DOCKER-ISOLATION-STAGE-2 (0 references)
target     prot opt source               destination

Chain DOCKER-USER (0 references)
target     prot opt source               destination

Chain ufw-after-forward (0 references)
target     prot opt source               destination

Chain ufw-after-input (0 references)
target     prot opt source               destination

Chain ufw-after-logging-forward (0 references)
target     prot opt source               destination

Chain ufw-after-logging-input (0 references)
target     prot opt source               destination

Chain ufw-after-logging-output (0 references)
target     prot opt source               destination

Chain ufw-after-output (0 references)
target     prot opt source               destination

Chain ufw-before-forward (0 references)
target     prot opt source               destination

Chain ufw-before-input (0 references)
target     prot opt source               destination

Chain ufw-before-logging-forward (0 references)
target     prot opt source               destination

Chain ufw-before-logging-input (0 references)
target     prot opt source               destination

Chain ufw-before-logging-output (0 references)
target     prot opt source               destination

Chain ufw-before-output (0 references)
target     prot opt source               destination

Chain ufw-reject-forward (0 references)
target     prot opt source               destination

Chain ufw-reject-input (0 references)
target     prot opt source               destination

Chain ufw-reject-output (0 references)
target     prot opt source               destination

Chain ufw-track-forward (0 references)
target     prot opt source               destination

Chain ufw-track-input (0 references)
target     prot opt source               destination

Chain ufw-track-output (0 references)
target     prot opt source               destination

15:42:28.368 [main] INFO  io.redit.execution.RuntimeEngine - Sending test case event X1 ...
15:42:28.534 [qtp1282287470-21] INFO  io.redit.execution.EventService - Event X1 received!
15:42:28.535 [main] INFO  io.redit.execution.RuntimeEngine - Waiting for event E1 ...
15:42:28.541 [main] INFO  org.apache.zookeeper.ZooKeeper - Client environment:zookeeper.version=3.5.6-c11b7e26bc554b8523dc929761dd28808913f091, built on 10/08/2019 20:18 GMT
15:42:28.541 [main] INFO  org.apache.zookeeper.ZooKeeper - Client environment:host.name=master
15:42:28.541 [main] INFO  org.apache.zookeeper.ZooKeeper - Client environment:java.version=1.8.0_352
15:42:28.541 [main] INFO  org.apache.zookeeper.ZooKeeper - Client environment:java.vendor=Private Build
15:42:28.541 [main] INFO  org.apache.zookeeper.ZooKeeper - Client environment:java.home=/usr/lib/jvm/java-8-openjdk-amd64/jre
15:42:28.541 [main] INFO  org.apache.zookeeper.ZooKeeper - Client environment:java.class.path=/home/zmb/ideaIC-2022.3/idea-IC-223.7571.182/lib/idea_rt.jar:/home/zmb/ideaIC-2022.3/idea-IC-223.7571.182/plugins/junit/lib/junit5-rt.jar:/home/zmb/ideaIC-2022.3/idea-IC-223.7571.182/plugins/junit/lib/junit-rt.jar:/usr/lib/jvm/java-1.8.0-openjdk-amd64/jre/lib/charsets.jar:/usr/lib/jvm/java-1.8.0-openjdk-amd64/jre/lib/ext/cldrdata.jar:/usr/lib/jvm/java-1.8.0-openjdk-amd64/jre/lib/ext/dnsns.jar:/usr/lib/jvm/java-1.8.0-openjdk-amd64/jre/lib/ext/icedtea-sound.jar:/usr/lib/jvm/java-1.8.0-openjdk-amd64/jre/lib/ext/jaccess.jar:/usr/lib/jvm/java-1.8.0-openjdk-amd64/jre/lib/ext/java-atk-wrapper.jar:/usr/lib/jvm/java-1.8.0-openjdk-amd64/jre/lib/ext/localedata.jar:/usr/lib/jvm/java-1.8.0-openjdk-amd64/jre/lib/ext/nashorn.jar:/usr/lib/jvm/java-1.8.0-openjdk-amd64/jre/lib/ext/sunec.jar:/usr/lib/jvm/java-1.8.0-openjdk-amd64/jre/lib/ext/sunjce_provider.jar:/usr/lib/jvm/java-1.8.0-openjdk-amd64/jre/lib/ext/sunpkcs11.jar:/usr/lib/jvm/java-1.8.0-openjdk-amd64/jre/lib/ext/zipfs.jar:/usr/lib/jvm/java-1.8.0-openjdk-amd64/jre/lib/jce.jar:/usr/lib/jvm/java-1.8.0-openjdk-amd64/jre/lib/jfr.jar:/usr/lib/jvm/java-1.8.0-openjdk-amd64/jre/lib/jsse.jar:/usr/lib/jvm/java-1.8.0-openjdk-amd64/jre/lib/management-agent.jar:/usr/lib/jvm/java-1.8.0-openjdk-amd64/jre/lib/resources.jar:/usr/lib/jvm/java-1.8.0-openjdk-amd64/jre/lib/rt.jar:/home/zmb/project/Redit_Bugs_Benchmark/Bugs/Zookeeper/Redit-Zookeeper-1576/target/classes:/home/zmb/.m2/repository/io/github/martylinzy/redit/0.1.0/redit-0.1.0.jar:/home/zmb/.m2/repository/org/slf4j/slf4j-api/1.7.25/slf4j-api-1.7.25.jar:/home/zmb/.m2/repository/commons-io/commons-io/2.6/commons-io-2.6.jar:/home/zmb/.m2/repository/org/eclipse/jetty/jetty-server/9.4.12.v20180830/jetty-server-9.4.12.v20180830.jar:/home/zmb/.m2/repository/org/eclipse/jetty/jetty-http/9.4.12.v20180830/jetty-http-9.4.12.v20180830.jar:/home/zmb/.m2/repository/org/eclipse/jetty/jetty-servlet/9.4.12.v20180830/jetty-servlet-9.4.12.v20180830.jar:/home/zmb/.m2/repository/org/eclipse/jetty/jetty-security/9.4.12.v20180830/jetty-security-9.4.12.v20180830.jar:/home/zmb/.m2/repository/org/glassfish/jersey/core/jersey-server/2.22.2/jersey-server-2.22.2.jar:/home/zmb/.m2/repository/org/glassfish/jersey/core/jersey-client/2.22.2/jersey-client-2.22.2.jar:/home/zmb/.m2/repository/javax/ws/rs/javax.ws.rs-api/2.0.1/javax.ws.rs-api-2.0.1.jar:/home/zmb/.m2/repository/org/glassfish/jersey/media/jersey-media-jaxb/2.22.2/jersey-media-jaxb-2.22.2.jar:/home/zmb/.m2/repository/javax/annotation/javax.annotation-api/1.2/javax.annotation-api-1.2.jar:/home/zmb/.m2/repository/org/glassfish/hk2/hk2-api/2.4.0-b34/hk2-api-2.4.0-b34.jar:/home/zmb/.m2/repository/org/glassfish/hk2/hk2-utils/2.4.0-b34/hk2-utils-2.4.0-b34.jar:/home/zmb/.m2/repository/org/glassfish/hk2/external/aopalliance-repackaged/2.4.0-b34/aopalliance-repackaged-2.4.0-b34.jar:/home/zmb/.m2/repository/org/glassfish/hk2/external/javax.inject/2.4.0-b34/javax.inject-2.4.0-b34.jar:/home/zmb/.m2/repository/org/glassfish/hk2/hk2-locator/2.4.0-b34/hk2-locator-2.4.0-b34.jar:/home/zmb/.m2/repository/org/javassist/javassist/3.18.1-GA/javassist-3.18.1-GA.jar:/home/zmb/.m2/repository/javax/validation/validation-api/1.1.0.Final/validation-api-1.1.0.Final.jar:/home/zmb/.m2/repository/org/glassfish/jersey/containers/jersey-container-servlet-core/2.22.2/jersey-container-servlet-core-2.22.2.jar:/home/zmb/.m2/repository/com/spotify/docker-client/8.15.1/docker-client-8.15.1-shaded.jar:/home/zmb/.m2/repository/com/google/guava/guava/20.0/guava-20.0.jar:/home/zmb/.m2/repository/com/fasterxml/jackson/jaxrs/jackson-jaxrs-json-provider/2.9.8/jackson-jaxrs-json-provider-2.9.8.jar:/home/zmb/.m2/repository/com/fasterxml/jackson/jaxrs/jackson-jaxrs-base/2.9.8/jackson-jaxrs-base-2.9.8.jar:/home/zmb/.m2/repository/com/fasterxml/jackson/module/jackson-module-jaxb-annotations/2.9.8/jackson-module-jaxb-annotations-2.9.8.jar:/home/zmb/.m2/repository/com/fasterxml/jackson/datatype/jackson-datatype-guava/2.9.8/jackson-datatype-guava-2.9.8.jar:/home/zmb/.m2/repository/com/fasterxml/jackson/core/jackson-core/2.9.8/jackson-core-2.9.8.jar:/home/zmb/.m2/repository/com/fasterxml/jackson/core/jackson-databind/2.9.8/jackson-databind-2.9.8.jar:/home/zmb/.m2/repository/org/glassfish/jersey/connectors/jersey-apache-connector/2.22.2/jersey-apache-connector-2.22.2.jar:/home/zmb/.m2/repository/org/glassfish/jersey/media/jersey-media-json-jackson/2.22.2/jersey-media-json-jackson-2.22.2.jar:/home/zmb/.m2/repository/javax/activation/activation/1.1/activation-1.1.jar:/home/zmb/.m2/repository/org/apache/commons/commons-compress/1.18/commons-compress-1.18.jar:/home/zmb/.m2/repository/org/apache/httpcomponents/httpclient/4.5/httpclient-4.5.jar:/home/zmb/.m2/repository/org/apache/httpcomponents/httpcore/4.4.5/httpcore-4.4.5.jar:/home/zmb/.m2/repository/com/github/jnr/jnr-unixsocket/0.18/jnr-unixsocket-0.18.jar:/home/zmb/.m2/repository/com/github/jnr/jnr-ffi/2.1.4/jnr-ffi-2.1.4.jar:/home/zmb/.m2/repository/com/github/jnr/jffi/1.2.15/jffi-1.2.15.jar:/home/zmb/.m2/repository/com/github/jnr/jffi/1.2.15/jffi-1.2.15-native.jar:/home/zmb/.m2/repository/org/ow2/asm/asm/5.0.3/asm-5.0.3.jar:/home/zmb/.m2/repository/org/ow2/asm/asm-commons/5.0.3/asm-commons-5.0.3.jar:/home/zmb/.m2/repository/org/ow2/asm/asm-analysis/5.0.3/asm-analysis-5.0.3.jar:/home/zmb/.m2/repository/org/ow2/asm/asm-tree/5.0.3/asm-tree-5.0.3.jar:/home/zmb/.m2/repository/org/ow2/asm/asm-util/5.0.3/asm-util-5.0.3.jar:/home/zmb/.m2/repository/com/github/jnr/jnr-x86asm/1.0.2/jnr-x86asm-1.0.2.jar:/home/zmb/.m2/repository/com/github/jnr/jnr-constants/0.9.8/jnr-constants-0.9.8.jar:/home/zmb/.m2/repository/com/github/jnr/jnr-enxio/0.16/jnr-enxio-0.16.jar:/home/zmb/.m2/repository/com/github/jnr/jnr-posix/3.0.35/jnr-posix-3.0.35.jar:/home/zmb/.m2/repository/commons-lang/commons-lang/2.6/commons-lang-2.6.jar:/home/zmb/.m2/repository/org/bouncycastle/bcpkix-jdk15on/1.60/bcpkix-jdk15on-1.60.jar:/home/zmb/.m2/repository/org/bouncycastle/bcprov-jdk15on/1.60/bcprov-jdk15on-1.60.jar:/home/zmb/.m2/repository/net/lingala/zip4j/zip4j/1.3.2/zip4j-1.3.2.jar:/home/zmb/.m2/repository/io/github/martylinzy/reditrt/0.1.0/reditrt-0.1.0.jar:/home/zmb/project/Redit_Bugs_Benchmark/helper/target/classes:/home/zmb/.m2/repository/org/apache/hadoop/hadoop-hdfs-client/3.3.1/hadoop-hdfs-client-3.3.1.jar:/home/zmb/.m2/repository/com/squareup/okhttp/okhttp/2.7.5/okhttp-2.7.5.jar:/home/zmb/.m2/repository/com/squareup/okio/okio/1.6.0/okio-1.6.0.jar:/home/zmb/.m2/repository/com/fasterxml/jackson/core/jackson-annotations/2.10.5/jackson-annotations-2.10.5.jar:/home/zmb/.m2/repository/org/apache/hadoop/hadoop-common/3.3.1/hadoop-common-3.3.1.jar:/home/zmb/.m2/repository/org/apache/hadoop/thirdparty/hadoop-shaded-protobuf_3_7/1.1.1/hadoop-shaded-protobuf_3_7-1.1.1.jar:/home/zmb/.m2/repository/org/apache/hadoop/hadoop-annotations/3.3.1/hadoop-annotations-3.3.1.jar:/usr/lib/jvm/java-1.8.0-openjdk-amd64/lib/tools.jar:/home/zmb/.m2/repository/org/apache/hadoop/thirdparty/hadoop-shaded-guava/1.1.1/hadoop-shaded-guava-1.1.1.jar:/home/zmb/.m2/repository/commons-cli/commons-cli/1.2/commons-cli-1.2.jar:/home/zmb/.m2/repository/org/apache/commons/commons-math3/3.1.1/commons-math3-3.1.1.jar:/home/zmb/.m2/repository/commons-codec/commons-codec/1.11/commons-codec-1.11.jar:/home/zmb/.m2/repository/commons-net/commons-net/3.6/commons-net-3.6.jar:/home/zmb/.m2/repository/commons-collections/commons-collections/3.2.2/commons-collections-3.2.2.jar:/home/zmb/.m2/repository/jakarta/activation/jakarta.activation-api/1.2.1/jakarta.activation-api-1.2.1.jar:/home/zmb/.m2/repository/org/eclipse/jetty/jetty-webapp/9.4.40.v20210413/jetty-webapp-9.4.40.v20210413.jar:/home/zmb/.m2/repository/org/eclipse/jetty/jetty-xml/9.4.40.v20210413/jetty-xml-9.4.40.v20210413.jar:/home/zmb/.m2/repository/javax/servlet/jsp/jsp-api/2.1/jsp-api-2.1.jar:/home/zmb/.m2/repository/com/sun/jersey/jersey-core/1.19/jersey-core-1.19.jar:/home/zmb/.m2/repository/javax/ws/rs/jsr311-api/1.1.1/jsr311-api-1.1.1.jar:/home/zmb/.m2/repository/com/sun/jersey/jersey-servlet/1.19/jersey-servlet-1.19.jar:/home/zmb/.m2/repository/com/sun/jersey/jersey-json/1.19/jersey-json-1.19.jar:/home/zmb/.m2/repository/org/codehaus/jettison/jettison/1.1/jettison-1.1.jar:/home/zmb/.m2/repository/com/sun/xml/bind/jaxb-impl/2.2.3-1/jaxb-impl-2.2.3-1.jar:/home/zmb/.m2/repository/org/codehaus/jackson/jackson-core-asl/1.9.2/jackson-core-asl-1.9.2.jar:/home/zmb/.m2/repository/org/codehaus/jackson/jackson-mapper-asl/1.9.2/jackson-mapper-asl-1.9.2.jar:/home/zmb/.m2/repository/org/codehaus/jackson/jackson-jaxrs/1.9.2/jackson-jaxrs-1.9.2.jar:/home/zmb/.m2/repository/org/codehaus/jackson/jackson-xc/1.9.2/jackson-xc-1.9.2.jar:/home/zmb/.m2/repository/com/sun/jersey/jersey-server/1.19/jersey-server-1.19.jar:/home/zmb/.m2/repository/commons-logging/commons-logging/1.1.3/commons-logging-1.1.3.jar:/home/zmb/.m2/repository/log4j/log4j/1.2.17/log4j-1.2.17.jar:/home/zmb/.m2/repository/commons-beanutils/commons-beanutils/1.9.4/commons-beanutils-1.9.4.jar:/home/zmb/.m2/repository/org/apache/commons/commons-configuration2/2.1.1/commons-configuration2-2.1.1.jar:/home/zmb/.m2/repository/org/apache/commons/commons-lang3/3.7/commons-lang3-3.7.jar:/home/zmb/.m2/repository/org/apache/commons/commons-text/1.4/commons-text-1.4.jar:/home/zmb/.m2/repository/org/apache/avro/avro/1.7.7/avro-1.7.7.jar:/home/zmb/.m2/repository/com/thoughtworks/paranamer/paranamer/2.3/paranamer-2.3.jar:/home/zmb/.m2/repository/com/google/re2j/re2j/1.1/re2j-1.1.jar:/home/zmb/.m2/repository/com/google/protobuf/protobuf-java/2.5.0/protobuf-java-2.5.0.jar:/home/zmb/.m2/repository/com/google/code/gson/gson/2.2.4/gson-2.2.4.jar:/home/zmb/.m2/repository/org/apache/hadoop/hadoop-auth/3.3.1/hadoop-auth-3.3.1.jar:/home/zmb/.m2/repository/com/nimbusds/nimbus-jose-jwt/9.8.1/nimbus-jose-jwt-9.8.1.jar:/home/zmb/.m2/repository/com/github/stephenc/jcip/jcip-annotations/1.0-1/jcip-annotations-1.0-1.jar:/home/zmb/.m2/repository/net/minidev/json-smart/2.4.2/json-smart-2.4.2.jar:/home/zmb/.m2/repository/net/minidev/accessors-smart/2.4.2/accessors-smart-2.4.2.jar:/home/zmb/.m2/repository/org/apache/kerby/kerb-simplekdc/1.0.1/kerb-simplekdc-1.0.1.jar:/home/zmb/.m2/repository/org/apache/kerby/kerb-client/1.0.1/kerb-client-1.0.1.jar:/home/zmb/.m2/repository/org/apache/kerby/kerby-config/1.0.1/kerby-config-1.0.1.jar:/home/zmb/.m2/repository/org/apache/kerby/kerb-common/1.0.1/kerb-common-1.0.1.jar:/home/zmb/.m2/repository/org/apache/kerby/kerb-crypto/1.0.1/kerb-crypto-1.0.1.jar:/home/zmb/.m2/repository/org/apache/kerby/kerb-util/1.0.1/kerb-util-1.0.1.jar:/home/zmb/.m2/repository/org/apache/kerby/token-provider/1.0.1/token-provider-1.0.1.jar:/home/zmb/.m2/repository/org/apache/kerby/kerb-admin/1.0.1/kerb-admin-1.0.1.jar:/home/zmb/.m2/repository/org/apache/kerby/kerb-server/1.0.1/kerb-server-1.0.1.jar:/home/zmb/.m2/repository/org/apache/kerby/kerb-identity/1.0.1/kerb-identity-1.0.1.jar:/home/zmb/.m2/repository/org/apache/kerby/kerby-xdr/1.0.1/kerby-xdr-1.0.1.jar:/home/zmb/.m2/repository/com/jcraft/jsch/0.1.55/jsch-0.1.55.jar:/home/zmb/.m2/repository/org/apache/curator/curator-recipes/4.2.0/curator-recipes-4.2.0.jar:/home/zmb/.m2/repository/com/google/code/findbugs/jsr305/3.0.2/jsr305-3.0.2.jar:/home/zmb/.m2/repository/org/apache/htrace/htrace-core4/4.1.0-incubating/htrace-core4-4.1.0-incubating.jar:/home/zmb/.m2/repository/org/apache/zookeeper/zookeeper/3.5.6/zookeeper-3.5.6.jar:/home/zmb/.m2/repository/org/apache/zookeeper/zookeeper-jute/3.5.6/zookeeper-jute-3.5.6.jar:/home/zmb/.m2/repository/org/apache/yetus/audience-annotations/0.5.0/audience-annotations-0.5.0.jar:/home/zmb/.m2/repository/io/netty/netty-handler/4.1.42.Final/netty-handler-4.1.42.Final.jar:/home/zmb/.m2/repository/io/netty/netty-common/4.1.42.Final/netty-common-4.1.42.Final.jar:/home/zmb/.m2/repository/io/netty/netty-buffer/4.1.42.Final/netty-buffer-4.1.42.Final.jar:/home/zmb/.m2/repository/io/netty/netty-transport/4.1.42.Final/netty-transport-4.1.42.Final.jar:/home/zmb/.m2/repository/io/netty/netty-resolver/4.1.42.Final/netty-resolver-4.1.42.Final.jar:/home/zmb/.m2/repository/io/netty/netty-codec/4.1.42.Final/netty-codec-4.1.42.Final.jar:/home/zmb/.m2/repository/io/netty/netty-transport-native-epoll/4.1.42.Final/netty-transport-native-epoll-4.1.42.Final.jar:/home/zmb/.m2/repository/io/netty/netty-transport-native-unix-common/4.1.42.Final/netty-transport-native-unix-common-4.1.42.Final.jar:/home/zmb/.m2/repository/org/apache/kerby/kerb-core/1.0.1/kerb-core-1.0.1.jar:/home/zmb/.m2/repository/org/apache/kerby/kerby-pkix/1.0.1/kerby-pkix-1.0.1.jar:/home/zmb/.m2/repository/org/apache/kerby/kerby-asn1/1.0.1/kerby-asn1-1.0.1.jar:/home/zmb/.m2/repository/org/apache/kerby/kerby-util/1.0.1/kerby-util-1.0.1.jar:/home/zmb/.m2/repository/org/codehaus/woodstox/stax2-api/4.2.1/stax2-api-4.2.1.jar:/home/zmb/.m2/repository/com/fasterxml/woodstox/woodstox-core/5.3.0/woodstox-core-5.3.0.jar:/home/zmb/.m2/repository/dnsjava/dnsjava/2.1.7/dnsjava-2.1.7.jar:/home/zmb/.m2/repository/org/xerial/snappy/snappy-java/1.1.8.2/snappy-java-1.1.8.2.jar:/home/zmb/.m2/repository/junit/junit/4.12/junit-4.12.jar:/home/zmb/.m2/repository/org/hamcrest/hamcrest-core/1.3/hamcrest-core-1.3.jar:/home/zmb/.m2/repository/ch/qos/logback/logback-classic/1.2.3/logback-classic-1.2.3.jar:/home/zmb/.m2/repository/ch/qos/logback/logback-core/1.2.3/logback-core-1.2.3.jar:/home/zmb/.m2/repository/javax/servlet/javax.servlet-api/4.0.1/javax.servlet-api-4.0.1.jar:/home/zmb/.m2/repository/org/glassfish/jersey/media/jersey-media-moxy/2.25.1/jersey-media-moxy-2.25.1.jar:/home/zmb/.m2/repository/org/glassfish/jersey/core/jersey-common/2.25.1/jersey-common-2.25.1.jar:/home/zmb/.m2/repository/org/glassfish/jersey/bundles/repackaged/jersey-guava/2.25.1/jersey-guava-2.25.1.jar:/home/zmb/.m2/repository/org/glassfish/hk2/osgi-resource-locator/1.0.1/osgi-resource-locator-1.0.1.jar:/home/zmb/.m2/repository/org/glassfish/jersey/ext/jersey-entity-filtering/2.25.1/jersey-entity-filtering-2.25.1.jar:/home/zmb/.m2/repository/org/eclipse/persistence/org.eclipse.persistence.moxy/2.6.0/org.eclipse.persistence.moxy-2.6.0.jar:/home/zmb/.m2/repository/org/eclipse/persistence/org.eclipse.persistence.core/2.6.0/org.eclipse.persistence.core-2.6.0.jar:/home/zmb/.m2/repository/org/eclipse/persistence/org.eclipse.persistence.asm/2.6.0/org.eclipse.persistence.asm-2.6.0.jar:/home/zmb/.m2/repository/org/glassfish/javax.json/1.0.4/javax.json-1.0.4.jar:/home/zmb/.m2/repository/org/eclipse/persistence/javax.persistence/2.0.0/javax.persistence-2.0.0.jar:/home/zmb/.m2/repository/javax/xml/bind/jaxb-api/2.3.1/jaxb-api-2.3.1.jar:/home/zmb/.m2/repository/javax/activation/javax.activation-api/1.2.0/javax.activation-api-1.2.0.jar:/home/zmb/.m2/repository/org/eclipse/jetty/jetty-util/9.4.12.v20180830/jetty-util-9.4.12.v20180830.jar:/home/zmb/.m2/repository/org/eclipse/jetty/jetty-io/9.4.12.v20180830/jetty-io-9.4.12.v20180830.jar:/home/zmb/.m2/repository/org/aspectj/aspectjrt/1.9.6/aspectjrt-1.9.6.jar:/home/zmb/.m2/repository/org/apache/curator/curator-framework/2.12.0/curator-framework-2.12.0.jar:/home/zmb/.m2/repository/org/apache/curator/curator-client/2.12.0/curator-client-2.12.0.jar:/home/zmb/ideaIC-2022.3/idea-IC-223.7571.182/lib/idea_rt.jar
15:42:28.541 [main] INFO  org.apache.zookeeper.ZooKeeper - Client environment:java.library.path=/usr/java/packages/lib/amd64:/usr/lib/x86_64-linux-gnu/jni:/lib/x86_64-linux-gnu:/usr/lib/x86_64-linux-gnu:/usr/lib/jni:/lib:/usr/lib
15:42:28.541 [main] INFO  org.apache.zookeeper.ZooKeeper - Client environment:java.io.tmpdir=/tmp
15:42:28.541 [main] INFO  org.apache.zookeeper.ZooKeeper - Client environment:java.compiler=<NA>
15:42:28.541 [main] INFO  org.apache.zookeeper.ZooKeeper - Client environment:os.name=Linux
15:42:28.541 [main] INFO  org.apache.zookeeper.ZooKeeper - Client environment:os.arch=amd64
15:42:28.541 [main] INFO  org.apache.zookeeper.ZooKeeper - Client environment:os.version=5.15.0-60-generic
15:42:28.541 [main] INFO  org.apache.zookeeper.ZooKeeper - Client environment:user.name=zmb
15:42:28.541 [main] INFO  org.apache.zookeeper.ZooKeeper - Client environment:user.home=/home/zmb
15:42:28.541 [main] INFO  org.apache.zookeeper.ZooKeeper - Client environment:user.dir=/home/zmb/project/Redit_Bugs_Benchmark/Bugs/Zookeeper/Redit-Zookeeper-1576
15:42:28.541 [main] INFO  org.apache.zookeeper.ZooKeeper - Client environment:os.memory.free=215MB
15:42:28.541 [main] INFO  org.apache.zookeeper.ZooKeeper - Client environment:os.memory.max=3493MB
15:42:28.541 [main] INFO  org.apache.zookeeper.ZooKeeper - Client environment:os.memory.total=410MB
15:42:28.543 [main] INFO  org.apache.zookeeper.ZooKeeper - Initiating client connection, connectString=10.2.0.4:2181,10.2.0.3:2181,10.2.0.2:2181 sessionTimeout=4000 watcher=io.redit.samples.zookeeper1576.SampleTest$$Lambda$63/1778801068@25b5c5e3
15:42:28.544 [main] INFO  org.apache.zookeeper.common.X509Util - Setting -D jdk.tls.rejectClientInitiatedRenegotiation=true to disable client-initiated TLS renegotiation
15:42:28.546 [main] INFO  o.apache.zookeeper.ClientCnxnSocket - jute.maxbuffer value is 4194304 Bytes
15:42:28.548 [main] INFO  org.apache.zookeeper.ClientCnxn - zookeeper.request.timeout value is 0. feature enabled=
15:42:28.562 [main-SendThread(10.2.0.3:2181)] DEBUG o.a.zookeeper.SaslServerPrincipal - Canonicalized address to 10.2.0.3
15:42:28.563 [main-SendThread(10.2.0.3:2181)] INFO  org.apache.zookeeper.ClientCnxn - Opening socket connection to server 10.2.0.3/10.2.0.3:2181. Will not attempt to authenticate using SASL (unknown error)
15:42:29.898 [main-SendThread(10.2.0.3:2181)] WARN  org.apache.zookeeper.ClientCnxn - Client session timed out, have not heard from server in 1350ms for sessionid 0x0
15:42:29.898 [main-SendThread(10.2.0.3:2181)] INFO  org.apache.zookeeper.ClientCnxn - Client session timed out, have not heard from server in 1350ms for sessionid 0x0, closing socket connection and attempting reconnect
15:42:29.902 [main-SendThread(10.2.0.3:2181)] DEBUG o.a.zookeeper.ClientCnxnSocketNIO - Ignoring exception during shutdown input
java.net.SocketException: Socket is not connected
	at sun.nio.ch.Net.translateToSocketException(Net.java:126)
	at sun.nio.ch.Net.translateException(Net.java:160)
	at sun.nio.ch.Net.translateException(Net.java:166)
	at sun.nio.ch.SocketAdaptor.shutdownInput(SocketAdaptor.java:417)
	at org.apache.zookeeper.ClientCnxnSocketNIO.cleanup(ClientCnxnSocketNIO.java:198)
	at org.apache.zookeeper.ClientCnxn$SendThread.cleanup(ClientCnxn.java:1338)
	at org.apache.zookeeper.ClientCnxn$SendThread.cleanAndNotifyState(ClientCnxn.java:1276)
	at org.apache.zookeeper.ClientCnxn$SendThread.run(ClientCnxn.java:1254)
Caused by: java.nio.channels.NotYetConnectedException: null
	at sun.nio.ch.SocketChannelImpl.shutdownInput(SocketChannelImpl.java:781)
	at sun.nio.ch.SocketAdaptor.shutdownInput(SocketAdaptor.java:415)
	... 4 common frames omitted
15:42:29.902 [main-SendThread(10.2.0.3:2181)] DEBUG o.a.zookeeper.ClientCnxnSocketNIO - Ignoring exception during shutdown output
java.net.SocketException: Socket is not connected
	at sun.nio.ch.Net.translateToSocketException(Net.java:126)
	at sun.nio.ch.Net.translateException(Net.java:160)
	at sun.nio.ch.Net.translateException(Net.java:166)
	at sun.nio.ch.SocketAdaptor.shutdownOutput(SocketAdaptor.java:425)
	at org.apache.zookeeper.ClientCnxnSocketNIO.cleanup(ClientCnxnSocketNIO.java:205)
	at org.apache.zookeeper.ClientCnxn$SendThread.cleanup(ClientCnxn.java:1338)
	at org.apache.zookeeper.ClientCnxn$SendThread.cleanAndNotifyState(ClientCnxn.java:1276)
	at org.apache.zookeeper.ClientCnxn$SendThread.run(ClientCnxn.java:1254)
Caused by: java.nio.channels.NotYetConnectedException: null
	at sun.nio.ch.SocketChannelImpl.shutdownOutput(SocketChannelImpl.java:798)
	at sun.nio.ch.SocketAdaptor.shutdownOutput(SocketAdaptor.java:423)
	... 4 common frames omitted
15:42:30.019 [main-SendThread(10.2.0.4:2181)] DEBUG o.a.zookeeper.SaslServerPrincipal - Canonicalized address to 10.2.0.4
15:42:30.019 [main-SendThread(10.2.0.4:2181)] INFO  org.apache.zookeeper.ClientCnxn - Opening socket connection to server 10.2.0.4/10.2.0.4:2181. Will not attempt to authenticate using SASL (unknown error)
15:42:30.020 [main-SendThread(10.2.0.4:2181)] INFO  org.apache.zookeeper.ClientCnxn - Socket connection established, initiating session, client: /10.2.0.1:58860, server: 10.2.0.4/10.2.0.4:2181
15:42:30.024 [main-SendThread(10.2.0.4:2181)] DEBUG org.apache.zookeeper.ClientCnxn - Session establishment request sent on 10.2.0.4/10.2.0.4:2181
15:42:30.057 [main-SendThread(10.2.0.4:2181)] INFO  org.apache.zookeeper.ClientCnxn - Session establishment complete on server 10.2.0.4/10.2.0.4:2181, sessionid = 0xff86e95eb8220000, negotiated timeout = 4000
15:42:30.058 [main] INFO  io.redit.execution.RuntimeEngine - Sending test case event E1 ...
15:42:30.062 [qtp1282287470-35] INFO  io.redit.execution.EventService - Event E1 received!
15:42:30.063 [main] INFO  io.redit.execution.RuntimeEngine - Waiting for event E2 ...
15:42:30.076 [main-SendThread(10.2.0.4:2181)] DEBUG org.apache.zookeeper.ClientCnxn - Reading reply sessionid:0xff86e95eb8220000, packet:: clientPath:null serverPath:null finished:false header:: 1,1  replyHeader:: 1,4294967298,0  request:: '/test,#6e6f6465506174682064617461,v{s{31,s{'world,'anyone}}},1  response:: '/test
15:42:30.081 [main-SendThread(10.2.0.4:2181)] DEBUG org.apache.zookeeper.ClientCnxn - Reading reply sessionid:0xff86e95eb8220000, packet:: clientPath:null serverPath:null finished:false header:: 2,4  replyHeader:: 2,-1,0  request:: '/test,F  response:: #6e6f6465506174682064617461,s{4294967298,4294967298,1678952550069,1678952550069,0,0,0,-34083354133266432,13,0,4294967298}
15:42:30.081 [main] INFO  i.r.samples.zookeeper1576.SampleTest - [110, 111, 100, 101, 80, 97, 116, 104, 32, 100, 97, 116, 97]
15:42:30.081 [main] INFO  io.redit.execution.RuntimeEngine - Sending test case event E2 ...
15:42:30.085 [qtp1282287470-61] INFO  io.redit.execution.EventService - Event E2 received!
15:42:30.085 [main] INFO  io.redit.execution.RuntimeEngine - Waiting for event X2 ...
runCmd: sudo iptables -D INPUT -s 10.2.0.3 -j DROP
result:
runCmd: sudo iptables --list
result: Chain INPUT (policy ACCEPT)
target     prot opt source               destination

Chain FORWARD (policy ACCEPT)
target     prot opt source               destination

Chain OUTPUT (policy ACCEPT)
target     prot opt source               destination

Chain DOCKER (0 references)
target     prot opt source               destination

Chain DOCKER-ISOLATION-STAGE-1 (0 references)
target     prot opt source               destination

Chain DOCKER-ISOLATION-STAGE-2 (0 references)
target     prot opt source               destination

Chain DOCKER-USER (0 references)
target     prot opt source               destination

Chain ufw-after-forward (0 references)
target     prot opt source               destination

Chain ufw-after-input (0 references)
target     prot opt source               destination

Chain ufw-after-logging-forward (0 references)
target     prot opt source               destination

Chain ufw-after-logging-input (0 references)
target     prot opt source               destination

Chain ufw-after-logging-output (0 references)
target     prot opt source               destination

Chain ufw-after-output (0 references)
target     prot opt source               destination

Chain ufw-before-forward (0 references)
target     prot opt source               destination

Chain ufw-before-input (0 references)
target     prot opt source               destination

Chain ufw-before-logging-forward (0 references)
target     prot opt source               destination

Chain ufw-before-logging-input (0 references)
target     prot opt source               destination

Chain ufw-before-logging-output (0 references)
target     prot opt source               destination

Chain ufw-before-output (0 references)
target     prot opt source               destination

Chain ufw-reject-forward (0 references)
target     prot opt source               destination

Chain ufw-reject-input (0 references)
target     prot opt source               destination

Chain ufw-reject-output (0 references)
target     prot opt source               destination

Chain ufw-track-forward (0 references)
target     prot opt source               destination

Chain ufw-track-input (0 references)
target     prot opt source               destination

Chain ufw-track-output (0 references)
target     prot opt source               destination

15:42:30.095 [main] INFO  io.redit.execution.RuntimeEngine - Sending test case event X2 ...
15:42:30.098 [qtp1282287470-23] INFO  io.redit.execution.EventService - Event X2 received!
15:42:30.098 [main] INFO  io.redit.execution.RuntimeEngine - The run sequence is completed!
15:42:30.098 [main] INFO  i.r.samples.zookeeper1576.SampleTest - completed !!!
