[2023-01-05 03:25:38,191] INFO Registered kafka:type=kafka.Log4jController MBean (kafka.utils.Log4jControllerRegistration$)
[2023-01-05 03:25:38,670] INFO Setting -D jdk.tls.rejectClientInitiatedRenegotiation=true to disable client-initiated TLS renegotiation (org.apache.zookeeper.common.X509Util)
[2023-01-05 03:25:38,749] INFO Registered signal handlers for TERM, INT, HUP (org.apache.kafka.common.utils.LoggingSignalHandler)
[2023-01-05 03:25:38,764] INFO starting (kafka.server.KafkaServer)
[2023-01-05 03:25:38,765] INFO Connecting to zookeeper on 10.2.0.4:2181/chroot,10.2.0.3:2181/chroot,10.2.0.2:2181/chroot (kafka.server.KafkaServer)
[2023-01-05 03:25:38,798] INFO [ZooKeeperClient Kafka server] Initializing a new session to 10.2.0.4:2181. (kafka.zookeeper.ZooKeeperClient)
[2023-01-05 03:25:38,803] INFO Client environment:zookeeper.version=3.5.9-83df9301aa5c2a5d284a9940177808c01bc35cef, built on 01/06/2021 20:03 GMT (org.apache.zookeeper.ZooKeeper)
[2023-01-05 03:25:38,803] INFO Client environment:host.name=server1 (org.apache.zookeeper.ZooKeeper)
[2023-01-05 03:25:38,803] INFO Client environment:java.version=1.8.0_242 (org.apache.zookeeper.ZooKeeper)
[2023-01-05 03:25:38,803] INFO Client environment:java.vendor=Oracle Corporation (org.apache.zookeeper.ZooKeeper)
[2023-01-05 03:25:38,803] INFO Client environment:java.home=/usr/local/openjdk-8/jre (org.apache.zookeeper.ZooKeeper)
[2023-01-05 03:25:38,803] INFO Client environment:java.class.path=/kafka/kafka_2.13-2.7.1/bin/../libs/activation-1.1.1.jar:/kafka/kafka_2.13-2.7.1/bin/../libs/aopalliance-repackaged-2.6.1.jar:/kafka/kafka_2.13-2.7.1/bin/../libs/argparse4j-0.7.0.jar:/kafka/kafka_2.13-2.7.1/bin/../libs/audience-annotations-0.5.0.jar:/kafka/kafka_2.13-2.7.1/bin/../libs/commons-cli-1.4.jar:/kafka/kafka_2.13-2.7.1/bin/../libs/commons-lang3-3.8.1.jar:/kafka/kafka_2.13-2.7.1/bin/../libs/connect-api-2.7.1.jar:/kafka/kafka_2.13-2.7.1/bin/../libs/connect-basic-auth-extension-2.7.1.jar:/kafka/kafka_2.13-2.7.1/bin/../libs/connect-file-2.7.1.jar:/kafka/kafka_2.13-2.7.1/bin/../libs/connect-json-2.7.1.jar:/kafka/kafka_2.13-2.7.1/bin/../libs/connect-mirror-2.7.1.jar:/kafka/kafka_2.13-2.7.1/bin/../libs/connect-mirror-client-2.7.1.jar:/kafka/kafka_2.13-2.7.1/bin/../libs/connect-runtime-2.7.1.jar:/kafka/kafka_2.13-2.7.1/bin/../libs/connect-transforms-2.7.1.jar:/kafka/kafka_2.13-2.7.1/bin/../libs/hk2-api-2.6.1.jar:/kafka/kafka_2.13-2.7.1/bin/../libs/hk2-locator-2.6.1.jar:/kafka/kafka_2.13-2.7.1/bin/../libs/hk2-utils-2.6.1.jar:/kafka/kafka_2.13-2.7.1/bin/../libs/jackson-annotations-2.10.5.jar:/kafka/kafka_2.13-2.7.1/bin/../libs/jackson-core-2.10.5.jar:/kafka/kafka_2.13-2.7.1/bin/../libs/jackson-databind-2.10.5.1.jar:/kafka/kafka_2.13-2.7.1/bin/../libs/jackson-dataformat-csv-2.10.5.jar:/kafka/kafka_2.13-2.7.1/bin/../libs/jackson-datatype-jdk8-2.10.5.jar:/kafka/kafka_2.13-2.7.1/bin/../libs/jackson-jaxrs-base-2.10.5.jar:/kafka/kafka_2.13-2.7.1/bin/../libs/jackson-jaxrs-json-provider-2.10.5.jar:/kafka/kafka_2.13-2.7.1/bin/../libs/jackson-module-jaxb-annotations-2.10.5.jar:/kafka/kafka_2.13-2.7.1/bin/../libs/jackson-module-paranamer-2.10.5.jar:/kafka/kafka_2.13-2.7.1/bin/../libs/jackson-module-scala_2.13-2.10.5.jar:/kafka/kafka_2.13-2.7.1/bin/../libs/jakarta.activation-api-1.2.1.jar:/kafka/kafka_2.13-2.7.1/bin/../libs/jakarta.annotation-api-1.3.5.jar:/kafka/kafka_2.13-2.7.1/bin/../libs/jakarta.inject-2.6.1.jar:/kafka/kafka_2.13-2.7.1/bin/../libs/jakarta.validation-api-2.0.2.jar:/kafka/kafka_2.13-2.7.1/bin/../libs/jakarta.ws.rs-api-2.1.6.jar:/kafka/kafka_2.13-2.7.1/bin/../libs/jakarta.xml.bind-api-2.3.2.jar:/kafka/kafka_2.13-2.7.1/bin/../libs/javassist-3.25.0-GA.jar:/kafka/kafka_2.13-2.7.1/bin/../libs/javassist-3.26.0-GA.jar:/kafka/kafka_2.13-2.7.1/bin/../libs/javax.servlet-api-3.1.0.jar:/kafka/kafka_2.13-2.7.1/bin/../libs/javax.ws.rs-api-2.1.1.jar:/kafka/kafka_2.13-2.7.1/bin/../libs/jaxb-api-2.3.0.jar:/kafka/kafka_2.13-2.7.1/bin/../libs/jersey-client-2.31.jar:/kafka/kafka_2.13-2.7.1/bin/../libs/jersey-common-2.31.jar:/kafka/kafka_2.13-2.7.1/bin/../libs/jersey-container-servlet-2.31.jar:/kafka/kafka_2.13-2.7.1/bin/../libs/jersey-container-servlet-core-2.31.jar:/kafka/kafka_2.13-2.7.1/bin/../libs/jersey-hk2-2.31.jar:/kafka/kafka_2.13-2.7.1/bin/../libs/jersey-media-jaxb-2.31.jar:/kafka/kafka_2.13-2.7.1/bin/../libs/jersey-server-2.31.jar:/kafka/kafka_2.13-2.7.1/bin/../libs/jetty-client-9.4.38.v20210224.jar:/kafka/kafka_2.13-2.7.1/bin/../libs/jetty-continuation-9.4.38.v20210224.jar:/kafka/kafka_2.13-2.7.1/bin/../libs/jetty-http-9.4.38.v20210224.jar:/kafka/kafka_2.13-2.7.1/bin/../libs/jetty-io-9.4.38.v20210224.jar:/kafka/kafka_2.13-2.7.1/bin/../libs/jetty-security-9.4.38.v20210224.jar:/kafka/kafka_2.13-2.7.1/bin/../libs/jetty-server-9.4.38.v20210224.jar:/kafka/kafka_2.13-2.7.1/bin/../libs/jetty-servlet-9.4.38.v20210224.jar:/kafka/kafka_2.13-2.7.1/bin/../libs/jetty-servlets-9.4.38.v20210224.jar:/kafka/kafka_2.13-2.7.1/bin/../libs/jetty-util-9.4.38.v20210224.jar:/kafka/kafka_2.13-2.7.1/bin/../libs/jetty-util-ajax-9.4.38.v20210224.jar:/kafka/kafka_2.13-2.7.1/bin/../libs/jopt-simple-5.0.4.jar:/kafka/kafka_2.13-2.7.1/bin/../libs/kafka-clients-2.7.1.jar:/kafka/kafka_2.13-2.7.1/bin/../libs/kafka-log4j-appender-2.7.1.jar:/kafka/kafka_2.13-2.7.1/bin/../libs/kafka-raft-2.7.1.jar:/kafka/kafka_2.13-2.7.1/bin/../libs/kafka-streams-2.7.1.jar:/kafka/kafka_2.13-2.7.1/bin/../libs/kafka-streams-examples-2.7.1.jar:/kafka/kafka_2.13-2.7.1/bin/../libs/kafka-streams-scala_2.13-2.7.1.jar:/kafka/kafka_2.13-2.7.1/bin/../libs/kafka-streams-test-utils-2.7.1.jar:/kafka/kafka_2.13-2.7.1/bin/../libs/kafka-tools-2.7.1.jar:/kafka/kafka_2.13-2.7.1/bin/../libs/kafka_2.13-2.7.1-sources.jar:/kafka/kafka_2.13-2.7.1/bin/../libs/kafka_2.13-2.7.1.jar:/kafka/kafka_2.13-2.7.1/bin/../libs/log4j-1.2.17.jar:/kafka/kafka_2.13-2.7.1/bin/../libs/lz4-java-1.7.1.jar:/kafka/kafka_2.13-2.7.1/bin/../libs/maven-artifact-3.6.3.jar:/kafka/kafka_2.13-2.7.1/bin/../libs/metrics-core-2.2.0.jar:/kafka/kafka_2.13-2.7.1/bin/../libs/netty-buffer-4.1.59.Final.jar:/kafka/kafka_2.13-2.7.1/bin/../libs/netty-codec-4.1.59.Final.jar:/kafka/kafka_2.13-2.7.1/bin/../libs/netty-common-4.1.59.Final.jar:/kafka/kafka_2.13-2.7.1/bin/../libs/netty-handler-4.1.59.Final.jar:/kafka/kafka_2.13-2.7.1/bin/../libs/netty-resolver-4.1.59.Final.jar:/kafka/kafka_2.13-2.7.1/bin/../libs/netty-transport-4.1.59.Final.jar:/kafka/kafka_2.13-2.7.1/bin/../libs/netty-transport-native-epoll-4.1.59.Final.jar:/kafka/kafka_2.13-2.7.1/bin/../libs/netty-transport-native-unix-common-4.1.59.Final.jar:/kafka/kafka_2.13-2.7.1/bin/../libs/osgi-resource-locator-1.0.3.jar:/kafka/kafka_2.13-2.7.1/bin/../libs/paranamer-2.8.jar:/kafka/kafka_2.13-2.7.1/bin/../libs/plexus-utils-3.2.1.jar:/kafka/kafka_2.13-2.7.1/bin/../libs/reflections-0.9.12.jar:/kafka/kafka_2.13-2.7.1/bin/../libs/rocksdbjni-5.18.4.jar:/kafka/kafka_2.13-2.7.1/bin/../libs/scala-collection-compat_2.13-2.2.0.jar:/kafka/kafka_2.13-2.7.1/bin/../libs/scala-java8-compat_2.13-0.9.1.jar:/kafka/kafka_2.13-2.7.1/bin/../libs/scala-library-2.13.3.jar:/kafka/kafka_2.13-2.7.1/bin/../libs/scala-logging_2.13-3.9.2.jar:/kafka/kafka_2.13-2.7.1/bin/../libs/scala-reflect-2.13.3.jar:/kafka/kafka_2.13-2.7.1/bin/../libs/slf4j-api-1.7.30.jar:/kafka/kafka_2.13-2.7.1/bin/../libs/slf4j-log4j12-1.7.30.jar:/kafka/kafka_2.13-2.7.1/bin/../libs/snappy-java-1.1.7.7.jar:/kafka/kafka_2.13-2.7.1/bin/../libs/zookeeper-3.5.9.jar:/kafka/kafka_2.13-2.7.1/bin/../libs/zookeeper-jute-3.5.9.jar:/kafka/kafka_2.13-2.7.1/bin/../libs/zstd-jni-1.4.5-6.jar (org.apache.zookeeper.ZooKeeper)
[2023-01-05 03:25:38,803] INFO Client environment:java.library.path=/usr/java/packages/lib/amd64:/usr/lib64:/lib64:/lib:/usr/lib (org.apache.zookeeper.ZooKeeper)
[2023-01-05 03:25:38,816] INFO Client environment:java.io.tmpdir=/tmp (org.apache.zookeeper.ZooKeeper)
[2023-01-05 03:25:38,816] INFO Client environment:java.compiler=<NA> (org.apache.zookeeper.ZooKeeper)
[2023-01-05 03:25:38,816] INFO Client environment:os.name=Linux (org.apache.zookeeper.ZooKeeper)
[2023-01-05 03:25:38,816] INFO Client environment:os.arch=amd64 (org.apache.zookeeper.ZooKeeper)
[2023-01-05 03:25:38,816] INFO Client environment:os.version=5.15.0-56-generic (org.apache.zookeeper.ZooKeeper)
[2023-01-05 03:25:38,816] INFO Client environment:user.name=root (org.apache.zookeeper.ZooKeeper)
[2023-01-05 03:25:38,816] INFO Client environment:user.home=/root (org.apache.zookeeper.ZooKeeper)
[2023-01-05 03:25:38,816] INFO Client environment:user.dir=/kafka/kafka_2.13-2.7.1 (org.apache.zookeeper.ZooKeeper)
[2023-01-05 03:25:38,816] INFO Client environment:os.memory.free=973MB (org.apache.zookeeper.ZooKeeper)
[2023-01-05 03:25:38,816] INFO Client environment:os.memory.max=1024MB (org.apache.zookeeper.ZooKeeper)
[2023-01-05 03:25:38,816] INFO Client environment:os.memory.total=1024MB (org.apache.zookeeper.ZooKeeper)
[2023-01-05 03:25:38,818] INFO Initiating client connection, connectString=10.2.0.4:2181 sessionTimeout=18000 watcher=kafka.zookeeper.ZooKeeperClient$ZooKeeperClientWatcher$@498d318c (org.apache.zookeeper.ZooKeeper)
[2023-01-05 03:25:38,853] INFO jute.maxbuffer value is 4194304 Bytes (org.apache.zookeeper.ClientCnxnSocket)
[2023-01-05 03:25:38,868] INFO zookeeper.request.timeout value is 0. feature enabled= (org.apache.zookeeper.ClientCnxn)
[2023-01-05 03:25:38,870] INFO [ZooKeeperClient Kafka server] Waiting until connected. (kafka.zookeeper.ZooKeeperClient)
[2023-01-05 03:25:38,873] INFO Opening socket connection to server server1/10.2.0.4:2181. Will not attempt to authenticate using SASL (unknown error) (org.apache.zookeeper.ClientCnxn)
[2023-01-05 03:25:38,877] INFO Socket connection established, initiating session, client: /10.2.0.4:54676, server: server1/10.2.0.4:2181 (org.apache.zookeeper.ClientCnxn)
[2023-01-05 03:25:38,901] INFO Session establishment complete on server server1/10.2.0.4:2181, sessionid = 0x10000764f330000, negotiated timeout = 120000 (org.apache.zookeeper.ClientCnxn)
[2023-01-05 03:25:38,909] INFO [ZooKeeperClient Kafka server] Connected. (kafka.zookeeper.ZooKeeperClient)
[2023-01-05 03:25:39,016] ERROR Fatal error during KafkaServer startup. Prepare to shutdown (kafka.server.KafkaServer)
org.apache.zookeeper.KeeperException$NoAuthException: KeeperErrorCode = NoAuth for /chroot,10.2.0.3:2181
	at org.apache.zookeeper.KeeperException.create(KeeperException.java:120)
	at org.apache.zookeeper.KeeperException.create(KeeperException.java:54)
	at kafka.zookeeper.AsyncResponse.resultException(ZooKeeperClient.scala:557)
	at kafka.zk.KafkaZkClient.createRecursive0$1(KafkaZkClient.scala:1647)
	at kafka.zk.KafkaZkClient.createRecursive0$1(KafkaZkClient.scala:1641)
	at kafka.zk.KafkaZkClient.createRecursive(KafkaZkClient.scala:1657)
	at kafka.zk.KafkaZkClient.makeSurePersistentPathExists(KafkaZkClient.scala:1560)
	at kafka.server.KafkaServer.$anonfun$initZkClient$2(KafkaServer.scala:461)
	at kafka.server.KafkaServer.$anonfun$initZkClient$2$adapted(KafkaServer.scala:458)
	at scala.Option.foreach(Option.scala:437)
	at kafka.server.KafkaServer.initZkClient(KafkaServer.scala:458)
	at kafka.server.KafkaServer.startup(KafkaServer.scala:233)
	at kafka.server.KafkaServerStartable.startup(KafkaServerStartable.scala:44)
	at kafka.Kafka$.main(Kafka.scala:82)
	at kafka.Kafka.main(Kafka.scala)
[2023-01-05 03:25:39,025] INFO shutting down (kafka.server.KafkaServer)
[2023-01-05 03:25:39,035] INFO App info kafka.server for 0 unregistered (org.apache.kafka.common.utils.AppInfoParser)
[2023-01-05 03:25:39,037] INFO shut down completed (kafka.server.KafkaServer)
[2023-01-05 03:25:39,038] ERROR Exiting Kafka. (kafka.server.KafkaServerStartable)
[2023-01-05 03:25:39,040] INFO shutting down (kafka.server.KafkaServer)
