[2023-02-13 04:13:13,800] INFO Registered kafka:type=kafka.Log4jController MBean (kafka.utils.Log4jControllerRegistration$)
[2023-02-13 04:13:13,972] INFO Setting -D jdk.tls.rejectClientInitiatedRenegotiation=true to disable client-initiated TLS renegotiation (org.apache.zookeeper.common.X509Util)
[2023-02-13 04:13:14,036] INFO Registered signal handlers for TERM, INT, HUP (org.apache.kafka.common.utils.LoggingSignalHandler)
[2023-02-13 04:13:14,038] INFO starting (kafka.server.KafkaServer)
[2023-02-13 04:13:14,039] INFO Connecting to zookeeper on 10.2.0.4:2181,10.2.0.3:2181,10.2.0.2:2181/chroot (kafka.server.KafkaServer)
[2023-02-13 04:13:14,046] INFO [ZooKeeperClient Kafka server] Initializing a new session to 10.2.0.4:2181,10.2.0.3:2181,10.2.0.2:2181. (kafka.zookeeper.ZooKeeperClient)
[2023-02-13 04:13:14,049] INFO Client environment:zookeeper.version=3.6.3--6401e4ad2087061bc6b9f80dec2d69f2e3c8660a, built on 04/08/2021 16:35 GMT (org.apache.zookeeper.ZooKeeper)
[2023-02-13 04:13:14,049] INFO Client environment:host.name=server1 (org.apache.zookeeper.ZooKeeper)
[2023-02-13 04:13:14,049] INFO Client environment:java.version=1.8.0_242 (org.apache.zookeeper.ZooKeeper)
[2023-02-13 04:13:14,049] INFO Client environment:java.vendor=Oracle Corporation (org.apache.zookeeper.ZooKeeper)
[2023-02-13 04:13:14,050] INFO Client environment:java.home=/usr/local/openjdk-8/jre (org.apache.zookeeper.ZooKeeper)
[2023-02-13 04:13:14,050] INFO Client environment:java.class.path=/kafka/kafka_2.13-3.0.0/bin/../libs/activation-1.1.1.jar:/kafka/kafka_2.13-3.0.0/bin/../libs/aopalliance-repackaged-2.6.1.jar:/kafka/kafka_2.13-3.0.0/bin/../libs/argparse4j-0.7.0.jar:/kafka/kafka_2.13-3.0.0/bin/../libs/audience-annotations-0.5.0.jar:/kafka/kafka_2.13-3.0.0/bin/../libs/commons-cli-1.4.jar:/kafka/kafka_2.13-3.0.0/bin/../libs/commons-lang3-3.8.1.jar:/kafka/kafka_2.13-3.0.0/bin/../libs/connect-api-3.0.0.jar:/kafka/kafka_2.13-3.0.0/bin/../libs/connect-basic-auth-extension-3.0.0.jar:/kafka/kafka_2.13-3.0.0/bin/../libs/connect-file-3.0.0.jar:/kafka/kafka_2.13-3.0.0/bin/../libs/connect-json-3.0.0.jar:/kafka/kafka_2.13-3.0.0/bin/../libs/connect-mirror-3.0.0.jar:/kafka/kafka_2.13-3.0.0/bin/../libs/connect-mirror-client-3.0.0.jar:/kafka/kafka_2.13-3.0.0/bin/../libs/connect-runtime-3.0.0.jar:/kafka/kafka_2.13-3.0.0/bin/../libs/connect-transforms-3.0.0.jar:/kafka/kafka_2.13-3.0.0/bin/../libs/hk2-api-2.6.1.jar:/kafka/kafka_2.13-3.0.0/bin/../libs/hk2-locator-2.6.1.jar:/kafka/kafka_2.13-3.0.0/bin/../libs/hk2-utils-2.6.1.jar:/kafka/kafka_2.13-3.0.0/bin/../libs/jackson-annotations-2.12.3.jar:/kafka/kafka_2.13-3.0.0/bin/../libs/jackson-core-2.12.3.jar:/kafka/kafka_2.13-3.0.0/bin/../libs/jackson-databind-2.12.3.jar:/kafka/kafka_2.13-3.0.0/bin/../libs/jackson-dataformat-csv-2.12.3.jar:/kafka/kafka_2.13-3.0.0/bin/../libs/jackson-datatype-jdk8-2.12.3.jar:/kafka/kafka_2.13-3.0.0/bin/../libs/jackson-jaxrs-base-2.12.3.jar:/kafka/kafka_2.13-3.0.0/bin/../libs/jackson-jaxrs-json-provider-2.12.3.jar:/kafka/kafka_2.13-3.0.0/bin/../libs/jackson-module-jaxb-annotations-2.12.3.jar:/kafka/kafka_2.13-3.0.0/bin/../libs/jackson-module-scala_2.13-2.12.3.jar:/kafka/kafka_2.13-3.0.0/bin/../libs/jakarta.activation-api-1.2.1.jar:/kafka/kafka_2.13-3.0.0/bin/../libs/jakarta.annotation-api-1.3.5.jar:/kafka/kafka_2.13-3.0.0/bin/../libs/jakarta.inject-2.6.1.jar:/kafka/kafka_2.13-3.0.0/bin/../libs/jakarta.validation-api-2.0.2.jar:/kafka/kafka_2.13-3.0.0/bin/../libs/jakarta.ws.rs-api-2.1.6.jar:/kafka/kafka_2.13-3.0.0/bin/../libs/jakarta.xml.bind-api-2.3.2.jar:/kafka/kafka_2.13-3.0.0/bin/../libs/javassist-3.27.0-GA.jar:/kafka/kafka_2.13-3.0.0/bin/../libs/javax.servlet-api-3.1.0.jar:/kafka/kafka_2.13-3.0.0/bin/../libs/javax.ws.rs-api-2.1.1.jar:/kafka/kafka_2.13-3.0.0/bin/../libs/jaxb-api-2.3.0.jar:/kafka/kafka_2.13-3.0.0/bin/../libs/jersey-client-2.34.jar:/kafka/kafka_2.13-3.0.0/bin/../libs/jersey-common-2.34.jar:/kafka/kafka_2.13-3.0.0/bin/../libs/jersey-container-servlet-2.34.jar:/kafka/kafka_2.13-3.0.0/bin/../libs/jersey-container-servlet-core-2.34.jar:/kafka/kafka_2.13-3.0.0/bin/../libs/jersey-hk2-2.34.jar:/kafka/kafka_2.13-3.0.0/bin/../libs/jersey-server-2.34.jar:/kafka/kafka_2.13-3.0.0/bin/../libs/jetty-client-9.4.43.v20210629.jar:/kafka/kafka_2.13-3.0.0/bin/../libs/jetty-continuation-9.4.43.v20210629.jar:/kafka/kafka_2.13-3.0.0/bin/../libs/jetty-http-9.4.43.v20210629.jar:/kafka/kafka_2.13-3.0.0/bin/../libs/jetty-io-9.4.43.v20210629.jar:/kafka/kafka_2.13-3.0.0/bin/../libs/jetty-security-9.4.43.v20210629.jar:/kafka/kafka_2.13-3.0.0/bin/../libs/jetty-server-9.4.43.v20210629.jar:/kafka/kafka_2.13-3.0.0/bin/../libs/jetty-servlet-9.4.43.v20210629.jar:/kafka/kafka_2.13-3.0.0/bin/../libs/jetty-servlets-9.4.43.v20210629.jar:/kafka/kafka_2.13-3.0.0/bin/../libs/jetty-util-9.4.43.v20210629.jar:/kafka/kafka_2.13-3.0.0/bin/../libs/jetty-util-ajax-9.4.43.v20210629.jar:/kafka/kafka_2.13-3.0.0/bin/../libs/jline-3.12.1.jar:/kafka/kafka_2.13-3.0.0/bin/../libs/jopt-simple-5.0.4.jar:/kafka/kafka_2.13-3.0.0/bin/../libs/kafka-clients-3.0.0.jar:/kafka/kafka_2.13-3.0.0/bin/../libs/kafka-log4j-appender-3.0.0.jar:/kafka/kafka_2.13-3.0.0/bin/../libs/kafka-metadata-3.0.0.jar:/kafka/kafka_2.13-3.0.0/bin/../libs/kafka-raft-3.0.0.jar:/kafka/kafka_2.13-3.0.0/bin/../libs/kafka-server-common-3.0.0.jar:/kafka/kafka_2.13-3.0.0/bin/../libs/kafka-shell-3.0.0.jar:/kafka/kafka_2.13-3.0.0/bin/../libs/kafka-storage-3.0.0.jar:/kafka/kafka_2.13-3.0.0/bin/../libs/kafka-storage-api-3.0.0.jar:/kafka/kafka_2.13-3.0.0/bin/../libs/kafka-streams-3.0.0.jar:/kafka/kafka_2.13-3.0.0/bin/../libs/kafka-streams-examples-3.0.0.jar:/kafka/kafka_2.13-3.0.0/bin/../libs/kafka-streams-scala_2.13-3.0.0.jar:/kafka/kafka_2.13-3.0.0/bin/../libs/kafka-streams-test-utils-3.0.0.jar:/kafka/kafka_2.13-3.0.0/bin/../libs/kafka-tools-3.0.0.jar:/kafka/kafka_2.13-3.0.0/bin/../libs/kafka_2.13-3.0.0.jar:/kafka/kafka_2.13-3.0.0/bin/../libs/log4j-1.2.17.jar:/kafka/kafka_2.13-3.0.0/bin/../libs/lz4-java-1.7.1.jar:/kafka/kafka_2.13-3.0.0/bin/../libs/maven-artifact-3.8.1.jar:/kafka/kafka_2.13-3.0.0/bin/../libs/metrics-core-2.2.0.jar:/kafka/kafka_2.13-3.0.0/bin/../libs/metrics-core-4.1.12.1.jar:/kafka/kafka_2.13-3.0.0/bin/../libs/netty-buffer-4.1.62.Final.jar:/kafka/kafka_2.13-3.0.0/bin/../libs/netty-codec-4.1.62.Final.jar:/kafka/kafka_2.13-3.0.0/bin/../libs/netty-common-4.1.62.Final.jar:/kafka/kafka_2.13-3.0.0/bin/../libs/netty-handler-4.1.62.Final.jar:/kafka/kafka_2.13-3.0.0/bin/../libs/netty-resolver-4.1.62.Final.jar:/kafka/kafka_2.13-3.0.0/bin/../libs/netty-transport-4.1.62.Final.jar:/kafka/kafka_2.13-3.0.0/bin/../libs/netty-transport-native-epoll-4.1.62.Final.jar:/kafka/kafka_2.13-3.0.0/bin/../libs/netty-transport-native-unix-common-4.1.62.Final.jar:/kafka/kafka_2.13-3.0.0/bin/../libs/osgi-resource-locator-1.0.3.jar:/kafka/kafka_2.13-3.0.0/bin/../libs/paranamer-2.8.jar:/kafka/kafka_2.13-3.0.0/bin/../libs/plexus-utils-3.2.1.jar:/kafka/kafka_2.13-3.0.0/bin/../libs/reflections-0.9.12.jar:/kafka/kafka_2.13-3.0.0/bin/../libs/rocksdbjni-6.19.3.jar:/kafka/kafka_2.13-3.0.0/bin/../libs/scala-collection-compat_2.13-2.4.4.jar:/kafka/kafka_2.13-3.0.0/bin/../libs/scala-java8-compat_2.13-1.0.0.jar:/kafka/kafka_2.13-3.0.0/bin/../libs/scala-library-2.13.6.jar:/kafka/kafka_2.13-3.0.0/bin/../libs/scala-logging_2.13-3.9.3.jar:/kafka/kafka_2.13-3.0.0/bin/../libs/scala-reflect-2.13.6.jar:/kafka/kafka_2.13-3.0.0/bin/../libs/slf4j-api-1.7.30.jar:/kafka/kafka_2.13-3.0.0/bin/../libs/slf4j-log4j12-1.7.30.jar:/kafka/kafka_2.13-3.0.0/bin/../libs/snappy-java-1.1.8.1.jar:/kafka/kafka_2.13-3.0.0/bin/../libs/trogdor-3.0.0.jar:/kafka/kafka_2.13-3.0.0/bin/../libs/zookeeper-3.6.3.jar:/kafka/kafka_2.13-3.0.0/bin/../libs/zookeeper-jute-3.6.3.jar:/kafka/kafka_2.13-3.0.0/bin/../libs/zstd-jni-1.5.0-2.jar (org.apache.zookeeper.ZooKeeper)
[2023-02-13 04:13:14,050] INFO Client environment:java.library.path=/usr/java/packages/lib/amd64:/usr/lib64:/lib64:/lib:/usr/lib (org.apache.zookeeper.ZooKeeper)
[2023-02-13 04:13:14,050] INFO Client environment:java.io.tmpdir=/tmp (org.apache.zookeeper.ZooKeeper)
[2023-02-13 04:13:14,050] INFO Client environment:java.compiler=<NA> (org.apache.zookeeper.ZooKeeper)
[2023-02-13 04:13:14,050] INFO Client environment:os.name=Linux (org.apache.zookeeper.ZooKeeper)
[2023-02-13 04:13:14,050] INFO Client environment:os.arch=amd64 (org.apache.zookeeper.ZooKeeper)
[2023-02-13 04:13:14,050] INFO Client environment:os.version=5.15.0-46-generic (org.apache.zookeeper.ZooKeeper)
[2023-02-13 04:13:14,050] INFO Client environment:user.name=root (org.apache.zookeeper.ZooKeeper)
[2023-02-13 04:13:14,050] INFO Client environment:user.home=/root (org.apache.zookeeper.ZooKeeper)
[2023-02-13 04:13:14,050] INFO Client environment:user.dir=/kafka/kafka_2.13-3.0.0 (org.apache.zookeeper.ZooKeeper)
[2023-02-13 04:13:14,050] INFO Client environment:os.memory.free=1010MB (org.apache.zookeeper.ZooKeeper)
[2023-02-13 04:13:14,050] INFO Client environment:os.memory.max=1024MB (org.apache.zookeeper.ZooKeeper)
[2023-02-13 04:13:14,050] INFO Client environment:os.memory.total=1024MB (org.apache.zookeeper.ZooKeeper)
[2023-02-13 04:13:14,051] INFO Initiating client connection, connectString=10.2.0.4:2181,10.2.0.3:2181,10.2.0.2:2181 sessionTimeout=18000 watcher=kafka.zookeeper.ZooKeeperClient$ZooKeeperClientWatcher$@4c371370 (org.apache.zookeeper.ZooKeeper)
[2023-02-13 04:13:14,054] INFO jute.maxbuffer value is 4194304 Bytes (org.apache.zookeeper.ClientCnxnSocket)
[2023-02-13 04:13:14,056] INFO zookeeper.request.timeout value is 0. feature enabled=false (org.apache.zookeeper.ClientCnxn)
[2023-02-13 04:13:14,057] INFO [ZooKeeperClient Kafka server] Waiting until connected. (kafka.zookeeper.ZooKeeperClient)
[2023-02-13 04:13:14,058] INFO Opening socket connection to server server1/10.2.0.4:2181. (org.apache.zookeeper.ClientCnxn)
[2023-02-13 04:13:14,058] INFO SASL config status: Will not attempt to authenticate using SASL (unknown error) (org.apache.zookeeper.ClientCnxn)
[2023-02-13 04:13:14,060] INFO Socket connection established, initiating session, client: /10.2.0.4:43490, server: server1/10.2.0.4:2181 (org.apache.zookeeper.ClientCnxn)
[2023-02-13 04:13:14,072] INFO Session establishment complete on server server1/10.2.0.4:2181, session id = 0x100006761cb0001, negotiated timeout = 120000 (org.apache.zookeeper.ClientCnxn)
[2023-02-13 04:13:14,074] INFO [ZooKeeperClient Kafka server] Connected. (kafka.zookeeper.ZooKeeperClient)
[2023-02-13 04:13:14,088] INFO [ZooKeeperClient Kafka server] Closing. (kafka.zookeeper.ZooKeeperClient)
[2023-02-13 04:13:14,196] INFO Session: 0x100006761cb0001 closed (org.apache.zookeeper.ZooKeeper)
[2023-02-13 04:13:14,196] INFO EventThread shut down for session: 0x100006761cb0001 (org.apache.zookeeper.ClientCnxn)
[2023-02-13 04:13:14,200] INFO [ZooKeeperClient Kafka server] Closed. (kafka.zookeeper.ZooKeeperClient)
[2023-02-13 04:13:14,204] INFO [ZooKeeperClient Kafka server] Initializing a new session to 10.2.0.4:2181,10.2.0.3:2181,10.2.0.2:2181/chroot. (kafka.zookeeper.ZooKeeperClient)
[2023-02-13 04:13:14,205] INFO Initiating client connection, connectString=10.2.0.4:2181,10.2.0.3:2181,10.2.0.2:2181/chroot sessionTimeout=18000 watcher=kafka.zookeeper.ZooKeeperClient$ZooKeeperClientWatcher$@662ac478 (org.apache.zookeeper.ZooKeeper)
[2023-02-13 04:13:14,206] INFO jute.maxbuffer value is 4194304 Bytes (org.apache.zookeeper.ClientCnxnSocket)
[2023-02-13 04:13:14,206] INFO zookeeper.request.timeout value is 0. feature enabled=false (org.apache.zookeeper.ClientCnxn)
[2023-02-13 04:13:14,207] INFO [ZooKeeperClient Kafka server] Waiting until connected. (kafka.zookeeper.ZooKeeperClient)
[2023-02-13 04:13:14,208] INFO Opening socket connection to server redit_sample-kafka_server3_1676261573.redit_sample-kafka_1676261572/10.2.0.2:2181. (org.apache.zookeeper.ClientCnxn)
[2023-02-13 04:13:14,209] INFO SASL config status: Will not attempt to authenticate using SASL (unknown error) (org.apache.zookeeper.ClientCnxn)
[2023-02-13 04:13:14,209] INFO Socket connection established, initiating session, client: /10.2.0.4:53210, server: redit_sample-kafka_server3_1676261573.redit_sample-kafka_1676261572/10.2.0.2:2181 (org.apache.zookeeper.ClientCnxn)
[2023-02-13 04:13:14,227] INFO Session establishment complete on server redit_sample-kafka_server3_1676261573.redit_sample-kafka_1676261572/10.2.0.2:2181, session id = 0x300006761db0002, negotiated timeout = 120000 (org.apache.zookeeper.ClientCnxn)
[2023-02-13 04:13:14,227] INFO [ZooKeeperClient Kafka server] Connected. (kafka.zookeeper.ZooKeeperClient)
[2023-02-13 04:13:14,402] INFO [feature-zk-node-event-process-thread]: Starting (kafka.server.FinalizedFeatureChangeListener$ChangeNotificationProcessorThread)
[2023-02-13 04:13:14,406] INFO Feature ZK node at path: /feature does not exist (kafka.server.FinalizedFeatureChangeListener)
[2023-02-13 04:13:14,406] INFO Cleared cache (kafka.server.FinalizedFeatureCache)
[2023-02-13 04:13:14,491] INFO Cluster ID = 1RlHRNGbTwqNjxuP66QfDg (kafka.server.KafkaServer)
[2023-02-13 04:13:14,493] WARN No meta.properties file under dir /kafka/kafka_2.13-2.7.1/logs/meta.properties (kafka.server.BrokerMetadataCheckpoint)
[2023-02-13 04:13:14,523] INFO KafkaConfig values: 
	advertised.listeners = null
	alter.config.policy.class.name = null
	alter.log.dirs.replication.quota.window.num = 11
	alter.log.dirs.replication.quota.window.size.seconds = 1
	authorizer.class.name = 
	auto.create.topics.enable = true
	auto.leader.rebalance.enable = true
	background.threads = 10
	broker.heartbeat.interval.ms = 2000
	broker.id = 0
	broker.id.generation.enable = true
	broker.rack = null
	broker.session.timeout.ms = 9000
	client.quota.callback.class = null
	compression.type = producer
	connection.failed.authentication.delay.ms = 100
	connections.max.idle.ms = 600000
	connections.max.reauth.ms = 0
	control.plane.listener.name = null
	controlled.shutdown.enable = true
	controlled.shutdown.max.retries = 3
	controlled.shutdown.retry.backoff.ms = 5000
	controller.listener.names = null
	controller.quorum.append.linger.ms = 25
	controller.quorum.election.backoff.max.ms = 1000
	controller.quorum.election.timeout.ms = 1000
	controller.quorum.fetch.timeout.ms = 2000
	controller.quorum.request.timeout.ms = 2000
	controller.quorum.retry.backoff.ms = 20
	controller.quorum.voters = []
	controller.quota.window.num = 11
	controller.quota.window.size.seconds = 1
	controller.socket.timeout.ms = 30000
	create.topic.policy.class.name = null
	default.replication.factor = 1
	delegation.token.expiry.check.interval.ms = 3600000
	delegation.token.expiry.time.ms = 86400000
	delegation.token.master.key = null
	delegation.token.max.lifetime.ms = 604800000
	delegation.token.secret.key = null
	delete.records.purgatory.purge.interval.requests = 1
	delete.topic.enable = true
	fetch.max.bytes = 57671680
	fetch.purgatory.purge.interval.requests = 1000
	group.initial.rebalance.delay.ms = 0
	group.max.session.timeout.ms = 1800000
	group.max.size = 2147483647
	group.min.session.timeout.ms = 6000
	initial.broker.registration.timeout.ms = 60000
	inter.broker.listener.name = null
	inter.broker.protocol.version = 3.0-IV1
	kafka.metrics.polling.interval.secs = 10
	kafka.metrics.reporters = []
	leader.imbalance.check.interval.seconds = 300
	leader.imbalance.per.broker.percentage = 10
	listener.security.protocol.map = PLAINTEXT:PLAINTEXT,SSL:SSL,SASL_PLAINTEXT:SASL_PLAINTEXT,SASL_SSL:SASL_SSL
	listeners = PLAINTEXT://10.2.0.4:9092
	log.cleaner.backoff.ms = 15000
	log.cleaner.dedupe.buffer.size = 134217728
	log.cleaner.delete.retention.ms = 86400000
	log.cleaner.enable = true
	log.cleaner.io.buffer.load.factor = 0.9
	log.cleaner.io.buffer.size = 524288
	log.cleaner.io.max.bytes.per.second = 1.7976931348623157E308
	log.cleaner.max.compaction.lag.ms = 9223372036854775807
	log.cleaner.min.cleanable.ratio = 0.5
	log.cleaner.min.compaction.lag.ms = 0
	log.cleaner.threads = 1
	log.cleanup.policy = [delete]
	log.dir = /tmp/kafka-logs
	log.dirs = /kafka/kafka_2.13-2.7.1/logs
	log.flush.interval.messages = 9223372036854775807
	log.flush.interval.ms = null
	log.flush.offset.checkpoint.interval.ms = 60000
	log.flush.scheduler.interval.ms = 9223372036854775807
	log.flush.start.offset.checkpoint.interval.ms = 60000
	log.index.interval.bytes = 4096
	log.index.size.max.bytes = 10485760
	log.message.downconversion.enable = true
	log.message.format.version = 3.0-IV1
	log.message.timestamp.difference.max.ms = 9223372036854775807
	log.message.timestamp.type = CreateTime
	log.preallocate = false
	log.retention.bytes = -1
	log.retention.check.interval.ms = 300000
	log.retention.hours = 168
	log.retention.minutes = null
	log.retention.ms = null
	log.roll.hours = 168
	log.roll.jitter.hours = 0
	log.roll.jitter.ms = null
	log.roll.ms = null
	log.segment.bytes = 1073741824
	log.segment.delete.delay.ms = 60000
	max.connection.creation.rate = 2147483647
	max.connections = 2147483647
	max.connections.per.ip = 2147483647
	max.connections.per.ip.overrides = 
	max.incremental.fetch.session.cache.slots = 1000
	message.max.bytes = 1048588
	metadata.log.dir = null
	metadata.log.max.record.bytes.between.snapshots = 20971520
	metadata.log.segment.bytes = 1073741824
	metadata.log.segment.min.bytes = 8388608
	metadata.log.segment.ms = 604800000
	metadata.max.retention.bytes = -1
	metadata.max.retention.ms = 604800000
	metric.reporters = []
	metrics.num.samples = 2
	metrics.recording.level = INFO
	metrics.sample.window.ms = 30000
	min.insync.replicas = 1
	node.id = -1
	num.io.threads = 8
	num.network.threads = 3
	num.partitions = 1
	num.recovery.threads.per.data.dir = 1
	num.replica.alter.log.dirs.threads = null
	num.replica.fetchers = 1
	offset.metadata.max.bytes = 4096
	offsets.commit.required.acks = -1
	offsets.commit.timeout.ms = 5000
	offsets.load.buffer.size = 5242880
	offsets.retention.check.interval.ms = 600000
	offsets.retention.minutes = 10080
	offsets.topic.compression.codec = 0
	offsets.topic.num.partitions = 50
	offsets.topic.replication.factor = 3
	offsets.topic.segment.bytes = 104857600
	password.encoder.cipher.algorithm = AES/CBC/PKCS5Padding
	password.encoder.iterations = 4096
	password.encoder.key.length = 128
	password.encoder.keyfactory.algorithm = null
	password.encoder.old.secret = null
	password.encoder.secret = null
	principal.builder.class = class org.apache.kafka.common.security.authenticator.DefaultKafkaPrincipalBuilder
	process.roles = []
	producer.purgatory.purge.interval.requests = 1000
	queued.max.request.bytes = -1
	queued.max.requests = 500
	quota.window.num = 11
	quota.window.size.seconds = 1
	remote.log.index.file.cache.total.size.bytes = 1073741824
	remote.log.manager.task.interval.ms = 30000
	remote.log.manager.task.retry.backoff.max.ms = 30000
	remote.log.manager.task.retry.backoff.ms = 500
	remote.log.manager.task.retry.jitter = 0.2
	remote.log.manager.thread.pool.size = 10
	remote.log.metadata.manager.class.name = null
	remote.log.metadata.manager.class.path = null
	remote.log.metadata.manager.impl.prefix = null
	remote.log.metadata.manager.listener.name = null
	remote.log.reader.max.pending.tasks = 100
	remote.log.reader.threads = 10
	remote.log.storage.manager.class.name = null
	remote.log.storage.manager.class.path = null
	remote.log.storage.manager.impl.prefix = null
	remote.log.storage.system.enable = false
	replica.fetch.backoff.ms = 1000
	replica.fetch.max.bytes = 1048576
	replica.fetch.min.bytes = 1
	replica.fetch.response.max.bytes = 10485760
	replica.fetch.wait.max.ms = 500
	replica.high.watermark.checkpoint.interval.ms = 5000
	replica.lag.time.max.ms = 30000
	replica.selector.class = null
	replica.socket.receive.buffer.bytes = 65536
	replica.socket.timeout.ms = 30000
	replication.quota.window.num = 11
	replication.quota.window.size.seconds = 1
	request.timeout.ms = 30000
	reserved.broker.max.id = 1000
	sasl.client.callback.handler.class = null
	sasl.enabled.mechanisms = [GSSAPI]
	sasl.jaas.config = null
	sasl.kerberos.kinit.cmd = /usr/bin/kinit
	sasl.kerberos.min.time.before.relogin = 60000
	sasl.kerberos.principal.to.local.rules = [DEFAULT]
	sasl.kerberos.service.name = null
	sasl.kerberos.ticket.renew.jitter = 0.05
	sasl.kerberos.ticket.renew.window.factor = 0.8
	sasl.login.callback.handler.class = null
	sasl.login.class = null
	sasl.login.refresh.buffer.seconds = 300
	sasl.login.refresh.min.period.seconds = 60
	sasl.login.refresh.window.factor = 0.8
	sasl.login.refresh.window.jitter = 0.05
	sasl.mechanism.controller.protocol = GSSAPI
	sasl.mechanism.inter.broker.protocol = GSSAPI
	sasl.server.callback.handler.class = null
	security.inter.broker.protocol = PLAINTEXT
	security.providers = null
	socket.connection.setup.timeout.max.ms = 30000
	socket.connection.setup.timeout.ms = 10000
	socket.receive.buffer.bytes = 102400
	socket.request.max.bytes = 104857600
	socket.send.buffer.bytes = 102400
	ssl.cipher.suites = []
	ssl.client.auth = none
	ssl.enabled.protocols = [TLSv1.2]
	ssl.endpoint.identification.algorithm = https
	ssl.engine.factory.class = null
	ssl.key.password = null
	ssl.keymanager.algorithm = SunX509
	ssl.keystore.certificate.chain = null
	ssl.keystore.key = null
	ssl.keystore.location = null
	ssl.keystore.password = null
	ssl.keystore.type = JKS
	ssl.principal.mapping.rules = DEFAULT
	ssl.protocol = TLSv1.2
	ssl.provider = null
	ssl.secure.random.implementation = null
	ssl.trustmanager.algorithm = PKIX
	ssl.truststore.certificates = null
	ssl.truststore.location = null
	ssl.truststore.password = null
	ssl.truststore.type = JKS
	transaction.abort.timed.out.transaction.cleanup.interval.ms = 10000
	transaction.max.timeout.ms = 900000
	transaction.remove.expired.transaction.cleanup.interval.ms = 3600000
	transaction.state.log.load.buffer.size = 5242880
	transaction.state.log.min.isr = 1
	transaction.state.log.num.partitions = 50
	transaction.state.log.replication.factor = 1
	transaction.state.log.segment.bytes = 104857600
	transactional.id.expiration.ms = 604800000
	unclean.leader.election.enable = false
	zookeeper.clientCnxnSocket = null
	zookeeper.connect = 10.2.0.4:2181,10.2.0.3:2181,10.2.0.2:2181/chroot
	zookeeper.connection.timeout.ms = 60000
	zookeeper.max.in.flight.requests = 10
	zookeeper.session.timeout.ms = 18000
	zookeeper.set.acl = false
	zookeeper.ssl.cipher.suites = null
	zookeeper.ssl.client.enable = false
	zookeeper.ssl.crl.enable = false
	zookeeper.ssl.enabled.protocols = null
	zookeeper.ssl.endpoint.identification.algorithm = HTTPS
	zookeeper.ssl.keystore.location = null
	zookeeper.ssl.keystore.password = null
	zookeeper.ssl.keystore.type = null
	zookeeper.ssl.ocsp.enable = false
	zookeeper.ssl.protocol = TLSv1.2
	zookeeper.ssl.truststore.location = null
	zookeeper.ssl.truststore.password = null
	zookeeper.ssl.truststore.type = null
	zookeeper.sync.time.ms = 2000
 (kafka.server.KafkaConfig)
[2023-02-13 04:13:14,527] INFO KafkaConfig values: 
	advertised.listeners = null
	alter.config.policy.class.name = null
	alter.log.dirs.replication.quota.window.num = 11
	alter.log.dirs.replication.quota.window.size.seconds = 1
	authorizer.class.name = 
	auto.create.topics.enable = true
	auto.leader.rebalance.enable = true
	background.threads = 10
	broker.heartbeat.interval.ms = 2000
	broker.id = 0
	broker.id.generation.enable = true
	broker.rack = null
	broker.session.timeout.ms = 9000
	client.quota.callback.class = null
	compression.type = producer
	connection.failed.authentication.delay.ms = 100
	connections.max.idle.ms = 600000
	connections.max.reauth.ms = 0
	control.plane.listener.name = null
	controlled.shutdown.enable = true
	controlled.shutdown.max.retries = 3
	controlled.shutdown.retry.backoff.ms = 5000
	controller.listener.names = null
	controller.quorum.append.linger.ms = 25
	controller.quorum.election.backoff.max.ms = 1000
	controller.quorum.election.timeout.ms = 1000
	controller.quorum.fetch.timeout.ms = 2000
	controller.quorum.request.timeout.ms = 2000
	controller.quorum.retry.backoff.ms = 20
	controller.quorum.voters = []
	controller.quota.window.num = 11
	controller.quota.window.size.seconds = 1
	controller.socket.timeout.ms = 30000
	create.topic.policy.class.name = null
	default.replication.factor = 1
	delegation.token.expiry.check.interval.ms = 3600000
	delegation.token.expiry.time.ms = 86400000
	delegation.token.master.key = null
	delegation.token.max.lifetime.ms = 604800000
	delegation.token.secret.key = null
	delete.records.purgatory.purge.interval.requests = 1
	delete.topic.enable = true
	fetch.max.bytes = 57671680
	fetch.purgatory.purge.interval.requests = 1000
	group.initial.rebalance.delay.ms = 0
	group.max.session.timeout.ms = 1800000
	group.max.size = 2147483647
	group.min.session.timeout.ms = 6000
	initial.broker.registration.timeout.ms = 60000
	inter.broker.listener.name = null
	inter.broker.protocol.version = 3.0-IV1
	kafka.metrics.polling.interval.secs = 10
	kafka.metrics.reporters = []
	leader.imbalance.check.interval.seconds = 300
	leader.imbalance.per.broker.percentage = 10
	listener.security.protocol.map = PLAINTEXT:PLAINTEXT,SSL:SSL,SASL_PLAINTEXT:SASL_PLAINTEXT,SASL_SSL:SASL_SSL
	listeners = PLAINTEXT://10.2.0.4:9092
	log.cleaner.backoff.ms = 15000
	log.cleaner.dedupe.buffer.size = 134217728
	log.cleaner.delete.retention.ms = 86400000
	log.cleaner.enable = true
	log.cleaner.io.buffer.load.factor = 0.9
	log.cleaner.io.buffer.size = 524288
	log.cleaner.io.max.bytes.per.second = 1.7976931348623157E308
	log.cleaner.max.compaction.lag.ms = 9223372036854775807
	log.cleaner.min.cleanable.ratio = 0.5
	log.cleaner.min.compaction.lag.ms = 0
	log.cleaner.threads = 1
	log.cleanup.policy = [delete]
	log.dir = /tmp/kafka-logs
	log.dirs = /kafka/kafka_2.13-2.7.1/logs
	log.flush.interval.messages = 9223372036854775807
	log.flush.interval.ms = null
	log.flush.offset.checkpoint.interval.ms = 60000
	log.flush.scheduler.interval.ms = 9223372036854775807
	log.flush.start.offset.checkpoint.interval.ms = 60000
	log.index.interval.bytes = 4096
	log.index.size.max.bytes = 10485760
	log.message.downconversion.enable = true
	log.message.format.version = 3.0-IV1
	log.message.timestamp.difference.max.ms = 9223372036854775807
	log.message.timestamp.type = CreateTime
	log.preallocate = false
	log.retention.bytes = -1
	log.retention.check.interval.ms = 300000
	log.retention.hours = 168
	log.retention.minutes = null
	log.retention.ms = null
	log.roll.hours = 168
	log.roll.jitter.hours = 0
	log.roll.jitter.ms = null
	log.roll.ms = null
	log.segment.bytes = 1073741824
	log.segment.delete.delay.ms = 60000
	max.connection.creation.rate = 2147483647
	max.connections = 2147483647
	max.connections.per.ip = 2147483647
	max.connections.per.ip.overrides = 
	max.incremental.fetch.session.cache.slots = 1000
	message.max.bytes = 1048588
	metadata.log.dir = null
	metadata.log.max.record.bytes.between.snapshots = 20971520
	metadata.log.segment.bytes = 1073741824
	metadata.log.segment.min.bytes = 8388608
	metadata.log.segment.ms = 604800000
	metadata.max.retention.bytes = -1
	metadata.max.retention.ms = 604800000
	metric.reporters = []
	metrics.num.samples = 2
	metrics.recording.level = INFO
	metrics.sample.window.ms = 30000
	min.insync.replicas = 1
	node.id = -1
	num.io.threads = 8
	num.network.threads = 3
	num.partitions = 1
	num.recovery.threads.per.data.dir = 1
	num.replica.alter.log.dirs.threads = null
	num.replica.fetchers = 1
	offset.metadata.max.bytes = 4096
	offsets.commit.required.acks = -1
	offsets.commit.timeout.ms = 5000
	offsets.load.buffer.size = 5242880
	offsets.retention.check.interval.ms = 600000
	offsets.retention.minutes = 10080
	offsets.topic.compression.codec = 0
	offsets.topic.num.partitions = 50
	offsets.topic.replication.factor = 3
	offsets.topic.segment.bytes = 104857600
	password.encoder.cipher.algorithm = AES/CBC/PKCS5Padding
	password.encoder.iterations = 4096
	password.encoder.key.length = 128
	password.encoder.keyfactory.algorithm = null
	password.encoder.old.secret = null
	password.encoder.secret = null
	principal.builder.class = class org.apache.kafka.common.security.authenticator.DefaultKafkaPrincipalBuilder
	process.roles = []
	producer.purgatory.purge.interval.requests = 1000
	queued.max.request.bytes = -1
	queued.max.requests = 500
	quota.window.num = 11
	quota.window.size.seconds = 1
	remote.log.index.file.cache.total.size.bytes = 1073741824
	remote.log.manager.task.interval.ms = 30000
	remote.log.manager.task.retry.backoff.max.ms = 30000
	remote.log.manager.task.retry.backoff.ms = 500
	remote.log.manager.task.retry.jitter = 0.2
	remote.log.manager.thread.pool.size = 10
	remote.log.metadata.manager.class.name = null
	remote.log.metadata.manager.class.path = null
	remote.log.metadata.manager.impl.prefix = null
	remote.log.metadata.manager.listener.name = null
	remote.log.reader.max.pending.tasks = 100
	remote.log.reader.threads = 10
	remote.log.storage.manager.class.name = null
	remote.log.storage.manager.class.path = null
	remote.log.storage.manager.impl.prefix = null
	remote.log.storage.system.enable = false
	replica.fetch.backoff.ms = 1000
	replica.fetch.max.bytes = 1048576
	replica.fetch.min.bytes = 1
	replica.fetch.response.max.bytes = 10485760
	replica.fetch.wait.max.ms = 500
	replica.high.watermark.checkpoint.interval.ms = 5000
	replica.lag.time.max.ms = 30000
	replica.selector.class = null
	replica.socket.receive.buffer.bytes = 65536
	replica.socket.timeout.ms = 30000
	replication.quota.window.num = 11
	replication.quota.window.size.seconds = 1
	request.timeout.ms = 30000
	reserved.broker.max.id = 1000
	sasl.client.callback.handler.class = null
	sasl.enabled.mechanisms = [GSSAPI]
	sasl.jaas.config = null
	sasl.kerberos.kinit.cmd = /usr/bin/kinit
	sasl.kerberos.min.time.before.relogin = 60000
	sasl.kerberos.principal.to.local.rules = [DEFAULT]
	sasl.kerberos.service.name = null
	sasl.kerberos.ticket.renew.jitter = 0.05
	sasl.kerberos.ticket.renew.window.factor = 0.8
	sasl.login.callback.handler.class = null
	sasl.login.class = null
	sasl.login.refresh.buffer.seconds = 300
	sasl.login.refresh.min.period.seconds = 60
	sasl.login.refresh.window.factor = 0.8
	sasl.login.refresh.window.jitter = 0.05
	sasl.mechanism.controller.protocol = GSSAPI
	sasl.mechanism.inter.broker.protocol = GSSAPI
	sasl.server.callback.handler.class = null
	security.inter.broker.protocol = PLAINTEXT
	security.providers = null
	socket.connection.setup.timeout.max.ms = 30000
	socket.connection.setup.timeout.ms = 10000
	socket.receive.buffer.bytes = 102400
	socket.request.max.bytes = 104857600
	socket.send.buffer.bytes = 102400
	ssl.cipher.suites = []
	ssl.client.auth = none
	ssl.enabled.protocols = [TLSv1.2]
	ssl.endpoint.identification.algorithm = https
	ssl.engine.factory.class = null
	ssl.key.password = null
	ssl.keymanager.algorithm = SunX509
	ssl.keystore.certificate.chain = null
	ssl.keystore.key = null
	ssl.keystore.location = null
	ssl.keystore.password = null
	ssl.keystore.type = JKS
	ssl.principal.mapping.rules = DEFAULT
	ssl.protocol = TLSv1.2
	ssl.provider = null
	ssl.secure.random.implementation = null
	ssl.trustmanager.algorithm = PKIX
	ssl.truststore.certificates = null
	ssl.truststore.location = null
	ssl.truststore.password = null
	ssl.truststore.type = JKS
	transaction.abort.timed.out.transaction.cleanup.interval.ms = 10000
	transaction.max.timeout.ms = 900000
	transaction.remove.expired.transaction.cleanup.interval.ms = 3600000
	transaction.state.log.load.buffer.size = 5242880
	transaction.state.log.min.isr = 1
	transaction.state.log.num.partitions = 50
	transaction.state.log.replication.factor = 1
	transaction.state.log.segment.bytes = 104857600
	transactional.id.expiration.ms = 604800000
	unclean.leader.election.enable = false
	zookeeper.clientCnxnSocket = null
	zookeeper.connect = 10.2.0.4:2181,10.2.0.3:2181,10.2.0.2:2181/chroot
	zookeeper.connection.timeout.ms = 60000
	zookeeper.max.in.flight.requests = 10
	zookeeper.session.timeout.ms = 18000
	zookeeper.set.acl = false
	zookeeper.ssl.cipher.suites = null
	zookeeper.ssl.client.enable = false
	zookeeper.ssl.crl.enable = false
	zookeeper.ssl.enabled.protocols = null
	zookeeper.ssl.endpoint.identification.algorithm = HTTPS
	zookeeper.ssl.keystore.location = null
	zookeeper.ssl.keystore.password = null
	zookeeper.ssl.keystore.type = null
	zookeeper.ssl.ocsp.enable = false
	zookeeper.ssl.protocol = TLSv1.2
	zookeeper.ssl.truststore.location = null
	zookeeper.ssl.truststore.password = null
	zookeeper.ssl.truststore.type = null
	zookeeper.sync.time.ms = 2000
 (kafka.server.KafkaConfig)
[2023-02-13 04:13:14,547] INFO [ThrottledChannelReaper-Fetch]: Starting (kafka.server.ClientQuotaManager$ThrottledChannelReaper)
[2023-02-13 04:13:14,547] INFO [ThrottledChannelReaper-Produce]: Starting (kafka.server.ClientQuotaManager$ThrottledChannelReaper)
[2023-02-13 04:13:14,548] INFO [ThrottledChannelReaper-Request]: Starting (kafka.server.ClientQuotaManager$ThrottledChannelReaper)
[2023-02-13 04:13:14,548] INFO [ThrottledChannelReaper-ControllerMutation]: Starting (kafka.server.ClientQuotaManager$ThrottledChannelReaper)
[2023-02-13 04:13:14,557] INFO Log directory /kafka/kafka_2.13-2.7.1/logs not found, creating it. (kafka.log.LogManager)
[2023-02-13 04:13:14,572] INFO Loading logs from log dirs ArraySeq(/kafka/kafka_2.13-2.7.1/logs) (kafka.log.LogManager)
[2023-02-13 04:13:14,574] INFO Attempting recovery for all logs in /kafka/kafka_2.13-2.7.1/logs since no clean shutdown file was found (kafka.log.LogManager)
[2023-02-13 04:13:14,577] INFO Loaded 0 logs in 5ms. (kafka.log.LogManager)
[2023-02-13 04:13:14,578] INFO Starting log cleanup with a period of 300000 ms. (kafka.log.LogManager)
[2023-02-13 04:13:14,579] INFO Starting log flusher with a default period of 9223372036854775807 ms. (kafka.log.LogManager)
[2023-02-13 04:13:14,738] INFO [BrokerToControllerChannelManager broker=0 name=forwarding]: Starting (kafka.server.BrokerToControllerRequestThread)
[2023-02-13 04:13:14,799] INFO Updated connection-accept-rate max connection creation rate to 2147483647 (kafka.network.ConnectionQuotas)
[2023-02-13 04:13:14,800] INFO Awaiting socket connections on 10.2.0.4:9092. (kafka.network.Acceptor)
[2023-02-13 04:13:14,814] INFO [SocketServer listenerType=ZK_BROKER, nodeId=0] Created data-plane acceptor and processors for endpoint : ListenerName(PLAINTEXT) (kafka.network.SocketServer)
[2023-02-13 04:13:14,817] INFO [BrokerToControllerChannelManager broker=0 name=alterIsr]: Starting (kafka.server.BrokerToControllerRequestThread)
[2023-02-13 04:13:14,827] INFO [ExpirationReaper-0-Produce]: Starting (kafka.server.DelayedOperationPurgatory$ExpiredOperationReaper)
[2023-02-13 04:13:14,827] INFO [ExpirationReaper-0-Fetch]: Starting (kafka.server.DelayedOperationPurgatory$ExpiredOperationReaper)
[2023-02-13 04:13:14,827] INFO [ExpirationReaper-0-DeleteRecords]: Starting (kafka.server.DelayedOperationPurgatory$ExpiredOperationReaper)
[2023-02-13 04:13:14,827] INFO [ExpirationReaper-0-ElectLeader]: Starting (kafka.server.DelayedOperationPurgatory$ExpiredOperationReaper)
[2023-02-13 04:13:14,832] INFO [LogDirFailureHandler]: Starting (kafka.server.ReplicaManager$LogDirFailureHandler)
[2023-02-13 04:13:14,854] INFO Creating /brokers/ids/0 (is it secure? false) (kafka.zk.KafkaZkClient)
[2023-02-13 04:13:14,867] INFO Stat of the created znode at /brokers/ids/0 is: 4294967370,4294967370,1676261594860,1676261594860,1,0,0,216173226137157634,200,0,4294967370
 (kafka.zk.KafkaZkClient)
[2023-02-13 04:13:14,868] INFO Registered broker 0 at path /brokers/ids/0 with addresses: PLAINTEXT://10.2.0.4:9092, czxid (broker epoch): 4294967370 (kafka.zk.KafkaZkClient)
[2023-02-13 04:13:14,906] INFO [ExpirationReaper-0-topic]: Starting (kafka.server.DelayedOperationPurgatory$ExpiredOperationReaper)
[2023-02-13 04:13:14,914] INFO [ExpirationReaper-0-Heartbeat]: Starting (kafka.server.DelayedOperationPurgatory$ExpiredOperationReaper)
[2023-02-13 04:13:14,914] INFO [ExpirationReaper-0-Rebalance]: Starting (kafka.server.DelayedOperationPurgatory$ExpiredOperationReaper)
[2023-02-13 04:13:14,918] INFO Successfully created /controller_epoch with initial epoch 0 (kafka.zk.KafkaZkClient)
[2023-02-13 04:13:14,924] INFO [GroupCoordinator 0]: Starting up. (kafka.coordinator.group.GroupCoordinator)
[2023-02-13 04:13:14,925] INFO [GroupCoordinator 0]: Startup complete. (kafka.coordinator.group.GroupCoordinator)
[2023-02-13 04:13:14,931] INFO Feature ZK node created at path: /feature (kafka.server.FinalizedFeatureChangeListener)
[2023-02-13 04:13:14,934] INFO [TransactionCoordinator id=0] Starting up. (kafka.coordinator.transaction.TransactionCoordinator)
[2023-02-13 04:13:14,935] INFO [Transaction Marker Channel Manager 0]: Starting (kafka.coordinator.transaction.TransactionMarkerChannelManager)
[2023-02-13 04:13:14,935] INFO [TransactionCoordinator id=0] Startup complete. (kafka.coordinator.transaction.TransactionCoordinator)
[2023-02-13 04:13:14,952] INFO Updated cache from existing <empty> to latest FinalizedFeaturesAndEpoch(features=Features{}, epoch=0). (kafka.server.FinalizedFeatureCache)
[2023-02-13 04:13:14,964] INFO [ExpirationReaper-0-AlterAcls]: Starting (kafka.server.DelayedOperationPurgatory$ExpiredOperationReaper)
[2023-02-13 04:13:14,976] INFO [/config/changes-event-process-thread]: Starting (kafka.common.ZkNodeChangeNotificationListener$ChangeEventProcessThread)
[2023-02-13 04:13:14,983] INFO [SocketServer listenerType=ZK_BROKER, nodeId=0] Starting socket server acceptors and processors (kafka.network.SocketServer)
[2023-02-13 04:13:14,986] INFO [SocketServer listenerType=ZK_BROKER, nodeId=0] Started data-plane acceptor and processor(s) for endpoint : ListenerName(PLAINTEXT) (kafka.network.SocketServer)
[2023-02-13 04:13:14,986] INFO [SocketServer listenerType=ZK_BROKER, nodeId=0] Started socket server acceptors and processors (kafka.network.SocketServer)
[2023-02-13 04:13:14,989] INFO Kafka version: 3.0.0 (org.apache.kafka.common.utils.AppInfoParser)
[2023-02-13 04:13:14,990] INFO Kafka commitId: unknown (org.apache.kafka.common.utils.AppInfoParser)
[2023-02-13 04:13:14,990] INFO Kafka startTimeMs: 1676261594986 (org.apache.kafka.common.utils.AppInfoParser)
[2023-02-13 04:13:14,990] INFO [KafkaServer id=0] started (kafka.server.KafkaServer)
[2023-02-13 04:13:15,042] INFO [BrokerToControllerChannelManager broker=0 name=forwarding]: Recorded new controller, from now on will use broker 10.2.0.4:9092 (id: 0 rack: null) (kafka.server.BrokerToControllerRequestThread)
[2023-02-13 04:13:15,118] INFO [BrokerToControllerChannelManager broker=0 name=alterIsr]: Recorded new controller, from now on will use broker 10.2.0.4:9092 (id: 0 rack: null) (kafka.server.BrokerToControllerRequestThread)
[2023-02-13 04:13:18,862] WARN Session 0x300006761db0002 for sever redit_sample-kafka_server3_1676261573.redit_sample-kafka_1676261572/10.2.0.2:2181, Closing socket connection. Attempting reconnect except it is a SessionExpiredException. (org.apache.zookeeper.ClientCnxn)
EndOfStreamException: Unable to read additional data from server sessionid 0x300006761db0002, likely server has closed socket
	at org.apache.zookeeper.ClientCnxnSocketNIO.doIO(ClientCnxnSocketNIO.java:77)
	at org.apache.zookeeper.ClientCnxnSocketNIO.doTransport(ClientCnxnSocketNIO.java:350)
	at org.apache.zookeeper.ClientCnxn$SendThread.run(ClientCnxn.java:1290)
[2023-02-13 04:13:19,085] INFO Opening socket connection to server redit_sample-kafka_server2_1676261573.redit_sample-kafka_1676261572/10.2.0.3:2181. (org.apache.zookeeper.ClientCnxn)
[2023-02-13 04:13:19,085] INFO SASL config status: Will not attempt to authenticate using SASL (unknown error) (org.apache.zookeeper.ClientCnxn)
[2023-02-13 04:13:19,086] INFO Socket connection established, initiating session, client: /10.2.0.4:42944, server: redit_sample-kafka_server2_1676261573.redit_sample-kafka_1676261572/10.2.0.3:2181 (org.apache.zookeeper.ClientCnxn)
[2023-02-13 04:13:19,087] WARN Session 0x300006761db0002 for sever redit_sample-kafka_server2_1676261573.redit_sample-kafka_1676261572/10.2.0.3:2181, Closing socket connection. Attempting reconnect except it is a SessionExpiredException. (org.apache.zookeeper.ClientCnxn)
EndOfStreamException: Unable to read additional data from server sessionid 0x300006761db0002, likely server has closed socket
	at org.apache.zookeeper.ClientCnxnSocketNIO.doIO(ClientCnxnSocketNIO.java:77)
	at org.apache.zookeeper.ClientCnxnSocketNIO.doTransport(ClientCnxnSocketNIO.java:350)
	at org.apache.zookeeper.ClientCnxn$SendThread.run(ClientCnxn.java:1290)
