18:05:20.766 [main] INFO  io.redit.execution.RuntimeEngine - Waiting for event t1 ...
18:05:20.821 [main] INFO  i.redit.samples.hdfs14987.SampleTest - set ErasureCoding Policy: XOR-2-1-1024k on /test_ec
18:05:20.935 [main] INFO  io.redit.execution.RuntimeEngine - Sending test case event t1 ...
18:05:21.190 [qtp889729797-23] INFO  io.redit.execution.EventService - Event t1 received!
18:05:21.191 [main] INFO  io.redit.execution.RuntimeEngine - Waiting for event t2 ...
18:05:21.192 [main] INFO  i.redit.samples.hdfs14987.SampleTest - put aa.txt into HDFS ...
18:05:23.692 [main] INFO  io.redit.execution.RuntimeEngine - Sending test case event t2 ...
18:05:23.697 [qtp889729797-53] INFO  io.redit.execution.EventService - Event t2 received!
18:05:23.697 [main] INFO  io.redit.execution.RuntimeEngine - Waiting for event t3 ...
18:05:23.726 [main] WARN  o.a.h.i.e.ErasureCodeNative - ISA-L support is not available in your platform... using builtin-java codec where applicable
18:05:23.727 [main] INFO  i.redit.samples.hdfs14987.SampleTest - /test_ec/aa.txt get blockId:-9223372036854775792
18:05:23.729 [main] INFO  i.redit.samples.hdfs14987.SampleTest - /test_replica/aa.txt get blockId:1073741825
18:05:23.729 [main] INFO  io.redit.execution.RuntimeEngine - Sending test case event t3 ...
18:05:23.733 [qtp889729797-22] INFO  io.redit.execution.EventService - Event t3 received!
18:05:23.733 [main] INFO  io.redit.execution.RuntimeEngine - Waiting for event t4 ...
18:05:24.600 [main] INFO  i.redit.samples.hdfs14987.SampleTest - nn1: /hadoop/hadoop-3.1.2/bin/hdfs fsck /test_ec/aa.txt -blockId blk_-9223372036854775792
18:05:24.600 [main] INFO  i.redit.samples.hdfs14987.SampleTest - FSCK started by root (auth:SIMPLE) from /10.2.0.2 at Mon Dec 19 10:05:24 UTC 2022

Block Id: blk_-9223372036854775792
Block belongs to: /test_ec/aa.txt
No. of Expected Replica: 2
No. of live Replica: 2
No. of excess Replica: 0
No. of stale Replica: 2
No. of decommissioned Replica: 0
No. of decommissioning Replica: 0
No. of corrupted Replica: 0
null


Fsck on blockId 'blk_-9223372036854775792

18:05:25.477 [main] INFO  i.redit.samples.hdfs14987.SampleTest - nn1: /hadoop/hadoop-3.1.2/bin/hdfs fsck /test_replica/aa.txt -blockId blk_1073741825
18:05:25.477 [main] INFO  i.redit.samples.hdfs14987.SampleTest - FSCK started by root (auth:SIMPLE) from /10.2.0.2 at Mon Dec 19 10:05:25 UTC 2022

Block Id: blk_1073741825
Block belongs to: /test_replica/aa.txt
No. of Expected Replica: 3
No. of live Replica: 3
No. of excess Replica: 0
No. of stale Replica: 3
No. of decommissioned Replica: 0
No. of decommissioning Replica: 0
No. of corrupted Replica: 0
Block replica on datanode/rack: dn1/default-rack is HEALTHY
Block replica on datanode/rack: dn3/default-rack is HEALTHY
Block replica on datanode/rack: dn2/default-rack is HEALTHY

18:05:25.477 [main] INFO  io.redit.execution.RuntimeEngine - Sending test case event t4 ...
18:05:25.483 [qtp889729797-59] INFO  io.redit.execution.EventService - Event t4 received!
18:05:25.483 [main] INFO  io.redit.execution.RuntimeEngine - The run sequence is completed!
18:05:25.483 [main] INFO  i.redit.samples.hdfs14987.SampleTest - completed !!!
