10:55:01.646 [main] INFO  io.redit.execution.RuntimeEngine - Waiting for event E1 ...
10:55:01.868 [main] INFO  io.redit.execution.RuntimeEngine - Sending test case event E1 ...
10:55:02.872 [qtp632587706-16] INFO  io.redit.execution.EventService - Event E1 received!
10:55:02.873 [main] INFO  io.redit.execution.RuntimeEngine - Waiting for event E2 ...

java.lang.RuntimeException: org.apache.rocketmq.client.exception.MQClientException: consumeThreadMin (20) is larger than consumeThreadMax (19)
For more information, please visit the url, http://rocketmq.apache.org/docs/faq/

	at io.redit.samples.rocketmq189.SampleTest.lambda$testMisleadingTipOnConsumeTimestamp$2(SampleTest.java:98)
	at io.redit.execution.RuntimeEngine.enforceOrder(RuntimeEngine.java:317)
	at io.redit.execution.RuntimeEngine.enforceOrder(RuntimeEngine.java:300)
	at io.redit.samples.rocketmq189.SampleTest.testMisleadingTipOnConsumeTimestamp(SampleTest.java:72)
	at sun.reflect.NativeMethodAccessorImpl.invoke0(Native Method)
	at sun.reflect.NativeMethodAccessorImpl.invoke(NativeMethodAccessorImpl.java:62)
	at sun.reflect.DelegatingMethodAccessorImpl.invoke(DelegatingMethodAccessorImpl.java:43)
	at java.lang.reflect.Method.invoke(Method.java:498)
	at org.junit.runners.model.FrameworkMethod$1.runReflectiveCall(FrameworkMethod.java:50)
	at org.junit.internal.runners.model.ReflectiveCallable.run(ReflectiveCallable.java:12)
	at org.junit.runners.model.FrameworkMethod.invokeExplosively(FrameworkMethod.java:47)
	at org.junit.internal.runners.statements.InvokeMethod.evaluate(InvokeMethod.java:17)
	at org.junit.runners.ParentRunner.runLeaf(ParentRunner.java:325)
	at org.junit.runners.BlockJUnit4ClassRunner.runChild(BlockJUnit4ClassRunner.java:78)
	at org.junit.runners.BlockJUnit4ClassRunner.runChild(BlockJUnit4ClassRunner.java:57)
	at org.junit.runners.ParentRunner$3.run(ParentRunner.java:290)
	at org.junit.runners.ParentRunner$1.schedule(ParentRunner.java:71)
	at org.junit.runners.ParentRunner.runChildren(ParentRunner.java:288)
	at org.junit.runners.ParentRunner.access$000(ParentRunner.java:58)
	at org.junit.runners.ParentRunner$2.evaluate(ParentRunner.java:268)
	at org.junit.internal.runners.statements.RunBefores.evaluate(RunBefores.java:26)
	at org.junit.internal.runners.statements.RunAfters.evaluate(RunAfters.java:27)
	at org.junit.runners.ParentRunner.run(ParentRunner.java:363)
	at org.junit.runner.JUnitCore.run(JUnitCore.java:137)
	at com.intellij.junit4.JUnit4IdeaTestRunner.startRunnerWithArgs(JUnit4IdeaTestRunner.java:69)
	at com.intellij.rt.junit.IdeaTestRunner$Repeater.startRunnerWithArgs(IdeaTestRunner.java:33)
	at com.intellij.rt.junit.JUnitStarter.prepareStreamsAndStart(JUnitStarter.java:220)
	at com.intellij.rt.junit.JUnitStarter.main(JUnitStarter.java:53)
Caused by: org.apache.rocketmq.client.exception.MQClientException: consumeThreadMin (20) is larger than consumeThreadMax (19)
For more information, please visit the url, http://rocketmq.apache.org/docs/faq/
	at org.apache.rocketmq.client.impl.consumer.DefaultMQPushConsumerImpl.checkConfig(DefaultMQPushConsumerImpl.java:720)
	at org.apache.rocketmq.client.impl.consumer.DefaultMQPushConsumerImpl.start(DefaultMQPushConsumerImpl.java:547)
	at org.apache.rocketmq.client.consumer.DefaultMQPushConsumer.start(DefaultMQPushConsumer.java:456)
	at io.redit.samples.rocketmq189.SampleTest.lambda$testMisleadingTipOnConsumeTimestamp$2(SampleTest.java:96)
	... 27 more

